#
# A fatal error has been detected by the Java Runtime Environment:
#
#  SIGSEGV (0xb) at pc=0x00007fff41d69c0e, pid=7249, tid=0x0000000000016527
#
# JRE version: Java(TM) SE Runtime Environment (8.0_161-b12) (build 1.8.0_161-b12)
# Java VM: Java HotSpot(TM) 64-Bit Server VM (25.161-b12 mixed mode bsd-amd64 compressed oops)
# Problematic frame:
# C  [CoreFoundation+0x68c0e]  CFArrayCreateCopy+0x1e
#
# Failed to write core dump. Core dumps have been disabled. To enable core dumping, try "ulimit -c unlimited" before starting Java again
#
# If you would like to submit a bug report, please visit:
#   http://bugreport.java.com/bugreport/crash.jsp
#

---------------  T H R E A D  ---------------

Current thread is native thread

siginfo: si_signo: 11 (SIGSEGV), si_code: 1 (SEGV_MAPERR), si_addr: 0x0000000000000000

Registers:
RAX=0x0000000000000013, RBX=0x0000000000000000, RCX=0x00007fff9c8a06f0, RDX=0x0000000000000012
RSP=0x000070000d3d6830, RBP=0x000070000d3d6850, RSI=0x0000000000000000, RDI=0x0000000000000000
R8 =0x00000000001092b1, R9 =0x00007f9d0ef92de8, R10=0x0000003000000000, R11=0x0060000000000000
R12=0x00007f9d0ef95580, R13=0x00007f9d13b6dc20, R14=0x0000000000000000, R15=0x000070000d3d6878
RIP=0x00007fff41d69c0e, EFLAGS=0x0000000000010246, ERR=0x0000000000000004
  TRAPNO=0x000000000000000e

Top of Stack: (sp=0x000070000d3d6830)
0x000070000d3d6830:   00007fff41efbc30 0000000000000000
0x000070000d3d6840:   00007f9d13b6dc00 000070000d3d6878
0x000070000d3d6850:   000070000d3d68c0 00007fff45dc08b6
0x000070000d3d6860:   0000000000000000 0000000104fb9080
0x000070000d3d6870:   000070000d3d6900 0000000000000000
0x000070000d3d6880:   0000000000000000 0000000100000000
0x000070000d3d6890:   0000000000000000 0000000000000000
0x000070000d3d68a0:   00007fff9c10a288 00007f9d13b6dc00
0x000070000d3d68b0:   00007f9d0efc79d0 00007f9d13b6dc00
0x000070000d3d68c0:   000070000d3d6920 00007fff45dc0376
0x000070000d3d68d0:   0000000104fbba00 0000000000000000
0x000070000d3d68e0:   000001e40000035c 00007f9d13b6dc20
0x000070000d3d68f0:   000070000d3d6920 00007f9d13b6dc20
0x000070000d3d6900:   00007fff9c10a288 00007f9d13b6dc00
0x000070000d3d6910:   0000000000000000 00007fff9c10a278
0x000070000d3d6920:   000070000d3d6a60 00007fff45df167f
0x000070000d3d6930:   00007f9d1197cbe0 00007f9d119fc080
0x000070000d3d6940:   ffff8062ee6833e0 0000000000000020
0x000070000d3d6950:   0000000000000002 00007f9d1197cbe0
0x000070000d3d6960:   0000000104fb9080 0000000104fb9080
0x000070000d3d6970:   000070000d3d6a00 00007f9d0ef95560
0x000070000d3d6980:   0000000104fbba00 0000000000000000
0x000070000d3d6990:   00007f9d1197cc00 00007f9d119fc080
0x000070000d3d69a0:   0000000000000002 0000000000000020
0x000070000d3d69b0:   0000000000000002 00007f9d1197cbe0
0x000070000d3d69c0:   0000000104fb9080 00007f9d0ef95580
0x000070000d3d69d0:   00007f9d13b6dc00 00007f9d13b6dc20
0x000070000d3d69e0:   0000000104fbba00 0000000000000004
0x000070000d3d69f0:   000070000d3d6a10 00007fff460c489e
0x000070000d3d6a00:   00007f9d0ee8e0e0 00007f9d08b29440
0x000070000d3d6a10:   000070000d3d6a30 00007fff6965fd50
0x000070000d3d6a20:   00007f9d0ee8e0e0 00007f9d08b29440 

Instructions: (pc=0x00007fff41d69c0e)
0x00007fff41d69bee:   00 00 55 48 89 e5 41 57 41 56 53 50 48 89 f3 49
0x00007fff41d69bfe:   89 fe e8 cb ba f9 ff f6 c3 01 0f 85 ac 00 00 00
0x00007fff41d69c0e:   48 8b 0b 48 85 c9 74 41 48 8d 15 ab 2f 3a 5a 48
0x00007fff41d69c1e:   3b 0a 74 35 48 3d ff 03 00 00 77 12 48 8d 15 1f 

Register to memory mapping:

RAX=0x0000000000000013 is an unknown value
RBX=0x0000000000000000 is an unknown value
RCX=0x00007fff9c8a06f0: kFigStreamingCachePersistentStoreDataItemCategory_ChapterArtwork+0xb510 in /System/Library/Frameworks/MediaToolbox.framework/Versions/A/MediaToolbox at 0x00007fff45cf1000
RDX=0x0000000000000012 is an unknown value
RSP=0x000070000d3d6830 is an unknown value
RBP=0x000070000d3d6850 is an unknown value
RSI=0x0000000000000000 is an unknown value
RDI=0x0000000000000000 is an unknown value
R8 =0x00000000001092b1 is an unknown value
R9 =0x00007f9d0ef92de8 is an unknown value
R10=0x0000003000000000 is an unknown value
R11=0x0060000000000000 is an unknown value
R12=0x00007f9d0ef95580 is an unknown value
R13=0x00007f9d13b6dc20 is an unknown value
R14=0x0000000000000000 is an unknown value
R15=0x000070000d3d6878 is an unknown value


Stack: [0x000070000d357000,0x000070000d3d7000],  sp=0x000070000d3d6830,  free space=510k
Native frames: (J=compiled Java code, j=interpreted, Vv=VM code, C=native code)
C  [CoreFoundation+0x68c0e]  CFArrayCreateCopy+0x1e
C  [MediaToolbox+0xcf8b6]  FigPlayerStreamCreate+0x2a57a
C  [MediaToolbox+0xcf376]  FigPlayerStreamCreate+0x2a03a
C  [MediaToolbox+0x10067f]  FigPlayerStreamCreate+0x5b343
C  [MediaToolbox+0x3d3684]  FigPlayerSurrogateCreate+0x4c59
C  [MediaToolbox+0x233dbe]  FigPlayerAirPlayCreate+0x11dee
C  [MediaToolbox+0x110dfe]  FigPlayerAsyncCreateWithEngineTopology+0x1613
C  [MediaToolbox+0x114e90]  FigPlayerAsyncCreateWithEngineTopology+0x56a5
C  [libdispatch.dylib+0x1d50]  _dispatch_client_callout+0x8
C  [libdispatch.dylib+0x1620c]  _dispatch_queue_serial_drain+0x27b
C  [libdispatch.dylib+0x90fd]  _dispatch_queue_invoke+0x175
C  [libdispatch.dylib+0x3941]  _dispatch_root_queue_drain+0x203
C  [libdispatch.dylib+0x4d9e]  _dispatch_worker_thread+0xaf
C  [libsystem_pthread.dylib+0x36c1]  _pthread_body+0x154
C  [libsystem_pthread.dylib+0x356d]  _pthread_body+0x0
C  [libsystem_pthread.dylib+0x2c5d]  thread_start+0xd


---------------  P R O C E S S  ---------------

VM state:not at safepoint (normal execution)

VM Mutex/Monitor currently owned by a thread: None

Heap:
 PSYoungGen      total 270848K, used 197049K [0x000000076ab00000, 0x000000078c780000, 0x00000007c0000000)
  eden space 246784K, 79% used [0x000000076ab00000,0x0000000776b6e790,0x0000000779c00000)
  from space 24064K, 0% used [0x0000000779c00000,0x0000000779c00000,0x000000077b380000)
  to   space 41472K, 0% used [0x0000000789f00000,0x0000000789f00000,0x000000078c780000)
 ParOldGen       total 146432K, used 48245K [0x00000006c0000000, 0x00000006c8f00000, 0x000000076ab00000)
  object space 146432K, 32% used [0x00000006c0000000,0x00000006c2f1d7a0,0x00000006c8f00000)
 Metaspace       used 27495K, capacity 28656K, committed 28928K, reserved 1075200K
  class space    used 3481K, capacity 3764K, committed 3840K, reserved 1048576K

Card table byte_map: [0x0000000107438000,0x0000000107c39000] byte_map_base: 0x0000000103e38000

Marking Bits: (ParMarkBitMap*) 0x00000001068f76c0
 Begin Bits: [0x0000000117699000, 0x000000011b699000)
 End Bits:   [0x000000011b699000, 0x000000011f699000)

Polling page: 0x0000000104feb000

CodeCache: size=245760Kb used=16536Kb max_used=16554Kb free=229223Kb
 bounds [0x0000000108143000, 0x0000000109193000, 0x0000000117143000]
 total_blobs=5881 nmethods=5038 adapters=755
 compilation: enabled

Compilation events (10 events):
Event: 32.616 Thread 0x00007f9d0b000000 5833       3       com.sun.crypto.provider.CipherCore::getKeyBytes (61 bytes)
Event: 32.616 Thread 0x00007f9d0b000000 nmethod 5833 0x00000001083c0d50 code [0x00000001083c0f40, 0x00000001083c15b8]
Event: 32.616 Thread 0x00007f9d0b000000 5834       3       javax.crypto.Cipher::checkCryptoPerm (56 bytes)
Event: 32.616 Thread 0x00007f9d0b000000 nmethod 5834 0x000000010917aad0 code [0x000000010917ac80, 0x000000010917b118]
Event: 32.617 Thread 0x00007f9d0b000000 5829       3       javax.crypto.spec.GCMParameterSpec::init (72 bytes)
Event: 32.617 Thread 0x00007f9d0b000000 nmethod 5829 0x000000010917a210 code [0x000000010917a3c0, 0x000000010917a908]
Event: 32.891 Thread 0x00007f9d0b000000 5835       3       com.sun.javafx.geom.RoundRectIterator::<init> (110 bytes)
Event: 32.891 Thread 0x00007f9d0b000000 nmethod 5835 0x0000000109179950 code [0x0000000109179b00, 0x000000010917a058]
Event: 32.925 Thread 0x00007f9d07851000 5836 %     4       com.sun.prism.impl.BaseResourcePool::freeDisposalRequestedAndCheckResources @ 13 (156 bytes)
Event: 32.929 Thread 0x00007f9d07851000 nmethod 5836% 0x00000001086f2f10 code [0x00000001086f30a0, 0x00000001086f3428]

GC Heap History (10 events):
Event: 3.047 GC heap before
{Heap before GC invocations=5 (full 0):
 PSYoungGen      total 141824K, used 86458K [0x000000076ab00000, 0x0000000774000000, 0x00000007c0000000)
  eden space 131072K, 61% used [0x000000076ab00000,0x000000076f9444c0,0x0000000772b00000)
  from space 10752K, 58% used [0x0000000773580000,0x0000000773baa728,0x0000000774000000)
  to   space 10752K, 0% used [0x0000000772b00000,0x0000000772b00000,0x0000000773580000)
 ParOldGen       total 175104K, used 40K [0x00000006c0000000, 0x00000006cab00000, 0x000000076ab00000)
  object space 175104K, 0% used [0x00000006c0000000,0x00000006c000a000,0x00000006cab00000)
 Metaspace       used 20348K, capacity 21074K, committed 21248K, reserved 1067008K
  class space    used 2761K, capacity 2955K, committed 3072K, reserved 1048576K
Event: 3.052 GC heap after
Heap after GC invocations=5 (full 0):
 PSYoungGen      total 141824K, used 8387K [0x000000076ab00000, 0x000000077bc00000, 0x00000007c0000000)
  eden space 131072K, 0% used [0x000000076ab00000,0x000000076ab00000,0x0000000772b00000)
  from space 10752K, 78% used [0x0000000772b00000,0x0000000773330e28,0x0000000773580000)
  to   space 8704K, 0% used [0x000000077b380000,0x000000077b380000,0x000000077bc00000)
 ParOldGen       total 175104K, used 48K [0x00000006c0000000, 0x00000006cab00000, 0x000000076ab00000)
  object space 175104K, 0% used [0x00000006c0000000,0x00000006c000c000,0x00000006cab00000)
 Metaspace       used 20348K, capacity 21074K, committed 21248K, reserved 1067008K
  class space    used 2761K, capacity 2955K, committed 3072K, reserved 1048576K
}
Event: 3.052 GC heap before
{Heap before GC invocations=6 (full 1):
 PSYoungGen      total 141824K, used 8387K [0x000000076ab00000, 0x000000077bc00000, 0x00000007c0000000)
  eden space 131072K, 0% used [0x000000076ab00000,0x000000076ab00000,0x0000000772b00000)
  from space 10752K, 78% used [0x0000000772b00000,0x0000000773330e28,0x0000000773580000)
  to   space 8704K, 0% used [0x000000077b380000,0x000000077b380000,0x000000077bc00000)
 ParOldGen       total 175104K, used 48K [0x00000006c0000000, 0x00000006cab00000, 0x000000076ab00000)
  object space 175104K, 0% used [0x00000006c0000000,0x00000006c000c000,0x00000006cab00000)
 Metaspace       used 20348K, capacity 21074K, committed 21248K, reserved 1067008K
  class space    used 2761K, capacity 2955K, committed 3072K, reserved 1048576K
Event: 3.076 GC heap after
Heap after GC invocations=6 (full 1):
 PSYoungGen      total 141824K, used 0K [0x000000076ab00000, 0x000000077bc00000, 0x00000007c0000000)
  eden space 131072K, 0% used [0x000000076ab00000,0x000000076ab00000,0x0000000772b00000)
  from space 10752K, 0% used [0x0000000772b00000,0x0000000772b00000,0x0000000773580000)
  to   space 8704K, 0% used [0x000000077b380000,0x000000077b380000,0x000000077bc00000)
 ParOldGen       total 77824K, used 8167K [0x00000006c0000000, 0x00000006c4c00000, 0x000000076ab00000)
  object space 77824K, 10% used [0x00000006c0000000,0x00000006c07f9d08,0x00000006c4c00000)
 Metaspace       used 20348K, capacity 21074K, committed 21248K, reserved 1067008K
  class space    used 2761K, capacity 2955K, committed 3072K, reserved 1048576K
}
Event: 17.740 GC heap before
{Heap before GC invocations=7 (full 1):
 PSYoungGen      total 141824K, used 131072K [0x000000076ab00000, 0x000000077bc00000, 0x00000007c0000000)
  eden space 131072K, 100% used [0x000000076ab00000,0x0000000772b00000,0x0000000772b00000)
  from space 10752K, 0% used [0x0000000772b00000,0x0000000772b00000,0x0000000773580000)
  to   space 8704K, 0% used [0x000000077b380000,0x000000077b380000,0x000000077bc00000)
 ParOldGen       total 77824K, used 8167K [0x00000006c0000000, 0x00000006c4c00000, 0x000000076ab00000)
  object space 77824K, 10% used [0x00000006c0000000,0x00000006c07f9d08,0x00000006c4c00000)
 Metaspace       used 25878K, capacity 26896K, committed 27008K, reserved 1073152K
  class space    used 3379K, capacity 3646K, committed 3712K, reserved 1048576K
Event: 17.752 GC heap after
Heap after GC invocations=7 (full 1):
 PSYoungGen      total 255488K, used 8692K [0x000000076ab00000, 0x000000077d100000, 0x00000007c0000000)
  eden space 246784K, 0% used [0x000000076ab00000,0x000000076ab00000,0x0000000779c00000)
  from space 8704K, 99% used [0x000000077b380000,0x000000077bbfd180,0x000000077bc00000)
  to   space 24064K, 0% used [0x0000000779c00000,0x0000000779c00000,0x000000077b380000)
 ParOldGen       total 77824K, used 34340K [0x00000006c0000000, 0x00000006c4c00000, 0x000000076ab00000)
  object space 77824K, 44% used [0x00000006c0000000,0x00000006c2189328,0x00000006c4c00000)
 Metaspace       used 25878K, capacity 26896K, committed 27008K, reserved 1073152K
  class space    used 3379K, capacity 3646K, committed 3712K, reserved 1048576K
}
Event: 22.458 GC heap before
{Heap before GC invocations=8 (full 1):
 PSYoungGen      total 255488K, used 255476K [0x000000076ab00000, 0x000000077d100000, 0x00000007c0000000)
  eden space 246784K, 100% used [0x000000076ab00000,0x0000000779c00000,0x0000000779c00000)
  from space 8704K, 99% used [0x000000077b380000,0x000000077bbfd180,0x000000077bc00000)
  to   space 24064K, 0% used [0x0000000779c00000,0x0000000779c00000,0x000000077b380000)
 ParOldGen       total 77824K, used 34344K [0x00000006c0000000, 0x00000006c4c00000, 0x000000076ab00000)
  object space 77824K, 44% used [0x00000006c0000000,0x00000006c218a338,0x00000006c4c00000)
 Metaspace       used 26730K, capacity 27868K, committed 28032K, reserved 1073152K
  class space    used 3422K, capacity 3684K, committed 3712K, reserved 1048576K
Event: 22.475 GC heap after
Heap after GC invocations=8 (full 1):
 PSYoungGen      total 270848K, used 24048K [0x000000076ab00000, 0x000000078c780000, 0x00000007c0000000)
  eden space 246784K, 0% used [0x000000076ab00000,0x000000076ab00000,0x0000000779c00000)
  from space 24064K, 99% used [0x0000000779c00000,0x000000077b37c238,0x000000077b380000)
  to   space 41472K, 0% used [0x0000000789f00000,0x0000000789f00000,0x000000078c780000)
 ParOldGen       total 77824K, used 59826K [0x00000006c0000000, 0x00000006c4c00000, 0x000000076ab00000)
  object space 77824K, 76% used [0x00000006c0000000,0x00000006c3a6caa8,0x00000006c4c00000)
 Metaspace       used 26730K, capacity 27868K, committed 28032K, reserved 1073152K
  class space    used 3422K, capacity 3684K, committed 3712K, reserved 1048576K
}
Event: 22.475 GC heap before
{Heap before GC invocations=9 (full 2):
 PSYoungGen      total 270848K, used 24048K [0x000000076ab00000, 0x000000078c780000, 0x00000007c0000000)
  eden space 246784K, 0% used [0x000000076ab00000,0x000000076ab00000,0x0000000779c00000)
  from space 24064K, 99% used [0x0000000779c00000,0x000000077b37c238,0x000000077b380000)
  to   space 41472K, 0% used [0x0000000789f00000,0x0000000789f00000,0x000000078c780000)
 ParOldGen       total 77824K, used 59826K [0x00000006c0000000, 0x00000006c4c00000, 0x000000076ab00000)
  object space 77824K, 76% used [0x00000006c0000000,0x00000006c3a6caa8,0x00000006c4c00000)
 Metaspace       used 26730K, capacity 27868K, committed 28032K, reserved 1073152K
  class space    used 3422K, capacity 3684K, committed 3712K, reserved 1048576K
Event: 22.517 GC heap after
Heap after GC invocations=9 (full 2):
 PSYoungGen      total 270848K, used 0K [0x000000076ab00000, 0x000000078c780000, 0x00000007c0000000)
  eden space 246784K, 0% used [0x000000076ab00000,0x000000076ab00000,0x0000000779c00000)
  from space 24064K, 0% used [0x0000000779c00000,0x0000000779c00000,0x000000077b380000)
  to   space 41472K, 0% used [0x0000000789f00000,0x0000000789f00000,0x000000078c780000)
 ParOldGen       total 146432K, used 48245K [0x00000006c0000000, 0x00000006c8f00000, 0x000000076ab00000)
  object space 146432K, 32% used [0x00000006c0000000,0x00000006c2f1d7a0,0x00000006c8f00000)
 Metaspace       used 26726K, capacity 27862K, committed 28032K, reserved 1073152K
  class space    used 3422K, capacity 3683K, committed 3712K, reserved 1048576K
}

Deoptimization events (10 events):
Event: 28.324 Thread 0x00007f9d0a860000 Uncommon trap: reason=unstable_if action=reinterpret pc=0x0000000108961f9c method=com.sun.prism.impl.ps.BaseShaderGraphics.fillRect(FFFF)V @ 10
Event: 29.141 Thread 0x00007f9d0a860000 Uncommon trap: reason=unstable_if action=reinterpret pc=0x0000000108a3cd10 method=com.sun.javafx.geom.transform.AffineBase.updateState2D()V @ 6
Event: 29.141 Thread 0x00007f9d0a860000 Uncommon trap: reason=unstable_if action=reinterpret pc=0x0000000108ad3d04 method=com.sun.javafx.geom.transform.AffineBase.updateState2D()V @ 6
Event: 29.141 Thread 0x00007f9d0a860000 Uncommon trap: reason=unstable_if action=reinterpret pc=0x0000000108efcbb8 method=com.sun.javafx.webkit.prism.WCGraphicsPrismContext.setClip(Lcom/sun/javafx/geom/Rectangle;)V @ 14
Event: 29.141 Thread 0x00007f9d0a860000 Uncommon trap: reason=unstable_if action=reinterpret pc=0x0000000108a431f8 method=com.sun.javafx.geom.transform.AffineBase.updateState2D()V @ 6
Event: 29.141 Thread 0x00007f9d0a860000 Uncommon trap: reason=unstable_if action=reinterpret pc=0x0000000108aaba7c method=com.sun.javafx.geom.transform.AffineBase.updateState2D()V @ 6
Event: 29.142 Thread 0x00007f9d0a860000 Uncommon trap: reason=unstable_if action=reinterpret pc=0x0000000108b0f7e0 method=com.sun.javafx.geom.transform.AffineBase.updateState2D()V @ 6
Event: 29.157 Thread 0x00007f9d0a860000 Uncommon trap: reason=unstable_if action=reinterpret pc=0x0000000108a26928 method=com.sun.javafx.geom.transform.AffineBase.updateState2D()V @ 6
Event: 30.382 Thread 0x00007f9d078b1000 Uncommon trap: reason=unstable_if action=reinterpret pc=0x0000000108432024 method=java.io.BufferedInputStream.read1([BII)I @ 60
Event: 30.667 Thread 0x00007f9d078b1000 Uncommon trap: reason=unstable_if action=reinterpret pc=0x0000000108e20e34 method=sun.net.www.MessageHeader.mergeHeader(Ljava/io/InputStream;)V @ 265

Classes redefined (0 events):
No events

Internal exceptions (10 events):
Event: 17.475 Thread 0x00007f9d0946e000 Exception <a 'sun/nio/fs/UnixException'> (0x00000007711f0c70) thrown at [/Users/java_re/workspace/8-2-build-macosx-x86_64/jdk8u161/10277/hotspot/src/share/vm/prims/jni.cpp, line 709]
Event: 17.476 Thread 0x00007f9d09a20800 Exception <a 'java/io/FileNotFoundException'> (0x00000007711b79f0) thrown at [/Users/java_re/workspace/8-2-build-macosx-x86_64/jdk8u161/10277/hotspot/src/share/vm/prims/jni.cpp, line 709]
Event: 17.512 Thread 0x00007f9d09a20800 Exception <a 'java/io/FileNotFoundException'> (0x000000077137ce10) thrown at [/Users/java_re/workspace/8-2-build-macosx-x86_64/jdk8u161/10277/hotspot/src/share/vm/prims/jni.cpp, line 709]
Event: 17.512 Thread 0x00007f9d09a20800 Exception <a 'java/io/FileNotFoundException'> (0x000000077137d948) thrown at [/Users/java_re/workspace/8-2-build-macosx-x86_64/jdk8u161/10277/hotspot/src/share/vm/prims/jni.cpp, line 709]
Event: 19.040 Thread 0x00007f9d0946e000 Exception <a 'sun/nio/fs/UnixException'> (0x000000076e333b80) thrown at [/Users/java_re/workspace/8-2-build-macosx-x86_64/jdk8u161/10277/hotspot/src/share/vm/prims/jni.cpp, line 709]
Event: 22.535 Thread 0x00007f9d0a860000 Implicit null exception at 0x0000000108b762ec to 0x0000000108b76331
Event: 23.210 Thread 0x00007f9d0946e000 Exception <a 'sun/nio/fs/UnixException'> (0x0000000771046630) thrown at [/Users/java_re/workspace/8-2-build-macosx-x86_64/jdk8u161/10277/hotspot/src/share/vm/prims/jni.cpp, line 709]
Event: 23.300 Thread 0x00007f9d0946e000 Exception <a 'sun/nio/fs/UnixException'> (0x0000000771047860) thrown at [/Users/java_re/workspace/8-2-build-macosx-x86_64/jdk8u161/10277/hotspot/src/share/vm/prims/jni.cpp, line 709]
Event: 24.224 Thread 0x00007f9d0946e000 Exception <a 'sun/nio/fs/UnixException'> (0x0000000771048ac8) thrown at [/Users/java_re/workspace/8-2-build-macosx-x86_64/jdk8u161/10277/hotspot/src/share/vm/prims/jni.cpp, line 709]
Event: 24.595 Thread 0x00007f9d09a20800 Exception <a 'java/lang/ArrayIndexOutOfBoundsException': 4096> (0x0000000774604c10) thrown at [/Users/java_re/workspace/8-2-build-macosx-x86_64/jdk8u161/10277/hotspot/src/share/vm/interpreter/interpreterRuntime.cpp, line 366]

Events (10 events):
Event: 32.891 Thread 0x00007f9d0b000000 flushing nmethod 0x00000001086f2a10
Event: 32.929 Thread 0x00007f9d07851000 flushing nmethod 0x00000001087e9390
Event: 32.989 loading class com/sun/media/jfxmedia/track/Track$Encoding
Event: 32.989 loading class com/sun/media/jfxmedia/track/Track$Encoding done
Event: 32.989 Executing VM operation: RevokeBias
Event: 32.989 Executing VM operation: RevokeBias done
Event: 32.989 loading class com/sun/media/jfxmedia/track/VideoResolution
Event: 32.989 loading class com/sun/media/jfxmedia/track/VideoResolution done
Event: 33.040 Thread 0x00007f9d131f2000 Thread added: 0x00007f9d131f2000
Event: 33.040 Thread 0x00007f9d131f2000 Thread exited: 0x00007f9d131f2000


Dynamic libraries:
0x000000001a359000 	/System/Library/Frameworks/Cocoa.framework/Versions/A/Cocoa
0x000000001a359000 	/System/Library/Frameworks/Security.framework/Versions/A/Security
0x000000001a359000 	/System/Library/Frameworks/ApplicationServices.framework/Versions/A/ApplicationServices
0x000000001a359000 	/usr/lib/libz.1.dylib
0x000000001a359000 	/usr/lib/libSystem.B.dylib
0x000000001a359000 	/usr/lib/libobjc.A.dylib
0x000000001a359000 	/System/Library/Frameworks/CoreFoundation.framework/Versions/A/CoreFoundation
0x000000001a359000 	/System/Library/Frameworks/Foundation.framework/Versions/C/Foundation
0x000000001a359000 	/System/Library/Frameworks/AppKit.framework/Versions/C/AppKit
0x000000001a359000 	/System/Library/Frameworks/CoreData.framework/Versions/A/CoreData
0x000000001a359000 	/System/Library/PrivateFrameworks/RemoteViewServices.framework/Versions/A/RemoteViewServices
0x000000001a359000 	/System/Library/PrivateFrameworks/UIFoundation.framework/Versions/A/UIFoundation
0x000000001a359000 	/System/Library/PrivateFrameworks/DFRFoundation.framework/Versions/A/DFRFoundation
0x000000001a359000 	/System/Library/Frameworks/Metal.framework/Versions/A/Metal
0x000000001a359000 	/System/Library/PrivateFrameworks/DesktopServicesPriv.framework/Versions/A/DesktopServicesPriv
0x000000001a359000 	/usr/lib/libenergytrace.dylib
0x000000001a359000 	/System/Library/PrivateFrameworks/SkyLight.framework/Versions/A/SkyLight
0x000000001a359000 	/System/Library/Frameworks/CoreGraphics.framework/Versions/A/CoreGraphics
0x000000001a359000 	/usr/lib/libScreenReader.dylib
0x000000001a359000 	/System/Library/Frameworks/Accelerate.framework/Versions/A/Accelerate
0x000000001a359000 	/System/Library/Frameworks/IOSurface.framework/Versions/A/IOSurface
0x000000001a359000 	/System/Library/Frameworks/AudioToolbox.framework/Versions/A/AudioToolbox
0x000000001a359000 	/System/Library/Frameworks/AudioUnit.framework/Versions/A/AudioUnit
0x000000001a359000 	/System/Library/PrivateFrameworks/DataDetectorsCore.framework/Versions/A/DataDetectorsCore
0x000000001a359000 	/System/Library/Frameworks/Carbon.framework/Versions/A/Frameworks/HIToolbox.framework/Versions/A/HIToolbox
0x000000001a359000 	/usr/lib/libicucore.A.dylib
0x000000001a359000 	/System/Library/Frameworks/QuartzCore.framework/Versions/A/QuartzCore
0x000000001a359000 	/System/Library/Frameworks/Carbon.framework/Versions/A/Frameworks/SpeechRecognition.framework/Versions/A/SpeechRecognition
0x000000001a359000 	/usr/lib/libauto.dylib
0x000000001a359000 	/usr/lib/libxml2.2.dylib
0x000000001a359000 	/System/Library/PrivateFrameworks/CoreUI.framework/Versions/A/CoreUI
0x000000001a359000 	/System/Library/Frameworks/CoreAudio.framework/Versions/A/CoreAudio
0x000000001a359000 	/System/Library/Frameworks/DiskArbitration.framework/Versions/A/DiskArbitration
0x000000001a359000 	/usr/lib/liblangid.dylib
0x000000001a359000 	/System/Library/PrivateFrameworks/MultitouchSupport.framework/Versions/A/MultitouchSupport
0x000000001a359000 	/System/Library/Frameworks/IOKit.framework/Versions/A/IOKit
0x000000001a359000 	/usr/lib/libDiagnosticMessagesClient.dylib
0x000000001a359000 	/System/Library/Frameworks/CoreServices.framework/Versions/A/CoreServices
0x000000001a359000 	/System/Library/PrivateFrameworks/PerformanceAnalysis.framework/Versions/A/PerformanceAnalysis
0x000000001a359000 	/System/Library/Frameworks/OpenGL.framework/Versions/A/OpenGL
0x000000001a359000 	/System/Library/Frameworks/ColorSync.framework/Versions/A/ColorSync
0x000000001a359000 	/System/Library/Frameworks/CoreImage.framework/Versions/A/CoreImage
0x000000001a359000 	/System/Library/Frameworks/CoreText.framework/Versions/A/CoreText
0x000000001a359000 	/System/Library/Frameworks/ImageIO.framework/Versions/A/ImageIO
0x000000001a359000 	/System/Library/PrivateFrameworks/Backup.framework/Versions/A/Backup
0x000000001a359000 	/usr/lib/libarchive.2.dylib
0x000000001a359000 	/System/Library/Frameworks/CFNetwork.framework/Versions/A/CFNetwork
0x000000001a359000 	/System/Library/Frameworks/SystemConfiguration.framework/Versions/A/SystemConfiguration
0x000000001a359000 	/usr/lib/libCRFSuite.dylib
0x000000001a359000 	/usr/lib/libc++.1.dylib
0x000000001a359000 	/usr/lib/libc++abi.dylib
0x000000001a359000 	/usr/lib/system/libcache.dylib
0x000000001a359000 	/usr/lib/system/libcommonCrypto.dylib
0x000000001a359000 	/usr/lib/system/libcompiler_rt.dylib
0x000000001a359000 	/usr/lib/system/libcopyfile.dylib
0x000000001a359000 	/usr/lib/system/libcorecrypto.dylib
0x000000001a359000 	/usr/lib/system/libdispatch.dylib
0x000000001a359000 	/usr/lib/system/libdyld.dylib
0x000000001a359000 	/usr/lib/system/libkeymgr.dylib
0x000000001a359000 	/usr/lib/system/liblaunch.dylib
0x000000001a359000 	/usr/lib/system/libmacho.dylib
0x000000001a359000 	/usr/lib/system/libquarantine.dylib
0x000000001a359000 	/usr/lib/system/libremovefile.dylib
0x000000001a359000 	/usr/lib/system/libsystem_asl.dylib
0x000000001a359000 	/usr/lib/system/libsystem_blocks.dylib
0x000000001a359000 	/usr/lib/system/libsystem_c.dylib
0x000000001a359000 	/usr/lib/system/libsystem_configuration.dylib
0x000000001a359000 	/usr/lib/system/libsystem_coreservices.dylib
0x000000001a359000 	/usr/lib/system/libsystem_darwin.dylib
0x000000001a359000 	/usr/lib/system/libsystem_dnssd.dylib
0x000000001a359000 	/usr/lib/system/libsystem_info.dylib
0x000000001a359000 	/usr/lib/system/libsystem_m.dylib
0x000000001a359000 	/usr/lib/system/libsystem_malloc.dylib
0x000000001a359000 	/usr/lib/system/libsystem_network.dylib
0x000000001a359000 	/usr/lib/system/libsystem_networkextension.dylib
0x000000001a359000 	/usr/lib/system/libsystem_notify.dylib
0x000000001a359000 	/usr/lib/system/libsystem_sandbox.dylib
0x000000001a359000 	/usr/lib/system/libsystem_secinit.dylib
0x000000001a359000 	/usr/lib/system/libsystem_kernel.dylib
0x000000001a359000 	/usr/lib/system/libsystem_platform.dylib
0x000000001a359000 	/usr/lib/system/libsystem_pthread.dylib
0x000000001a359000 	/usr/lib/system/libsystem_symptoms.dylib
0x000000001a359000 	/usr/lib/system/libsystem_trace.dylib
0x000000001a359000 	/usr/lib/system/libunwind.dylib
0x000000001a359000 	/usr/lib/system/libxpc.dylib
0x000000001a359000 	/usr/lib/closure/libclosured.dylib
0x000000001a359000 	/usr/lib/libbsm.0.dylib
0x000000001a359000 	/usr/lib/system/libkxld.dylib
0x000000001a359000 	/usr/lib/libOpenScriptingUtil.dylib
0x000000001a359000 	/usr/lib/libcoretls.dylib
0x000000001a359000 	/usr/lib/libcoretls_cfhelpers.dylib
0x000000001a359000 	/usr/lib/libpam.2.dylib
0x000000001a359000 	/usr/lib/libsqlite3.dylib
0x000000001a359000 	/usr/lib/libxar.1.dylib
0x000000001a359000 	/usr/lib/libbz2.1.0.dylib
0x000000001a359000 	/usr/lib/liblzma.5.dylib
0x000000001a359000 	/usr/lib/libnetwork.dylib
0x000000001a359000 	/usr/lib/libapple_nghttp2.dylib
0x000000001a359000 	/usr/lib/libpcap.A.dylib
0x000000001a359000 	/usr/lib/libboringssl.dylib
0x000000001a359000 	/usr/lib/libusrtcp.dylib
0x000000001a359000 	/usr/lib/libapple_crypto.dylib
0x000000001a359000 	/System/Library/Frameworks/CoreServices.framework/Versions/A/Frameworks/FSEvents.framework/Versions/A/FSEvents
0x000000001a359000 	/System/Library/Frameworks/CoreServices.framework/Versions/A/Frameworks/CarbonCore.framework/Versions/A/CarbonCore
0x000000001a359000 	/System/Library/Frameworks/CoreServices.framework/Versions/A/Frameworks/Metadata.framework/Versions/A/Metadata
0x000000001a359000 	/System/Library/Frameworks/CoreServices.framework/Versions/A/Frameworks/OSServices.framework/Versions/A/OSServices
0x000000001a359000 	/System/Library/Frameworks/CoreServices.framework/Versions/A/Frameworks/SearchKit.framework/Versions/A/SearchKit
0x000000001a359000 	/System/Library/Frameworks/CoreServices.framework/Versions/A/Frameworks/AE.framework/Versions/A/AE
0x000000001a359000 	/System/Library/Frameworks/CoreServices.framework/Versions/A/Frameworks/LaunchServices.framework/Versions/A/LaunchServices
0x000000001a359000 	/System/Library/Frameworks/CoreServices.framework/Versions/A/Frameworks/DictionaryServices.framework/Versions/A/DictionaryServices
0x000000001a359000 	/System/Library/Frameworks/CoreServices.framework/Versions/A/Frameworks/SharedFileList.framework/Versions/A/SharedFileList
0x000000001a359000 	/System/Library/Frameworks/NetFS.framework/Versions/A/NetFS
0x000000001a359000 	/System/Library/PrivateFrameworks/NetAuth.framework/Versions/A/NetAuth
0x000000001a359000 	/System/Library/PrivateFrameworks/login.framework/Versions/A/Frameworks/loginsupport.framework/Versions/A/loginsupport
0x000000001a359000 	/System/Library/PrivateFrameworks/TCC.framework/Versions/A/TCC
0x000000001a359000 	/usr/lib/libmecabra.dylib
0x000000001a359000 	/System/Library/Frameworks/ApplicationServices.framework/Versions/A/Frameworks/ATS.framework/Versions/A/ATS
0x000000001a359000 	/System/Library/Frameworks/ApplicationServices.framework/Versions/A/Frameworks/ColorSyncLegacy.framework/Versions/A/ColorSyncLegacy
0x000000001a359000 	/System/Library/Frameworks/ApplicationServices.framework/Versions/A/Frameworks/HIServices.framework/Versions/A/HIServices
0x000000001a359000 	/System/Library/Frameworks/ApplicationServices.framework/Versions/A/Frameworks/LangAnalysis.framework/Versions/A/LangAnalysis
0x000000001a359000 	/System/Library/Frameworks/ApplicationServices.framework/Versions/A/Frameworks/PrintCore.framework/Versions/A/PrintCore
0x000000001a359000 	/System/Library/Frameworks/ApplicationServices.framework/Versions/A/Frameworks/QD.framework/Versions/A/QD
0x000000001a359000 	/System/Library/Frameworks/ApplicationServices.framework/Versions/A/Frameworks/SpeechSynthesis.framework/Versions/A/SpeechSynthesis
0x000000001a359000 	/System/Library/Frameworks/CoreDisplay.framework/Versions/A/CoreDisplay
0x000000001a359000 	/System/Library/Frameworks/Accelerate.framework/Versions/A/Frameworks/vImage.framework/Versions/A/vImage
0x000000001a359000 	/System/Library/Frameworks/Accelerate.framework/Versions/A/Frameworks/vecLib.framework/Versions/A/vecLib
0x000000001a359000 	/System/Library/Frameworks/Accelerate.framework/Versions/A/Frameworks/vecLib.framework/Versions/A/libvDSP.dylib
0x000000001a359000 	/System/Library/Frameworks/Accelerate.framework/Versions/A/Frameworks/vecLib.framework/Versions/A/libBNNS.dylib
0x000000001a359000 	/System/Library/Frameworks/Accelerate.framework/Versions/A/Frameworks/vecLib.framework/Versions/A/libQuadrature.dylib
0x000000001a359000 	/System/Library/Frameworks/Accelerate.framework/Versions/A/Frameworks/vecLib.framework/Versions/A/libvMisc.dylib
0x000000001a359000 	/System/Library/Frameworks/Accelerate.framework/Versions/A/Frameworks/vecLib.framework/Versions/A/libLAPACK.dylib
0x000000001a359000 	/System/Library/Frameworks/Accelerate.framework/Versions/A/Frameworks/vecLib.framework/Versions/A/libBLAS.dylib
0x000000001a359000 	/System/Library/Frameworks/Accelerate.framework/Versions/A/Frameworks/vecLib.framework/Versions/A/libLinearAlgebra.dylib
0x000000001a359000 	/System/Library/Frameworks/Accelerate.framework/Versions/A/Frameworks/vecLib.framework/Versions/A/libSparse.dylib
0x000000001a359000 	/System/Library/Frameworks/Accelerate.framework/Versions/A/Frameworks/vecLib.framework/Versions/A/libSparseBLAS.dylib
0x000000001a359000 	/System/Library/PrivateFrameworks/IOAccelerator.framework/Versions/A/IOAccelerator
0x000000001a359000 	/System/Library/PrivateFrameworks/IOPresentment.framework/Versions/A/IOPresentment
0x000000001a359000 	/System/Library/PrivateFrameworks/DSExternalDisplay.framework/Versions/A/DSExternalDisplay
0x000000001a359000 	/System/Library/Frameworks/OpenGL.framework/Versions/A/Libraries/libCoreFSCache.dylib
0x000000001a359000 	/System/Library/Frameworks/CoreVideo.framework/Versions/A/CoreVideo
0x000000001a359000 	/System/Library/PrivateFrameworks/GraphVisualizer.framework/Versions/A/GraphVisualizer
0x000000001a359000 	/System/Library/Frameworks/MetalPerformanceShaders.framework/Versions/A/MetalPerformanceShaders
0x000000001a359000 	/usr/lib/libFosl_dynamic.dylib
0x000000001a359000 	/System/Library/PrivateFrameworks/FaceCore.framework/Versions/A/FaceCore
0x000000001a359000 	/System/Library/Frameworks/OpenCL.framework/Versions/A/OpenCL
0x000000001a359000 	/usr/lib/libcompression.dylib
0x000000001a359000 	/System/Library/Frameworks/ApplicationServices.framework/Versions/A/Frameworks/ATS.framework/Versions/A/Resources/libFontParser.dylib
0x000000001a359000 	/System/Library/Frameworks/ApplicationServices.framework/Versions/A/Frameworks/ATS.framework/Versions/A/Resources/libFontRegistry.dylib
0x000000001a359000 	/System/Library/Frameworks/ImageIO.framework/Versions/A/Resources/libJPEG.dylib
0x000000001a359000 	/System/Library/Frameworks/ImageIO.framework/Versions/A/Resources/libTIFF.dylib
0x000000001a359000 	/System/Library/Frameworks/ImageIO.framework/Versions/A/Resources/libPng.dylib
0x000000001a359000 	/System/Library/Frameworks/ImageIO.framework/Versions/A/Resources/libGIF.dylib
0x000000001a359000 	/System/Library/Frameworks/ImageIO.framework/Versions/A/Resources/libJP2.dylib
0x000000001a359000 	/System/Library/Frameworks/ImageIO.framework/Versions/A/Resources/libRadiance.dylib
0x000000001a359000 	/System/Library/PrivateFrameworks/AppleJPEG.framework/Versions/A/AppleJPEG
0x000000001a359000 	/System/Library/PrivateFrameworks/MetalTools.framework/Versions/A/MetalTools
0x000000001a359000 	/System/Library/Frameworks/MetalPerformanceShaders.framework/Frameworks/MPSCore.framework/Versions/A/MPSCore
0x000000001a359000 	/System/Library/Frameworks/MetalPerformanceShaders.framework/Frameworks/MPSImage.framework/Versions/A/MPSImage
0x000000001a359000 	/System/Library/Frameworks/MetalPerformanceShaders.framework/Frameworks/MPSMatrix.framework/Versions/A/MPSMatrix
0x000000001a359000 	/System/Library/Frameworks/MetalPerformanceShaders.framework/Frameworks/MPSNeuralNetwork.framework/Versions/A/MPSNeuralNetwork
0x000000001a359000 	/System/Library/Frameworks/OpenGL.framework/Versions/A/Libraries/libGLU.dylib
0x000000001a359000 	/System/Library/Frameworks/OpenGL.framework/Versions/A/Libraries/libGFXShared.dylib
0x000000001a359000 	/System/Library/Frameworks/OpenGL.framework/Versions/A/Libraries/libGL.dylib
0x000000001a359000 	/System/Library/Frameworks/OpenGL.framework/Versions/A/Libraries/libGLImage.dylib
0x000000001a359000 	/System/Library/Frameworks/OpenGL.framework/Versions/A/Libraries/libCVMSPluginSupport.dylib
0x000000001a359000 	/System/Library/Frameworks/OpenGL.framework/Versions/A/Libraries/libCoreVMClient.dylib
0x000000001a359000 	/usr/lib/libcups.2.dylib
0x000000001a359000 	/System/Library/Frameworks/Kerberos.framework/Versions/A/Kerberos
0x000000001a359000 	/System/Library/Frameworks/GSS.framework/Versions/A/GSS
0x000000001a359000 	/usr/lib/libresolv.9.dylib
0x000000001a359000 	/usr/lib/libiconv.2.dylib
0x000000001a359000 	/System/Library/PrivateFrameworks/Heimdal.framework/Versions/A/Heimdal
0x000000001a359000 	/usr/lib/libheimdal-asn1.dylib
0x000000001a359000 	/System/Library/Frameworks/OpenDirectory.framework/Versions/A/OpenDirectory
0x000000001a359000 	/System/Library/PrivateFrameworks/CommonAuth.framework/Versions/A/CommonAuth
0x000000001a359000 	/System/Library/Frameworks/OpenDirectory.framework/Versions/A/Frameworks/CFOpenDirectory.framework/Versions/A/CFOpenDirectory
0x000000001a359000 	/System/Library/Frameworks/SecurityFoundation.framework/Versions/A/SecurityFoundation
0x000000001a359000 	/System/Library/PrivateFrameworks/APFS.framework/Versions/A/APFS
0x000000001a359000 	/usr/lib/libutil.dylib
0x000000001a359000 	/System/Library/PrivateFrameworks/AppleSauce.framework/Versions/A/AppleSauce
0x000000001a359000 	/System/Library/PrivateFrameworks/LinguisticData.framework/Versions/A/LinguisticData
0x000000001a359000 	/usr/lib/libmarisa.dylib
0x000000001a359000 	/System/Library/PrivateFrameworks/Lexicon.framework/Versions/A/Lexicon
0x000000001a359000 	/usr/lib/libChineseTokenizer.dylib
0x000000001a359000 	/usr/lib/libcmph.dylib
0x000000001a359000 	/System/Library/PrivateFrameworks/LanguageModeling.framework/Versions/A/LanguageModeling
0x000000001a359000 	/System/Library/PrivateFrameworks/CoreEmoji.framework/Versions/A/CoreEmoji
0x000000001a359000 	/System/Library/Frameworks/ServiceManagement.framework/Versions/A/ServiceManagement
0x000000001a359000 	/System/Library/PrivateFrameworks/BackgroundTaskManagement.framework/Versions/A/BackgroundTaskManagement
0x000000001a359000 	/usr/lib/libxslt.1.dylib
0x000000001a359000 	/System/Library/Frameworks/Carbon.framework/Versions/A/Frameworks/Ink.framework/Versions/A/Ink
0x000000001a359000 	/System/Library/PrivateFrameworks/TextureIO.framework/Versions/A/TextureIO
0x000000001a359000 	/usr/lib/libate.dylib
0x000000001a359000 	/System/Library/PrivateFrameworks/CrashReporterSupport.framework/Versions/A/CrashReporterSupport
0x000000001a359000 	/System/Library/PrivateFrameworks/Sharing.framework/Versions/A/Sharing
0x000000001a359000 	/System/Library/PrivateFrameworks/IconServices.framework/Versions/A/IconServices
0x000000001a359000 	/System/Library/PrivateFrameworks/ProtocolBuffer.framework/Versions/A/ProtocolBuffer
0x000000001a359000 	/System/Library/PrivateFrameworks/Apple80211.framework/Versions/A/Apple80211
0x000000001a359000 	/System/Library/Frameworks/CoreWLAN.framework/Versions/A/CoreWLAN
0x000000001a359000 	/System/Library/PrivateFrameworks/CoreUtils.framework/Versions/A/CoreUtils
0x000000001a359000 	/System/Library/Frameworks/IOBluetooth.framework/Versions/A/IOBluetooth
0x000000001a359000 	/System/Library/PrivateFrameworks/CoreWiFi.framework/Versions/A/CoreWiFi
0x000000001a359000 	/System/Library/Frameworks/CoreBluetooth.framework/Versions/A/CoreBluetooth
0x000000001a359000 	/System/Library/PrivateFrameworks/SignpostNotification.framework/Versions/A/SignpostNotification
0x000000001a359000 	/System/Library/PrivateFrameworks/DebugSymbols.framework/Versions/A/DebugSymbols
0x000000001a359000 	/System/Library/PrivateFrameworks/CoreSymbolication.framework/Versions/A/CoreSymbolication
0x000000001a359000 	/System/Library/PrivateFrameworks/Symbolication.framework/Versions/A/Symbolication
0x000000001a359000 	/System/Library/PrivateFrameworks/AppleFSCompression.framework/Versions/A/AppleFSCompression
0x000000001a359000 	/System/Library/PrivateFrameworks/SpeechRecognitionCore.framework/Versions/A/SpeechRecognitionCore
0x0000000106000000 	/Library/Java/JavaVirtualMachines/jdk1.8.0_161.jdk/Contents/Home/jre/lib/server/libjvm.dylib
0x000000001a359000 	/usr/lib/libstdc++.6.0.9.dylib
0x0000000104fdd000 	/Library/Java/JavaVirtualMachines/jdk1.8.0_161.jdk/Contents/Home/jre/lib/libverify.dylib
0x0000000106fae000 	/Library/Java/JavaVirtualMachines/jdk1.8.0_161.jdk/Contents/Home/jre/lib/libjava.dylib
0x0000000106fe4000 	/Library/Java/JavaVirtualMachines/jdk1.8.0_161.jdk/Contents/Home/jre/lib/libinstrument.dylib
0x0000000104ff6000 	/Library/Java/JavaVirtualMachines/jdk1.8.0_161.jdk/Contents/Home/jre/lib/libzip.dylib
0x0000000123d90000 	/Library/Java/JavaVirtualMachines/jdk1.8.0_161.jdk/Contents/Home/jre/lib/libnet.dylib
0x0000000123def000 	/Library/Java/JavaVirtualMachines/jdk1.8.0_161.jdk/Contents/Home/jre/lib/libprism_es2.dylib
0x000000001a359000 	/System/Library/PrivateFrameworks/CoreServicesInternal.framework/Versions/A/CoreServicesInternal
0x000000001a359000 	/System/Library/Frameworks/OpenGL.framework/Versions/A/Resources/GLEngine.bundle/GLEngine
0x000000001a359000 	/System/Library/Frameworks/OpenGL.framework/Versions/A/Libraries/libGLProgrammability.dylib
0x0000000123e99000 	/System/Library/Extensions/AppleIntelHD5000GraphicsGLDriver.bundle/Contents/MacOS/AppleIntelHD5000GraphicsGLDriver
0x000000001a359000 	/System/Library/PrivateFrameworks/GPUSupport.framework/Versions/A/Libraries/libGPUSupportMercury.dylib
0x0000000124603000 	/System/Library/Extensions/AMDRadeonX4000GLDriver.bundle/Contents/MacOS/AMDRadeonX4000GLDriver
0x000000001a359000 	/System/Library/Extensions/AMDRadeonX4000GLDriver.bundle/Contents/MacOS/ATIRadeonX4000SCLib.dylib
0x000000001a359000 	/System/Library/Frameworks/OpenGL.framework/Versions/A/Resources/GLRendererFloat.bundle/GLRendererFloat
0x000000001a359000 	/System/Library/Frameworks/OpenCL.framework/Versions/A/Libraries/libcldcpuengine.dylib
0x000000001a359000 	/usr/lib/libcrypto.35.dylib
0x000000001a359000 	/System/Library/PrivateFrameworks/TrustEvaluationAgent.framework/Versions/A/TrustEvaluationAgent
0x000000012476b000 	/Library/Java/JavaVirtualMachines/jdk1.8.0_161.jdk/Contents/Home/jre/lib/libglass.dylib
0x000000001a359000 	/System/Library/CoreServices/RawCamera.bundle/Contents/MacOS/RawCamera
0x000000001a359000 	/System/Library/PrivateFrameworks/MobileAsset.framework/Versions/A/MobileAsset
0x000000001a359000 	/System/Library/PrivateFrameworks/StreamingZip.framework/Versions/A/StreamingZip
0x000000001a359000 	/System/Library/Frameworks/MediaToolbox.framework/Versions/A/MediaToolbox
0x000000001a359000 	/System/Library/PrivateFrameworks/CoreAVCHD.framework/Versions/A/CoreAVCHD
0x000000001a359000 	/System/Library/Frameworks/MediaAccessibility.framework/Versions/A/MediaAccessibility
0x000000001a359000 	/System/Library/PrivateFrameworks/Mangrove.framework/Versions/A/Mangrove
0x000000001a359000 	/System/Library/Frameworks/CoreMedia.framework/Versions/A/CoreMedia
0x000000001a359000 	/System/Library/Frameworks/VideoToolbox.framework/Versions/A/VideoToolbox
0x000000001a359000 	/System/Library/PrivateFrameworks/CoreAUC.framework/Versions/A/CoreAUC
0x000000001a359000 	/usr/lib/libspindump.dylib
0x000000001a359000 	/usr/lib/libdscsym.dylib
0x000000001a359000 	/System/Library/PrivateFrameworks/AppleVA.framework/Versions/A/AppleVA
0x000000001a359000 	/System/Library/Frameworks/Accelerate.framework/Versions/A/Frameworks/vImage.framework/Versions/A/Libraries/libCGInterfaces.dylib
0x000000001a359000 	/System/Library/PrivateFrameworks/FamilyControls.framework/Versions/A/FamilyControls
0x000000001a359000 	/System/Library/PrivateFrameworks/CommerceKit.framework/Versions/A/Frameworks/CommerceCore.framework/Versions/A/CommerceCore
0x000000001a359000 	/System/Library/PrivateFrameworks/SystemAdministration.framework/Versions/A/SystemAdministration
0x000000001a359000 	/System/Library/PrivateFrameworks/AppContainer.framework/Versions/A/AppContainer
0x000000001a359000 	/System/Library/PrivateFrameworks/SecCodeWrapper.framework/Versions/A/SecCodeWrapper
0x000000001a359000 	/System/Library/PrivateFrameworks/DiskManagement.framework/Versions/A/DiskManagement
0x000000001a359000 	/System/Library/Frameworks/DirectoryService.framework/Versions/A/DirectoryService
0x000000001a359000 	/System/Library/PrivateFrameworks/DiskImages.framework/Versions/A/DiskImages
0x000000001a359000 	/System/Library/PrivateFrameworks/LoginUIKit.framework/Versions/A/Frameworks/LoginUICore.framework/Versions/A/LoginUICore
0x000000001a359000 	/usr/lib/libCoreStorage.dylib
0x000000001a359000 	/usr/lib/libcsfde.dylib
0x000000001a359000 	/usr/lib/libodfde.dylib
0x000000001a359000 	/System/Library/PrivateFrameworks/MediaKit.framework/Versions/A/MediaKit
0x000000001a359000 	/System/Library/Frameworks/DiscRecording.framework/Versions/A/DiscRecording
0x000000001a359000 	/System/Library/PrivateFrameworks/EFILogin.framework/Versions/A/EFILogin
0x000000001a359000 	/System/Library/PrivateFrameworks/ProtectedCloudStorage.framework/Versions/A/ProtectedCloudStorage
0x000000001a359000 	/usr/lib/libcurl.4.dylib
0x000000001a359000 	/usr/lib/libssl.35.dylib
0x000000001a359000 	/System/Library/Frameworks/LDAP.framework/Versions/A/LDAP
0x000000001a359000 	/usr/lib/libsasl2.2.dylib
0x000000001a359000 	/System/Library/PrivateFrameworks/CoreDaemon.framework/Versions/B/CoreDaemon
0x000000001a359000 	/System/Library/PrivateFrameworks/AppleSRP.framework/Versions/A/AppleSRP
0x0000000124d34000 	/Library/Java/JavaVirtualMachines/jdk1.8.0_161.jdk/Contents/Home/jre/lib/libjavafx_font.dylib
0x0000000126d58000 	/Library/Java/JavaVirtualMachines/jdk1.8.0_161.jdk/Contents/Home/jre/lib/libjfxwebkit.dylib
0x000000001a359000 	/System/Library/Frameworks/ApplicationServices.framework/Versions/A/Frameworks/ATS.framework/Versions/A/Resources/libTrueTypeScaler.dylib
0x000000012a9eb000 	/Library/Java/JavaVirtualMachines/jdk1.8.0_161.jdk/Contents/Home/jre/lib/libnio.dylib
0x000000001a359000 	/System/Library/Extensions/AppleIntelHD5000GraphicsMTLDriver.bundle/Contents/MacOS/AppleIntelHD5000GraphicsMTLDriver
0x000000012d732000 	/System/Library/Extensions/AMDMTLBronzeDriver.bundle/Contents/MacOS/AMDMTLBronzeDriver
0x000000001a359000 	/System/Library/PrivateFrameworks/IOAccelMemoryInfo.framework/Versions/A/IOAccelMemoryInfo
0x000000001a359000 	/System/Library/PrivateFrameworks/GPUCompiler.framework/Versions/3802/Libraries/libmetal_timestamp.dylib
0x000000012d92b000 	/Library/Java/JavaVirtualMachines/jdk1.8.0_161.jdk/Contents/Home/jre/lib/libprism_common.dylib
0x000000012e1bc000 	/Library/Java/JavaVirtualMachines/jdk1.8.0_161.jdk/Contents/Home/jre/lib/libsunec.dylib
0x000000001a359000 	/System/Library/PrivateFrameworks/login.framework/Versions/A/login
0x000000012bfab000 	/Library/Java/JavaVirtualMachines/jdk1.8.0_161.jdk/Contents/Home/jre/lib/libjavafx_iio.dylib
0x000000012fc1d000 	/Library/Java/JavaVirtualMachines/jdk1.8.0_161.jdk/Contents/Home/jre/lib/libawt.dylib
0x000000012fcc7000 	/Library/Java/JavaVirtualMachines/jdk1.8.0_161.jdk/Contents/Home/jre/lib/./libmlib_image.dylib
0x000000001a359000 	/System/Library/Frameworks/JavaVM.framework/Versions/A/Frameworks/JavaNativeFoundation.framework/Versions/A/JavaNativeFoundation
0x000000001a359000 	/System/Library/Frameworks/JavaVM.framework/Versions/A/Frameworks/JavaRuntimeSupport.framework/Versions/A/JavaRuntimeSupport
0x000000001a359000 	/System/Library/Frameworks/JavaVM.framework/Versions/A/JavaVM
0x000000001a359000 	/System/Library/PrivateFrameworks/JavaLaunching.framework/Versions/A/JavaLaunching
0x000000001a359000 	/System/Library/Frameworks/Carbon.framework/Versions/A/Carbon
0x000000001a359000 	/System/Library/Frameworks/Carbon.framework/Versions/A/Frameworks/CommonPanels.framework/Versions/A/CommonPanels
0x000000001a359000 	/System/Library/Frameworks/Carbon.framework/Versions/A/Frameworks/Help.framework/Versions/A/Help
0x000000001a359000 	/System/Library/Frameworks/Carbon.framework/Versions/A/Frameworks/ImageCapture.framework/Versions/A/ImageCapture
0x000000001a359000 	/System/Library/Frameworks/Carbon.framework/Versions/A/Frameworks/OpenScripting.framework/Versions/A/OpenScripting
0x000000001a359000 	/System/Library/Frameworks/Carbon.framework/Versions/A/Frameworks/Print.framework/Versions/A/Print
0x000000001a359000 	/System/Library/Frameworks/Carbon.framework/Versions/A/Frameworks/SecurityHI.framework/Versions/A/SecurityHI
0x000000012fd93000 	/Library/Java/JavaVirtualMachines/jdk1.8.0_161.jdk/Contents/Home/jre/lib/libawt_lwawt.dylib
0x000000012de81000 	/Library/Java/JavaVirtualMachines/jdk1.8.0_161.jdk/Contents/Home/jre/lib/./libosxapp.dylib
0x000000001a359000 	/System/Library/Frameworks/ExceptionHandling.framework/Versions/A/ExceptionHandling
0x000000012eb7e000 	/Library/Java/JavaVirtualMachines/jdk1.8.0_161.jdk/Contents/Home/jre/lib/libglib-lite.dylib
0x000000012ec9f000 	/Library/Java/JavaVirtualMachines/jdk1.8.0_161.jdk/Contents/Home/jre/lib/libgstreamer-lite.dylib
0x000000012c6df000 	/Library/Java/JavaVirtualMachines/jdk1.8.0_161.jdk/Contents/Home/jre/lib/libjfxmedia.dylib
0x000000012ee18000 	/Library/Java/JavaVirtualMachines/jdk1.8.0_161.jdk/Contents/Home/jre/lib/libjfxmedia_avf.dylib
0x000000001a359000 	/System/Library/Frameworks/AVFoundation.framework/Versions/A/AVFoundation
0x000000001a359000 	/System/Library/Frameworks/AVFoundation.framework/Versions/A/Frameworks/AVFAudio.framework/Versions/A/AVFAudio
0x000000001a359000 	/System/Library/PrivateFrameworks/IntlPreferences.framework/Versions/A/IntlPreferences
0x000000001a359000 	/System/Library/Frameworks/CoreMediaIO.framework/Versions/A/CoreMediaIO
0x000000001a359000 	/System/Library/PrivateFrameworks/RemoteServiceDiscovery.framework/Versions/A/RemoteServiceDiscovery
0x000000001a359000 	/System/Library/PrivateFrameworks/RemoteXPC.framework/Versions/A/RemoteXPC
0x000000001a359000 	/System/Library/PrivateFrameworks/InternationalSupport.framework/Versions/A/InternationalSupport
0x000000012c06c000 	/Library/Java/JavaVirtualMachines/jdk1.8.0_161.jdk/Contents/Home/jre/lib/libjfxmedia_qtkit.dylib
0x000000001a359000 	/System/Library/Frameworks/QTKit.framework/Versions/A/QTKit
0x000000001a359000 	/System/Library/PrivateFrameworks/CoreMediaAuthoring.framework/Versions/A/CoreMediaAuthoring
0x0000000124cc1000 	/Library/Java/JavaVirtualMachines/jdk1.8.0_161.jdk/Contents/Home/jre/lib/libfxplugins.dylib
0x000000001a359000 	/System/Library/Frameworks/VideoDecodeAcceleration.framework/Versions/A/VideoDecodeAcceleration
0x000000001a359000 	/System/Library/PrivateFrameworks/RTCReporting.framework/Versions/A/RTCReporting
0x000000001a359000 	/System/Library/PrivateFrameworks/SymptomReporter.framework/Versions/A/SymptomReporter
0x000000001a359000 	/System/Library/PrivateFrameworks/WirelessDiagnostics.framework/Versions/A/WirelessDiagnostics
0x000000001a359000 	/System/Library/PrivateFrameworks/WirelessDiagnostics.framework/Versions/A/Libraries/libAWDSupportFramework.dylib
0x000000001a359000 	/System/Library/PrivateFrameworks/WirelessDiagnostics.framework/Versions/A/Libraries/libprotobuf-lite.dylib
0x000000001a359000 	/System/Library/PrivateFrameworks/CoreAnalytics.framework/Versions/A/CoreAnalytics
0x000000001a359000 	/usr/lib/libTelephonyUtilDynamic.dylib
0x000000001a359000 	/System/Library/PrivateFrameworks/WirelessDiagnostics.framework/Versions/A/Libraries/libprotobuf.dylib
0x000000001a359000 	/usr/lib/libsystemstats.dylib
0x000000012c205000 	/System/Library/Extensions/AppleHDA.kext/Contents/PlugIns/AppleHDAHALPlugIn.bundle/Contents/MacOS/AppleHDAHALPlugIn
0x0000000146c00000 	/System/Library/Components/AudioCodecs.component/Contents/MacOS/AudioCodecs
0x000000013e400000 	/System/Library/Components/CoreAudio.component/Contents/MacOS/CoreAudio
0x000000001a359000 	/System/Library/PrivateFrameworks/AppleGVA.framework/Versions/A/AppleGVA
0x000000013e647000 	/System/Library/Extensions/AppleIntelHD5000GraphicsVADriver.bundle/Contents/MacOS/AppleIntelHD5000GraphicsVADriver
0x000000013d81e000 	/System/Library/Extensions/AMDRadeonVADriver.bundle/Contents/MacOS/AMDRadeonVADriver
0x00000001267e2000 	/System/Library/Extensions/AppleIntelHSWVA.bundle/Contents/MacOS/AppleIntelHSWVA

VM Arguments:
jvm_args: -javaagent:/Applications/IntelliJ IDEA.app/Contents/lib/idea_rt.jar=60719:/Applications/IntelliJ IDEA.app/Contents/bin -Dfile.encoding=UTF-8 
java_command: mainhotelapp.MainAppKotlin
java_class_path (initial): /Library/Java/JavaVirtualMachines/jdk1.8.0_161.jdk/Contents/Home/jre/lib/charsets.jar:/Library/Java/JavaVirtualMachines/jdk1.8.0_161.jdk/Contents/Home/jre/lib/deploy.jar:/Library/Java/JavaVirtualMachines/jdk1.8.0_161.jdk/Contents/Home/jre/lib/ext/cldrdata.jar:/Library/Java/JavaVirtualMachines/jdk1.8.0_161.jdk/Contents/Home/jre/lib/ext/dnsns.jar:/Library/Java/JavaVirtualMachines/jdk1.8.0_161.jdk/Contents/Home/jre/lib/ext/jaccess.jar:/Library/Java/JavaVirtualMachines/jdk1.8.0_161.jdk/Contents/Home/jre/lib/ext/jfxrt.jar:/Library/Java/JavaVirtualMachines/jdk1.8.0_161.jdk/Contents/Home/jre/lib/ext/localedata.jar:/Library/Java/JavaVirtualMachines/jdk1.8.0_161.jdk/Contents/Home/jre/lib/ext/nashorn.jar:/Library/Java/JavaVirtualMachines/jdk1.8.0_161.jdk/Contents/Home/jre/lib/ext/sunec.jar:/Library/Java/JavaVirtualMachines/jdk1.8.0_161.jdk/Contents/Home/jre/lib/ext/sunjce_provider.jar:/Library/Java/JavaVirtualMachines/jdk1.8.0_161.jdk/Contents/Home/jre/lib/ext/sunpkcs11.jar:/Library/Java/JavaVirtualMachines/jdk1.8.0_161.jdk/Contents/Home/jre/lib/ext/zipfs.jar:/Library/Java/JavaVirtualMachines/jdk1.8.0_161.jdk/Contents/Home/jre/lib/javaws.jar:/Library/Java/JavaVirtualMachines/jdk1.8.0_161.jdk/Contents/Home/jre/lib/jce.jar:/Library/Java/JavaVirtualMachines/jdk1.8.0_161.jdk/Contents/Home/jre/lib/jfr.jar:/Library/Java/JavaVirtualMachines/jdk1.8.0_161.jdk/Contents/Home/jre/lib/jfxswt.jar:/Library/Java/JavaVirtualMachines/jdk1.8.0_161.jdk/Contents/Home/jre/lib/jsse.jar:/Library/Java/JavaVirtualMachines/jdk1.8.0_161.jdk/Contents/Home/jre/lib/management-agent.jar:/Library/Java/JavaVirtualMachines/jdk1.8.0_161.jdk/Contents/Home/jre/lib/plugin.jar:/Library/Java/JavaVirtualMachines/jdk1.8.0_161.jdk/Contents/Home/jre/lib/resources.jar:/Library/Java/JavaVirtualMachines/jdk1.8.0_161.jdk/Contents/Home/jre/lib/rt.jar:/Library/Java/JavaVirtualMachines/jdk1.8.0_161.jdk/Contents/Home/lib/ant-javafx.jar:/Library/Java/JavaVirtualMachines/jdk1.8.0_161.jdk/Contents/Home
Launcher Type: SUN_STANDARD

Environment Variables:
PATH=/usr/local/bin:/usr/bin:/bin:/usr/sbin:/sbin
SHELL=/bin/bash

Signal Handlers:
SIGSEGV: [libjvm.dylib+0x5b5439], sa_mask[0]=11111111011111110111111111111111, sa_flags=SA_ONSTACK|SA_RESTART|SA_SIGINFO
SIGBUS: [libjvm.dylib+0x5b5439], sa_mask[0]=11111111011111110111111111111111, sa_flags=SA_RESTART|SA_SIGINFO
SIGFPE: [libjvm.dylib+0x48ae24], sa_mask[0]=11111111011111110111111111111111, sa_flags=SA_RESTART|SA_SIGINFO
SIGPIPE: [libjvm.dylib+0x48ae24], sa_mask[0]=11111111011111110111111111111111, sa_flags=SA_RESTART|SA_SIGINFO
SIGXFSZ: [libjvm.dylib+0x48ae24], sa_mask[0]=11111111011111110111111111111111, sa_flags=SA_RESTART|SA_SIGINFO
SIGILL: [libjvm.dylib+0x48ae24], sa_mask[0]=11111111011111110111111111111111, sa_flags=SA_RESTART|SA_SIGINFO
SIGUSR1: SIG_DFL, sa_mask[0]=00000000000000000000000000000000, sa_flags=none
SIGUSR2: [libjvm.dylib+0x48a942], sa_mask[0]=00100000000000000000000000000000, sa_flags=SA_RESTART|SA_SIGINFO
SIGHUP: [libjvm.dylib+0x488f0d], sa_mask[0]=11111111011111110111111111111111, sa_flags=SA_RESTART|SA_SIGINFO
SIGINT: [libjvm.dylib+0x488f0d], sa_mask[0]=11111111011111110111111111111111, sa_flags=SA_RESTART|SA_SIGINFO
SIGTERM: [libjvm.dylib+0x488f0d], sa_mask[0]=11111111011111110111111111111111, sa_flags=SA_RESTART|SA_SIGINFO
SIGQUIT: [libjvm.dylib+0x488f0d], sa_mask[0]=11111111011111110111111111111111, sa_flags=SA_RESTART|SA_SIGINFO


---------------  S Y S T E M  ---------------

OS:Bsduname:Darwin 17.4.0 Darwin Kernel Version 17.4.0: Sun Dec 17 09:19:54 PST 2017; root:xnu-4570.41.2~1/RELEASE_X86_64 x86_64
rlimit: STACK 8192k, CORE 0k, NPROC 1418, NOFILE 12544, AS infinity
load average:2.89 2.36 2.46

CPU:total 8 (initial active 8) (4 cores per cpu, 2 threads per core) family 6 model 70 stepping 1, cmov, cx8, fxsr, mmx, sse, sse2, sse3, ssse3, sse4.1, sse4.2, popcnt, avx, avx2, aes, clmul, erms, lzcnt, ht, tsc, tscinvbit, bmi1, bmi2

Memory: 4k page, physical 16777216k(3333520k free)

/proc/meminfo:


vm_info: Java HotSpot(TM) 64-Bit Server VM (25.161-b12) for bsd-amd64 JRE (1.8.0_161-b12), built on Dec 19 2017 16:22:20 by "java_re" with gcc 4.2.1 (Based on Apple Inc. build 5658) (LLVM build 2336.11.00)

time: Sun Mar  4 16:19:32 2018
elapsed time: 33 seconds (0d 0h 0m 33s)

