#
# A fatal error has been detected by the Java Runtime Environment:
#
#  SIGSEGV (0xb) at pc=0x00007fff41d69c0e, pid=7099, tid=0x000000000001b01b
#
# JRE version: Java(TM) SE Runtime Environment (8.0_161-b12) (build 1.8.0_161-b12)
# Java VM: Java HotSpot(TM) 64-Bit Server VM (25.161-b12 mixed mode bsd-amd64 compressed oops)
# Problematic frame:
# C  [CoreFoundation+0x68c0e]  CFArrayCreateCopy+0x1e
#
# Failed to write core dump. Core dumps have been disabled. To enable core dumping, try "ulimit -c unlimited" before starting Java again
#
# If you would like to submit a bug report, please visit:
#   http://bugreport.java.com/bugreport/crash.jsp
#

---------------  T H R E A D  ---------------

Current thread is native thread

siginfo: si_signo: 11 (SIGSEGV), si_code: 1 (SEGV_MAPERR), si_addr: 0x0000000000000000

Registers:
RAX=0x0000000000000013, RBX=0x0000000000000000, RCX=0x00007fff9c8a06f0, RDX=0x0000000000000012
RSP=0x000070000ad88830, RBP=0x000070000ad88850, RSI=0x0000000000000000, RDI=0x0000000000000000
R8 =0x0000000000107f1e, R9 =0x00007fad1bda33d8, R10=0x0000003000000000, R11=0x0060000000000000
R12=0x00007fad1bdd9f70, R13=0x00007fad1d7b8820, R14=0x0000000000000000, R15=0x000070000ad88878
RIP=0x00007fff41d69c0e, EFLAGS=0x0000000000010246, ERR=0x0000000000000004
  TRAPNO=0x000000000000000e

Top of Stack: (sp=0x000070000ad88830)
0x000070000ad88830:   00007fff41efbc30 0000000000000000
0x000070000ad88840:   00007fad1d7b8800 000070000ad88878
0x000070000ad88850:   000070000ad888c0 00007fff45dc08b6
0x000070000ad88860:   0000000000000000 000000010829c080
0x000070000ad88870:   000070000ad88900 0000000000000000
0x000070000ad88880:   0000000000000000 0000000000000000
0x000070000ad88890:   0000000000000000 0000000000000000
0x000070000ad888a0:   00007fff9c10a288 00007fad1d7b8800
0x000070000ad888b0:   00007fad184f1b50 00007fad1d7b8800
0x000070000ad888c0:   000070000ad88920 00007fff45dc0376
0x000070000ad888d0:   000000010829ea00 0000000000000000
0x000070000ad888e0:   000001e40000035c 00007fad1d7b8820
0x000070000ad888f0:   000070000ad88920 00007fad1d7b8820
0x000070000ad88900:   00007fff9c10a288 00007fad1d7b8800
0x000070000ad88910:   0000000000000000 00007fff9c10a278
0x000070000ad88920:   000070000ad88a60 00007fff45df167f
0x000070000ad88930:   00007fad1bb99f50 00007fad1bbfc080
0x000070000ad88940:   ffff8052e4466070 0000000000000020
0x000070000ad88950:   0000000000000002 00007fad1bb99f50
0x000070000ad88960:   000000000000099e 000000010829c080
0x000070000ad88970:   000070000ad88a00 00007fad1bdd9f50
0x000070000ad88980:   000000010829ea00 0000000000000000
0x000070000ad88990:   00007fad1bb99f70 00007fad1bbfc080
0x000070000ad889a0:   0000000002000000 0000000000000020
0x000070000ad889b0:   0000000000000004 00007fad1bb99f50
0x000070000ad889c0:   000000010829c080 00007fad1bdd9f70
0x000070000ad889d0:   00007fad1d7b8800 00007fad1d7b8820
0x000070000ad889e0:   000000010829ea00 0000000000000004
0x000070000ad889f0:   000070000ad88a10 00007fff460c489e
0x000070000ad88a00:   00007fad1bd6ac60 00007fad1bca06b0
0x000070000ad88a10:   000070000ad88a30 00007fff6965fd50
0x000070000ad88a20:   00007fad1bd6ac60 00007fad1bca06b0 

Instructions: (pc=0x00007fff41d69c0e)
0x00007fff41d69bee:   00 00 55 48 89 e5 41 57 41 56 53 50 48 89 f3 49
0x00007fff41d69bfe:   89 fe e8 cb ba f9 ff f6 c3 01 0f 85 ac 00 00 00
0x00007fff41d69c0e:   48 8b 0b 48 85 c9 74 41 48 8d 15 ab 2f 3a 5a 48
0x00007fff41d69c1e:   3b 0a 74 35 48 3d ff 03 00 00 77 12 48 8d 15 1f 

Register to memory mapping:

RAX=0x0000000000000013 is an unknown value
RBX=0x0000000000000000 is an unknown value
RCX=0x00007fff9c8a06f0: kFigStreamingCachePersistentStoreDataItemCategory_ChapterArtwork+0xb510 in /System/Library/Frameworks/MediaToolbox.framework/Versions/A/MediaToolbox at 0x00007fff45cf1000
RDX=0x0000000000000012 is an unknown value
RSP=0x000070000ad88830 is an unknown value
RBP=0x000070000ad88850 is an unknown value
RSI=0x0000000000000000 is an unknown value
RDI=0x0000000000000000 is an unknown value
R8 =0x0000000000107f1e is an unknown value
R9 =0x00007fad1bda33d8 is an unknown value
R10=0x0000003000000000 is an unknown value
R11=0x0060000000000000 is an unknown value
R12=0x00007fad1bdd9f70 is an unknown value
R13=0x00007fad1d7b8820 is an unknown value
R14=0x0000000000000000 is an unknown value
R15=0x000070000ad88878 is an unknown value


Stack: [0x000070000ad09000,0x000070000ad89000],  sp=0x000070000ad88830,  free space=510k
Native frames: (J=compiled Java code, j=interpreted, Vv=VM code, C=native code)
C  [CoreFoundation+0x68c0e]  CFArrayCreateCopy+0x1e
C  [MediaToolbox+0xcf8b6]  FigPlayerStreamCreate+0x2a57a
C  [MediaToolbox+0xcf376]  FigPlayerStreamCreate+0x2a03a
C  [MediaToolbox+0x10067f]  FigPlayerStreamCreate+0x5b343
C  [MediaToolbox+0x3d3684]  FigPlayerSurrogateCreate+0x4c59
C  [MediaToolbox+0x233dbe]  FigPlayerAirPlayCreate+0x11dee
C  [MediaToolbox+0x110dfe]  FigPlayerAsyncCreateWithEngineTopology+0x1613
C  [MediaToolbox+0x114e90]  FigPlayerAsyncCreateWithEngineTopology+0x56a5
C  [libdispatch.dylib+0x1d50]  _dispatch_client_callout+0x8
C  [libdispatch.dylib+0x1620c]  _dispatch_queue_serial_drain+0x27b
C  [libdispatch.dylib+0x90fd]  _dispatch_queue_invoke+0x175
C  [libdispatch.dylib+0x3941]  _dispatch_root_queue_drain+0x203
C  [libdispatch.dylib+0x4d9e]  _dispatch_worker_thread+0xaf
C  [libsystem_pthread.dylib+0x36c1]  _pthread_body+0x154
C  [libsystem_pthread.dylib+0x356d]  _pthread_body+0x0
C  [libsystem_pthread.dylib+0x2c5d]  thread_start+0xd


---------------  P R O C E S S  ---------------

VM state:not at safepoint (normal execution)

VM Mutex/Monitor currently owned by a thread: None

Heap:
 PSYoungGen      total 636416K, used 73810K [0x000000076ab00000, 0x0000000794d00000, 0x00000007c0000000)
  eden space 613376K, 8% used [0x000000076ab00000,0x000000076dd33540,0x0000000790200000)
  from space 23040K, 97% used [0x0000000793680000,0x0000000794c614a0,0x0000000794d00000)
  to   space 38400K, 0% used [0x0000000790200000,0x0000000790200000,0x0000000792780000)
 ParOldGen       total 81920K, used 52873K [0x00000006c0000000, 0x00000006c5000000, 0x000000076ab00000)
  object space 81920K, 64% used [0x00000006c0000000,0x00000006c33a25f8,0x00000006c5000000)
 Metaspace       used 29139K, capacity 30514K, committed 30848K, reserved 1077248K
  class space    used 3582K, capacity 3887K, committed 3968K, reserved 1048576K

Card table byte_map: [0x000000010a76e000,0x000000010af6f000] byte_map_base: 0x000000010716e000

Marking Bits: (ParMarkBitMap*) 0x0000000109cf76c0
 Begin Bits: [0x000000011ca65000, 0x0000000120a65000)
 End Bits:   [0x0000000120a65000, 0x0000000124a65000)

Polling page: 0x0000000108304000

CodeCache: size=245760Kb used=22202Kb max_used=22213Kb free=223557Kb
 bounds [0x000000010da65000, 0x000000010f045000, 0x000000011ca65000]
 total_blobs=7576 nmethods=6728 adapters=760
 compilation: enabled

Compilation events (10 events):
Event: 779.305 Thread 0x00007fad1380e000 8252       4       com.sun.javafx.webkit.prism.WCGraphicsPrismContext::setTransform (69 bytes)
Event: 779.313 Thread 0x00007fad1380e000 nmethod 8252 0x000000010f034e50 code [0x000000010f035100, 0x000000010f035c28]
Event: 779.339 Thread 0x00007fad1380f000 8253       1       java.nio.Buffer::rewind (12 bytes)
Event: 779.340 Thread 0x00007fad1380f000 nmethod 8253 0x000000010f02ec90 code [0x000000010f02ede0, 0x000000010f02eef0]
Event: 779.355 Thread 0x00007fad1380f000 8254       3       com.sun.prism.impl.ps.PaintHelper::stopsToImage (140 bytes)
Event: 779.356 Thread 0x00007fad1380f000 nmethod 8254 0x000000010f0369d0 code [0x000000010f036c60, 0x000000010f037ec8]
Event: 779.706 Thread 0x00007fad1302a000 8255       4       com.sun.javafx.geom.transform.Affine3D::preConcatenate (521 bytes)
Event: 779.712 Thread 0x00007fad1302a000 nmethod 8255 0x000000010f038710 code [0x000000010f038980, 0x000000010f0391d8]
Event: 779.920 Thread 0x00007fad1302b000 8256       4       com.sun.javafx.geom.transform.Affine3D::translate (27 bytes)
Event: 779.921 Thread 0x00007fad1302b000 nmethod 8256 0x000000010f033690 code [0x000000010f0337e0, 0x000000010f033888]

GC Heap History (10 events):
Event: 657.449 GC heap before
{Heap before GC invocations=7 (full 1):
 PSYoungGen      total 141824K, used 131072K [0x000000076ab00000, 0x000000077bd00000, 0x00000007c0000000)
  eden space 131072K, 100% used [0x000000076ab00000,0x0000000772b00000,0x0000000772b00000)
  from space 10752K, 0% used [0x0000000772b00000,0x0000000772b00000,0x0000000773580000)
  to   space 9216K, 0% used [0x000000077b400000,0x000000077b400000,0x000000077bd00000)
 ParOldGen       total 81920K, used 8417K [0x00000006c0000000, 0x00000006c5000000, 0x000000076ab00000)
  object space 81920K, 10% used [0x00000006c0000000,0x00000006c0838430,0x00000006c5000000)
 Metaspace       used 25109K, capacity 26158K, committed 26368K, reserved 1073152K
  class space    used 3260K, capacity 3537K, committed 3584K, reserved 1048576K
Event: 657.457 GC heap after
Heap after GC invocations=7 (full 1):
 PSYoungGen      total 252928K, used 9213K [0x000000076ab00000, 0x000000077bd00000, 0x00000007c0000000)
  eden space 243712K, 0% used [0x000000076ab00000,0x000000076ab00000,0x0000000779900000)
  from space 9216K, 99% used [0x000000077b400000,0x000000077bcff540,0x000000077bd00000)
  to   space 14336K, 0% used [0x000000077a100000,0x000000077a100000,0x000000077af00000)
 ParOldGen       total 81920K, used 16045K [0x00000006c0000000, 0x00000006c5000000, 0x000000076ab00000)
  object space 81920K, 19% used [0x00000006c0000000,0x00000006c0fab5b8,0x00000006c5000000)
 Metaspace       used 25109K, capacity 26158K, committed 26368K, reserved 1073152K
  class space    used 3260K, capacity 3537K, committed 3584K, reserved 1048576K
}
Event: 676.088 GC heap before
{Heap before GC invocations=8 (full 1):
 PSYoungGen      total 252928K, used 252925K [0x000000076ab00000, 0x000000077bd00000, 0x00000007c0000000)
  eden space 243712K, 100% used [0x000000076ab00000,0x0000000779900000,0x0000000779900000)
  from space 9216K, 99% used [0x000000077b400000,0x000000077bcff540,0x000000077bd00000)
  to   space 14336K, 0% used [0x000000077a100000,0x000000077a100000,0x000000077af00000)
 ParOldGen       total 81920K, used 16045K [0x00000006c0000000, 0x00000006c5000000, 0x000000076ab00000)
  object space 81920K, 19% used [0x00000006c0000000,0x00000006c0fab5b8,0x00000006c5000000)
 Metaspace       used 26039K, capacity 27154K, committed 27392K, reserved 1073152K
  class space    used 3292K, capacity 3563K, committed 3584K, reserved 1048576K
Event: 676.103 GC heap after
Heap after GC invocations=8 (full 1):
 PSYoungGen      total 266240K, used 14332K [0x000000076ab00000, 0x0000000788880000, 0x00000007c0000000)
  eden space 251904K, 0% used [0x000000076ab00000,0x000000076ab00000,0x000000077a100000)
  from space 14336K, 99% used [0x000000077a100000,0x000000077aeff010,0x000000077af00000)
  to   space 22528K, 0% used [0x0000000787280000,0x0000000787280000,0x0000000788880000)
 ParOldGen       total 81920K, used 28347K [0x00000006c0000000, 0x00000006c5000000, 0x000000076ab00000)
  object space 81920K, 34% used [0x00000006c0000000,0x00000006c1baeec8,0x00000006c5000000)
 Metaspace       used 26039K, capacity 27154K, committed 27392K, reserved 1073152K
  class space    used 3292K, capacity 3563K, committed 3584K, reserved 1048576K
}
Event: 712.277 GC heap before
{Heap before GC invocations=9 (full 1):
 PSYoungGen      total 266240K, used 266236K [0x000000076ab00000, 0x0000000788880000, 0x00000007c0000000)
  eden space 251904K, 100% used [0x000000076ab00000,0x000000077a100000,0x000000077a100000)
  from space 14336K, 99% used [0x000000077a100000,0x000000077aeff010,0x000000077af00000)
  to   space 22528K, 0% used [0x0000000787280000,0x0000000787280000,0x0000000788880000)
 ParOldGen       total 81920K, used 28347K [0x00000006c0000000, 0x00000006c5000000, 0x000000076ab00000)
  object space 81920K, 34% used [0x00000006c0000000,0x00000006c1baeec8,0x00000006c5000000)
 Metaspace       used 27252K, capacity 28552K, committed 28672K, reserved 1075200K
  class space    used 3442K, capacity 3752K, committed 3840K, reserved 1048576K
Event: 712.292 GC heap after
Heap after GC invocations=9 (full 1):
 PSYoungGen      total 461312K, used 22525K [0x000000076ab00000, 0x0000000789580000, 0x00000007c0000000)
  eden space 438784K, 0% used [0x000000076ab00000,0x000000076ab00000,0x0000000785780000)
  from space 22528K, 99% used [0x0000000787280000,0x000000078887f4f0,0x0000000788880000)
  to   space 27648K, 0% used [0x0000000785780000,0x0000000785780000,0x0000000787280000)
 ParOldGen       total 81920K, used 31779K [0x00000006c0000000, 0x00000006c5000000, 0x000000076ab00000)
  object space 81920K, 38% used [0x00000006c0000000,0x00000006c1f08d80,0x00000006c5000000)
 Metaspace       used 27252K, capacity 28552K, committed 28672K, reserved 1075200K
  class space    used 3442K, capacity 3752K, committed 3840K, reserved 1048576K
}
Event: 767.279 GC heap before
{Heap before GC invocations=10 (full 1):
 PSYoungGen      total 461312K, used 461309K [0x000000076ab00000, 0x0000000789580000, 0x00000007c0000000)
  eden space 438784K, 100% used [0x000000076ab00000,0x0000000785780000,0x0000000785780000)
  from space 22528K, 99% used [0x0000000787280000,0x000000078887f4f0,0x0000000788880000)
  to   space 27648K, 0% used [0x0000000785780000,0x0000000785780000,0x0000000787280000)
 ParOldGen       total 81920K, used 31779K [0x00000006c0000000, 0x00000006c5000000, 0x000000076ab00000)
  object space 81920K, 38% used [0x00000006c0000000,0x00000006c1f08d80,0x00000006c5000000)
 Metaspace       used 28905K, capacity 30210K, committed 30336K, reserved 1075200K
  class space    used 3577K, capacity 3853K, committed 3968K, reserved 1048576K
Event: 767.300 GC heap after
Heap after GC invocations=10 (full 1):
 PSYoungGen      total 466432K, used 27636K [0x000000076ab00000, 0x0000000795c00000, 0x00000007c0000000)
  eden space 438784K, 0% used [0x000000076ab00000,0x000000076ab00000,0x0000000785780000)
  from space 27648K, 99% used [0x0000000785780000,0x000000078727d1a8,0x0000000787280000)
  to   space 38400K, 0% used [0x0000000793680000,0x0000000793680000,0x0000000795c00000)
 ParOldGen       total 81920K, used 47818K [0x00000006c0000000, 0x00000006c5000000, 0x000000076ab00000)
  object space 81920K, 58% used [0x00000006c0000000,0x00000006c2eb2b00,0x00000006c5000000)
 Metaspace       used 28905K, capacity 30210K, committed 30336K, reserved 1075200K
  class space    used 3577K, capacity 3853K, committed 3968K, reserved 1048576K
}
Event: 776.891 GC heap before
{Heap before GC invocations=11 (full 1):
 PSYoungGen      total 466432K, used 466420K [0x000000076ab00000, 0x0000000795c00000, 0x00000007c0000000)
  eden space 438784K, 100% used [0x000000076ab00000,0x0000000785780000,0x0000000785780000)
  from space 27648K, 99% used [0x0000000785780000,0x000000078727d1a8,0x0000000787280000)
  to   space 38400K, 0% used [0x0000000793680000,0x0000000793680000,0x0000000795c00000)
 ParOldGen       total 81920K, used 47818K [0x00000006c0000000, 0x00000006c5000000, 0x000000076ab00000)
  object space 81920K, 58% used [0x00000006c0000000,0x00000006c2eb2b00,0x00000006c5000000)
 Metaspace       used 29072K, capacity 30414K, committed 30592K, reserved 1075200K
  class space    used 3580K, capacity 3855K, committed 3968K, reserved 1048576K
Event: 776.905 GC heap after
Heap after GC invocations=11 (full 1):
 PSYoungGen      total 636416K, used 22405K [0x000000076ab00000, 0x0000000794d00000, 0x00000007c0000000)
  eden space 613376K, 0% used [0x000000076ab00000,0x000000076ab00000,0x0000000790200000)
  from space 23040K, 97% used [0x0000000793680000,0x0000000794c614a0,0x0000000794d00000)
  to   space 38400K, 0% used [0x0000000790200000,0x0000000790200000,0x0000000792780000)
 ParOldGen       total 81920K, used 52873K [0x00000006c0000000, 0x00000006c5000000, 0x000000076ab00000)
  object space 81920K, 64% used [0x00000006c0000000,0x00000006c33a25f8,0x00000006c5000000)
 Metaspace       used 29072K, capacity 30414K, committed 30592K, reserved 1075200K
  class space    used 3580K, capacity 3855K, committed 3968K, reserved 1048576K
}

Deoptimization events (10 events):
Event: 777.688 Thread 0x00007fad12001000 Uncommon trap: reason=unstable_if action=reinterpret pc=0x000000010e9c4670 method=com.sun.scenario.effect.impl.ImagePool.checkOut(Lcom/sun/scenario/effect/impl/Renderer;II)Lcom/sun/scenario/effect/impl/PoolFilterable; @ 5
Event: 777.688 Thread 0x00007fad12001000 Uncommon trap: reason=class_check action=maybe_recompile pc=0x000000010e55a520 method=com.sun.prism.impl.shape.NativePiscesRasterizer.getMaskData(Lcom/sun/javafx/geom/Shape;Lcom/sun/prism/BasicStroke;Lcom/sun/javafx/geom/RectBounds;Lcom/sun/javafx/geom/tr
Event: 777.688 Thread 0x00007fad12001000 Uncommon trap: reason=class_check action=maybe_recompile pc=0x000000010dfcdd50 method=com.sun.javafx.geom.Path2D.<init>(Lcom/sun/javafx/geom/Shape;Lcom/sun/javafx/geom/transform/BaseTransform;)V @ 5
Event: 777.688 Thread 0x00007fad12001000 Uncommon trap: reason=class_check action=maybe_recompile pc=0x000000010e55a520 method=com.sun.prism.impl.shape.NativePiscesRasterizer.getMaskData(Lcom/sun/javafx/geom/Shape;Lcom/sun/prism/BasicStroke;Lcom/sun/javafx/geom/RectBounds;Lcom/sun/javafx/geom/tr
Event: 777.688 Thread 0x00007fad12001000 Uncommon trap: reason=class_check action=maybe_recompile pc=0x000000010dfcdd50 method=com.sun.javafx.geom.Path2D.<init>(Lcom/sun/javafx/geom/Shape;Lcom/sun/javafx/geom/transform/BaseTransform;)V @ 5
Event: 779.188 Thread 0x00007fad12001000 Uncommon trap: reason=unstable_if action=reinterpret pc=0x000000010dff4de4 method=com.sun.prism.impl.ps.BaseShaderGraphics.renderGeneralRoundedRect(FFFFFFLcom/sun/prism/impl/ps/BaseShaderContext$MaskType;Lcom/sun/prism/BasicStroke;)V @ 191
Event: 779.189 Thread 0x00007fad12001000 Uncommon trap: reason=bimorphic action=maybe_recompile pc=0x000000010e4f40e8 method=com.sun.javafx.sg.prism.NGNode.getContentBounds(Lcom/sun/javafx/geom/BaseBounds;Lcom/sun/javafx/geom/transform/BaseTransform;)Lcom/sun/javafx/geom/BaseBounds; @ 17
Event: 779.206 Thread 0x00007fad12001000 Uncommon trap: reason=bimorphic action=maybe_recompile pc=0x000000010e4f40e8 method=com.sun.javafx.sg.prism.NGNode.getContentBounds(Lcom/sun/javafx/geom/BaseBounds;Lcom/sun/javafx/geom/transform/BaseTransform;)Lcom/sun/javafx/geom/BaseBounds; @ 17
Event: 779.223 Thread 0x00007fad12001000 Uncommon trap: reason=bimorphic action=maybe_recompile pc=0x000000010e4f40e8 method=com.sun.javafx.sg.prism.NGNode.getContentBounds(Lcom/sun/javafx/geom/BaseBounds;Lcom/sun/javafx/geom/transform/BaseTransform;)Lcom/sun/javafx/geom/BaseBounds; @ 17
Event: 779.238 Thread 0x00007fad12001000 Uncommon trap: reason=bimorphic action=maybe_recompile pc=0x000000010e4f40e8 method=com.sun.javafx.sg.prism.NGNode.getContentBounds(Lcom/sun/javafx/geom/BaseBounds;Lcom/sun/javafx/geom/transform/BaseTransform;)Lcom/sun/javafx/geom/BaseBounds; @ 17

Classes redefined (0 events):
No events

Internal exceptions (10 events):
Event: 743.742 Thread 0x00007fad130a4800 Exception <a 'java/io/IOException': Improper call to JPEG library in state 200> (0x000000077992b7a8) thrown at [/Users/java_re/workspace/8-2-build-macosx-x86_64/jdk8u161/10277/hotspot/src/share/vm/prims/jni.cpp, line 735]
Event: 743.742 Thread 0x00007fad130a4800 Exception <a 'java/io/IOException': Improper call to JPEG library in state 200> (0x000000077992efd8) thrown at [/Users/java_re/workspace/8-2-build-macosx-x86_64/jdk8u161/10277/hotspot/src/share/vm/prims/jni.cpp, line 735]
Event: 745.556 Thread 0x00007fad130a4800 Exception <a 'java/io/IOException': Improper call to JPEG library in state 200> (0x000000077a4e4640) thrown at [/Users/java_re/workspace/8-2-build-macosx-x86_64/jdk8u161/10277/hotspot/src/share/vm/prims/jni.cpp, line 735]
Event: 745.556 Thread 0x00007fad130a4800 Exception <a 'java/io/IOException': Improper call to JPEG library in state 200> (0x000000077a4e7dd0) thrown at [/Users/java_re/workspace/8-2-build-macosx-x86_64/jdk8u161/10277/hotspot/src/share/vm/prims/jni.cpp, line 735]
Event: 745.556 Thread 0x00007fad130a4800 Exception <a 'java/io/IOException': Improper call to JPEG library in state 200> (0x000000077a4ef2b8) thrown at [/Users/java_re/workspace/8-2-build-macosx-x86_64/jdk8u161/10277/hotspot/src/share/vm/prims/jni.cpp, line 735]
Event: 745.556 Thread 0x00007fad130a4800 Exception <a 'java/io/IOException': Improper call to JPEG library in state 200> (0x000000077a4f2ae8) thrown at [/Users/java_re/workspace/8-2-build-macosx-x86_64/jdk8u161/10277/hotspot/src/share/vm/prims/jni.cpp, line 735]
Event: 749.963 Thread 0x00007fad130a4800 Exception <a 'java/io/IOException': Improper call to JPEG library in state 200> (0x000000077a986ce8) thrown at [/Users/java_re/workspace/8-2-build-macosx-x86_64/jdk8u161/10277/hotspot/src/share/vm/prims/jni.cpp, line 735]
Event: 763.595 Thread 0x00007fad130a4800 Exception <a 'java/io/FileNotFoundException'> (0x000000077e6909d0) thrown at [/Users/java_re/workspace/8-2-build-macosx-x86_64/jdk8u161/10277/hotspot/src/share/vm/prims/jni.cpp, line 709]
Event: 763.595 Thread 0x00007fad130a4800 Exception <a 'java/io/FileNotFoundException'> (0x000000077e691508) thrown at [/Users/java_re/workspace/8-2-build-macosx-x86_64/jdk8u161/10277/hotspot/src/share/vm/prims/jni.cpp, line 709]
Event: 764.942 Thread 0x00007fad130a4800 Exception <a 'java/io/IOException': Improper call to JPEG library in state 200> (0x000000078317b3f0) thrown at [/Users/java_re/workspace/8-2-build-macosx-x86_64/jdk8u161/10277/hotspot/src/share/vm/prims/jni.cpp, line 735]

Events (10 events):
Event: 779.357 Executing VM operation: RevokeBias done
Event: 779.357 Thread 0x00007fad1c9a2800 Thread exited: 0x00007fad1c9a2800
Event: 779.357 Executing VM operation: RevokeBias
Event: 779.357 Executing VM operation: RevokeBias done
Event: 779.357 Thread 0x00007fad1d64e800 Thread exited: 0x00007fad1d64e800
Event: 779.664 Executing VM operation: RevokeBias
Event: 779.664 Executing VM operation: RevokeBias done
Event: 779.664 Thread 0x00007fad12392000 Thread exited: 0x00007fad12392000
Event: 779.936 Thread 0x00007fad1c741800 Thread added: 0x00007fad1c741800
Event: 779.936 Thread 0x00007fad1c741800 Thread exited: 0x00007fad1c741800


Dynamic libraries:
0x000000001a359000 	/System/Library/Frameworks/Cocoa.framework/Versions/A/Cocoa
0x000000001a359000 	/System/Library/Frameworks/Security.framework/Versions/A/Security
0x000000001a359000 	/System/Library/Frameworks/ApplicationServices.framework/Versions/A/ApplicationServices
0x000000001a359000 	/usr/lib/libz.1.dylib
0x000000001a359000 	/usr/lib/libSystem.B.dylib
0x000000001a359000 	/usr/lib/libobjc.A.dylib
0x000000001a359000 	/System/Library/Frameworks/CoreFoundation.framework/Versions/A/CoreFoundation
0x000000001a359000 	/System/Library/Frameworks/Foundation.framework/Versions/C/Foundation
0x000000001a359000 	/System/Library/Frameworks/AppKit.framework/Versions/C/AppKit
0x000000001a359000 	/System/Library/Frameworks/CoreData.framework/Versions/A/CoreData
0x000000001a359000 	/System/Library/PrivateFrameworks/RemoteViewServices.framework/Versions/A/RemoteViewServices
0x000000001a359000 	/System/Library/PrivateFrameworks/UIFoundation.framework/Versions/A/UIFoundation
0x000000001a359000 	/System/Library/PrivateFrameworks/DFRFoundation.framework/Versions/A/DFRFoundation
0x000000001a359000 	/System/Library/Frameworks/Metal.framework/Versions/A/Metal
0x000000001a359000 	/System/Library/PrivateFrameworks/DesktopServicesPriv.framework/Versions/A/DesktopServicesPriv
0x000000001a359000 	/usr/lib/libenergytrace.dylib
0x000000001a359000 	/System/Library/PrivateFrameworks/SkyLight.framework/Versions/A/SkyLight
0x000000001a359000 	/System/Library/Frameworks/CoreGraphics.framework/Versions/A/CoreGraphics
0x000000001a359000 	/usr/lib/libScreenReader.dylib
0x000000001a359000 	/System/Library/Frameworks/Accelerate.framework/Versions/A/Accelerate
0x000000001a359000 	/System/Library/Frameworks/IOSurface.framework/Versions/A/IOSurface
0x000000001a359000 	/System/Library/Frameworks/AudioToolbox.framework/Versions/A/AudioToolbox
0x000000001a359000 	/System/Library/Frameworks/AudioUnit.framework/Versions/A/AudioUnit
0x000000001a359000 	/System/Library/PrivateFrameworks/DataDetectorsCore.framework/Versions/A/DataDetectorsCore
0x000000001a359000 	/System/Library/Frameworks/Carbon.framework/Versions/A/Frameworks/HIToolbox.framework/Versions/A/HIToolbox
0x000000001a359000 	/usr/lib/libicucore.A.dylib
0x000000001a359000 	/System/Library/Frameworks/QuartzCore.framework/Versions/A/QuartzCore
0x000000001a359000 	/System/Library/Frameworks/Carbon.framework/Versions/A/Frameworks/SpeechRecognition.framework/Versions/A/SpeechRecognition
0x000000001a359000 	/usr/lib/libauto.dylib
0x000000001a359000 	/usr/lib/libxml2.2.dylib
0x000000001a359000 	/System/Library/PrivateFrameworks/CoreUI.framework/Versions/A/CoreUI
0x000000001a359000 	/System/Library/Frameworks/CoreAudio.framework/Versions/A/CoreAudio
0x000000001a359000 	/System/Library/Frameworks/DiskArbitration.framework/Versions/A/DiskArbitration
0x000000001a359000 	/usr/lib/liblangid.dylib
0x000000001a359000 	/System/Library/PrivateFrameworks/MultitouchSupport.framework/Versions/A/MultitouchSupport
0x000000001a359000 	/System/Library/Frameworks/IOKit.framework/Versions/A/IOKit
0x000000001a359000 	/usr/lib/libDiagnosticMessagesClient.dylib
0x000000001a359000 	/System/Library/Frameworks/CoreServices.framework/Versions/A/CoreServices
0x000000001a359000 	/System/Library/PrivateFrameworks/PerformanceAnalysis.framework/Versions/A/PerformanceAnalysis
0x000000001a359000 	/System/Library/Frameworks/OpenGL.framework/Versions/A/OpenGL
0x000000001a359000 	/System/Library/Frameworks/ColorSync.framework/Versions/A/ColorSync
0x000000001a359000 	/System/Library/Frameworks/CoreImage.framework/Versions/A/CoreImage
0x000000001a359000 	/System/Library/Frameworks/CoreText.framework/Versions/A/CoreText
0x000000001a359000 	/System/Library/Frameworks/ImageIO.framework/Versions/A/ImageIO
0x000000001a359000 	/System/Library/PrivateFrameworks/Backup.framework/Versions/A/Backup
0x000000001a359000 	/usr/lib/libarchive.2.dylib
0x000000001a359000 	/System/Library/Frameworks/CFNetwork.framework/Versions/A/CFNetwork
0x000000001a359000 	/System/Library/Frameworks/SystemConfiguration.framework/Versions/A/SystemConfiguration
0x000000001a359000 	/usr/lib/libCRFSuite.dylib
0x000000001a359000 	/usr/lib/libc++.1.dylib
0x000000001a359000 	/usr/lib/libc++abi.dylib
0x000000001a359000 	/usr/lib/system/libcache.dylib
0x000000001a359000 	/usr/lib/system/libcommonCrypto.dylib
0x000000001a359000 	/usr/lib/system/libcompiler_rt.dylib
0x000000001a359000 	/usr/lib/system/libcopyfile.dylib
0x000000001a359000 	/usr/lib/system/libcorecrypto.dylib
0x000000001a359000 	/usr/lib/system/libdispatch.dylib
0x000000001a359000 	/usr/lib/system/libdyld.dylib
0x000000001a359000 	/usr/lib/system/libkeymgr.dylib
0x000000001a359000 	/usr/lib/system/liblaunch.dylib
0x000000001a359000 	/usr/lib/system/libmacho.dylib
0x000000001a359000 	/usr/lib/system/libquarantine.dylib
0x000000001a359000 	/usr/lib/system/libremovefile.dylib
0x000000001a359000 	/usr/lib/system/libsystem_asl.dylib
0x000000001a359000 	/usr/lib/system/libsystem_blocks.dylib
0x000000001a359000 	/usr/lib/system/libsystem_c.dylib
0x000000001a359000 	/usr/lib/system/libsystem_configuration.dylib
0x000000001a359000 	/usr/lib/system/libsystem_coreservices.dylib
0x000000001a359000 	/usr/lib/system/libsystem_darwin.dylib
0x000000001a359000 	/usr/lib/system/libsystem_dnssd.dylib
0x000000001a359000 	/usr/lib/system/libsystem_info.dylib
0x000000001a359000 	/usr/lib/system/libsystem_m.dylib
0x000000001a359000 	/usr/lib/system/libsystem_malloc.dylib
0x000000001a359000 	/usr/lib/system/libsystem_network.dylib
0x000000001a359000 	/usr/lib/system/libsystem_networkextension.dylib
0x000000001a359000 	/usr/lib/system/libsystem_notify.dylib
0x000000001a359000 	/usr/lib/system/libsystem_sandbox.dylib
0x000000001a359000 	/usr/lib/system/libsystem_secinit.dylib
0x000000001a359000 	/usr/lib/system/libsystem_kernel.dylib
0x000000001a359000 	/usr/lib/system/libsystem_platform.dylib
0x000000001a359000 	/usr/lib/system/libsystem_pthread.dylib
0x000000001a359000 	/usr/lib/system/libsystem_symptoms.dylib
0x000000001a359000 	/usr/lib/system/libsystem_trace.dylib
0x000000001a359000 	/usr/lib/system/libunwind.dylib
0x000000001a359000 	/usr/lib/system/libxpc.dylib
0x000000001a359000 	/usr/lib/closure/libclosured.dylib
0x000000001a359000 	/usr/lib/libbsm.0.dylib
0x000000001a359000 	/usr/lib/system/libkxld.dylib
0x000000001a359000 	/usr/lib/libOpenScriptingUtil.dylib
0x000000001a359000 	/usr/lib/libcoretls.dylib
0x000000001a359000 	/usr/lib/libcoretls_cfhelpers.dylib
0x000000001a359000 	/usr/lib/libpam.2.dylib
0x000000001a359000 	/usr/lib/libsqlite3.dylib
0x000000001a359000 	/usr/lib/libxar.1.dylib
0x000000001a359000 	/usr/lib/libbz2.1.0.dylib
0x000000001a359000 	/usr/lib/liblzma.5.dylib
0x000000001a359000 	/usr/lib/libnetwork.dylib
0x000000001a359000 	/usr/lib/libapple_nghttp2.dylib
0x000000001a359000 	/usr/lib/libpcap.A.dylib
0x000000001a359000 	/usr/lib/libboringssl.dylib
0x000000001a359000 	/usr/lib/libusrtcp.dylib
0x000000001a359000 	/usr/lib/libapple_crypto.dylib
0x000000001a359000 	/System/Library/Frameworks/CoreServices.framework/Versions/A/Frameworks/FSEvents.framework/Versions/A/FSEvents
0x000000001a359000 	/System/Library/Frameworks/CoreServices.framework/Versions/A/Frameworks/CarbonCore.framework/Versions/A/CarbonCore
0x000000001a359000 	/System/Library/Frameworks/CoreServices.framework/Versions/A/Frameworks/Metadata.framework/Versions/A/Metadata
0x000000001a359000 	/System/Library/Frameworks/CoreServices.framework/Versions/A/Frameworks/OSServices.framework/Versions/A/OSServices
0x000000001a359000 	/System/Library/Frameworks/CoreServices.framework/Versions/A/Frameworks/SearchKit.framework/Versions/A/SearchKit
0x000000001a359000 	/System/Library/Frameworks/CoreServices.framework/Versions/A/Frameworks/AE.framework/Versions/A/AE
0x000000001a359000 	/System/Library/Frameworks/CoreServices.framework/Versions/A/Frameworks/LaunchServices.framework/Versions/A/LaunchServices
0x000000001a359000 	/System/Library/Frameworks/CoreServices.framework/Versions/A/Frameworks/DictionaryServices.framework/Versions/A/DictionaryServices
0x000000001a359000 	/System/Library/Frameworks/CoreServices.framework/Versions/A/Frameworks/SharedFileList.framework/Versions/A/SharedFileList
0x000000001a359000 	/System/Library/Frameworks/NetFS.framework/Versions/A/NetFS
0x000000001a359000 	/System/Library/PrivateFrameworks/NetAuth.framework/Versions/A/NetAuth
0x000000001a359000 	/System/Library/PrivateFrameworks/login.framework/Versions/A/Frameworks/loginsupport.framework/Versions/A/loginsupport
0x000000001a359000 	/System/Library/PrivateFrameworks/TCC.framework/Versions/A/TCC
0x000000001a359000 	/usr/lib/libmecabra.dylib
0x000000001a359000 	/System/Library/Frameworks/ApplicationServices.framework/Versions/A/Frameworks/ATS.framework/Versions/A/ATS
0x000000001a359000 	/System/Library/Frameworks/ApplicationServices.framework/Versions/A/Frameworks/ColorSyncLegacy.framework/Versions/A/ColorSyncLegacy
0x000000001a359000 	/System/Library/Frameworks/ApplicationServices.framework/Versions/A/Frameworks/HIServices.framework/Versions/A/HIServices
0x000000001a359000 	/System/Library/Frameworks/ApplicationServices.framework/Versions/A/Frameworks/LangAnalysis.framework/Versions/A/LangAnalysis
0x000000001a359000 	/System/Library/Frameworks/ApplicationServices.framework/Versions/A/Frameworks/PrintCore.framework/Versions/A/PrintCore
0x000000001a359000 	/System/Library/Frameworks/ApplicationServices.framework/Versions/A/Frameworks/QD.framework/Versions/A/QD
0x000000001a359000 	/System/Library/Frameworks/ApplicationServices.framework/Versions/A/Frameworks/SpeechSynthesis.framework/Versions/A/SpeechSynthesis
0x000000001a359000 	/System/Library/Frameworks/CoreDisplay.framework/Versions/A/CoreDisplay
0x000000001a359000 	/System/Library/Frameworks/Accelerate.framework/Versions/A/Frameworks/vImage.framework/Versions/A/vImage
0x000000001a359000 	/System/Library/Frameworks/Accelerate.framework/Versions/A/Frameworks/vecLib.framework/Versions/A/vecLib
0x000000001a359000 	/System/Library/Frameworks/Accelerate.framework/Versions/A/Frameworks/vecLib.framework/Versions/A/libvDSP.dylib
0x000000001a359000 	/System/Library/Frameworks/Accelerate.framework/Versions/A/Frameworks/vecLib.framework/Versions/A/libBNNS.dylib
0x000000001a359000 	/System/Library/Frameworks/Accelerate.framework/Versions/A/Frameworks/vecLib.framework/Versions/A/libQuadrature.dylib
0x000000001a359000 	/System/Library/Frameworks/Accelerate.framework/Versions/A/Frameworks/vecLib.framework/Versions/A/libvMisc.dylib
0x000000001a359000 	/System/Library/Frameworks/Accelerate.framework/Versions/A/Frameworks/vecLib.framework/Versions/A/libLAPACK.dylib
0x000000001a359000 	/System/Library/Frameworks/Accelerate.framework/Versions/A/Frameworks/vecLib.framework/Versions/A/libBLAS.dylib
0x000000001a359000 	/System/Library/Frameworks/Accelerate.framework/Versions/A/Frameworks/vecLib.framework/Versions/A/libLinearAlgebra.dylib
0x000000001a359000 	/System/Library/Frameworks/Accelerate.framework/Versions/A/Frameworks/vecLib.framework/Versions/A/libSparse.dylib
0x000000001a359000 	/System/Library/Frameworks/Accelerate.framework/Versions/A/Frameworks/vecLib.framework/Versions/A/libSparseBLAS.dylib
0x000000001a359000 	/System/Library/PrivateFrameworks/IOAccelerator.framework/Versions/A/IOAccelerator
0x000000001a359000 	/System/Library/PrivateFrameworks/IOPresentment.framework/Versions/A/IOPresentment
0x000000001a359000 	/System/Library/PrivateFrameworks/DSExternalDisplay.framework/Versions/A/DSExternalDisplay
0x000000001a359000 	/System/Library/Frameworks/OpenGL.framework/Versions/A/Libraries/libCoreFSCache.dylib
0x000000001a359000 	/System/Library/Frameworks/CoreVideo.framework/Versions/A/CoreVideo
0x000000001a359000 	/System/Library/PrivateFrameworks/GraphVisualizer.framework/Versions/A/GraphVisualizer
0x000000001a359000 	/System/Library/Frameworks/MetalPerformanceShaders.framework/Versions/A/MetalPerformanceShaders
0x000000001a359000 	/usr/lib/libFosl_dynamic.dylib
0x000000001a359000 	/System/Library/PrivateFrameworks/FaceCore.framework/Versions/A/FaceCore
0x000000001a359000 	/System/Library/Frameworks/OpenCL.framework/Versions/A/OpenCL
0x000000001a359000 	/usr/lib/libcompression.dylib
0x000000001a359000 	/System/Library/Frameworks/ApplicationServices.framework/Versions/A/Frameworks/ATS.framework/Versions/A/Resources/libFontParser.dylib
0x000000001a359000 	/System/Library/Frameworks/ApplicationServices.framework/Versions/A/Frameworks/ATS.framework/Versions/A/Resources/libFontRegistry.dylib
0x000000001a359000 	/System/Library/Frameworks/ImageIO.framework/Versions/A/Resources/libJPEG.dylib
0x000000001a359000 	/System/Library/Frameworks/ImageIO.framework/Versions/A/Resources/libTIFF.dylib
0x000000001a359000 	/System/Library/Frameworks/ImageIO.framework/Versions/A/Resources/libPng.dylib
0x000000001a359000 	/System/Library/Frameworks/ImageIO.framework/Versions/A/Resources/libGIF.dylib
0x000000001a359000 	/System/Library/Frameworks/ImageIO.framework/Versions/A/Resources/libJP2.dylib
0x000000001a359000 	/System/Library/Frameworks/ImageIO.framework/Versions/A/Resources/libRadiance.dylib
0x000000001a359000 	/System/Library/PrivateFrameworks/AppleJPEG.framework/Versions/A/AppleJPEG
0x000000001a359000 	/System/Library/PrivateFrameworks/MetalTools.framework/Versions/A/MetalTools
0x000000001a359000 	/System/Library/Frameworks/MetalPerformanceShaders.framework/Frameworks/MPSCore.framework/Versions/A/MPSCore
0x000000001a359000 	/System/Library/Frameworks/MetalPerformanceShaders.framework/Frameworks/MPSImage.framework/Versions/A/MPSImage
0x000000001a359000 	/System/Library/Frameworks/MetalPerformanceShaders.framework/Frameworks/MPSMatrix.framework/Versions/A/MPSMatrix
0x000000001a359000 	/System/Library/Frameworks/MetalPerformanceShaders.framework/Frameworks/MPSNeuralNetwork.framework/Versions/A/MPSNeuralNetwork
0x000000001a359000 	/System/Library/Frameworks/OpenGL.framework/Versions/A/Libraries/libGLU.dylib
0x000000001a359000 	/System/Library/Frameworks/OpenGL.framework/Versions/A/Libraries/libGFXShared.dylib
0x000000001a359000 	/System/Library/Frameworks/OpenGL.framework/Versions/A/Libraries/libGL.dylib
0x000000001a359000 	/System/Library/Frameworks/OpenGL.framework/Versions/A/Libraries/libGLImage.dylib
0x000000001a359000 	/System/Library/Frameworks/OpenGL.framework/Versions/A/Libraries/libCVMSPluginSupport.dylib
0x000000001a359000 	/System/Library/Frameworks/OpenGL.framework/Versions/A/Libraries/libCoreVMClient.dylib
0x000000001a359000 	/usr/lib/libcups.2.dylib
0x000000001a359000 	/System/Library/Frameworks/Kerberos.framework/Versions/A/Kerberos
0x000000001a359000 	/System/Library/Frameworks/GSS.framework/Versions/A/GSS
0x000000001a359000 	/usr/lib/libresolv.9.dylib
0x000000001a359000 	/usr/lib/libiconv.2.dylib
0x000000001a359000 	/System/Library/PrivateFrameworks/Heimdal.framework/Versions/A/Heimdal
0x000000001a359000 	/usr/lib/libheimdal-asn1.dylib
0x000000001a359000 	/System/Library/Frameworks/OpenDirectory.framework/Versions/A/OpenDirectory
0x000000001a359000 	/System/Library/PrivateFrameworks/CommonAuth.framework/Versions/A/CommonAuth
0x000000001a359000 	/System/Library/Frameworks/OpenDirectory.framework/Versions/A/Frameworks/CFOpenDirectory.framework/Versions/A/CFOpenDirectory
0x000000001a359000 	/System/Library/Frameworks/SecurityFoundation.framework/Versions/A/SecurityFoundation
0x000000001a359000 	/System/Library/PrivateFrameworks/APFS.framework/Versions/A/APFS
0x000000001a359000 	/usr/lib/libutil.dylib
0x000000001a359000 	/System/Library/PrivateFrameworks/AppleSauce.framework/Versions/A/AppleSauce
0x000000001a359000 	/System/Library/PrivateFrameworks/LinguisticData.framework/Versions/A/LinguisticData
0x000000001a359000 	/usr/lib/libmarisa.dylib
0x000000001a359000 	/System/Library/PrivateFrameworks/Lexicon.framework/Versions/A/Lexicon
0x000000001a359000 	/usr/lib/libChineseTokenizer.dylib
0x000000001a359000 	/usr/lib/libcmph.dylib
0x000000001a359000 	/System/Library/PrivateFrameworks/LanguageModeling.framework/Versions/A/LanguageModeling
0x000000001a359000 	/System/Library/PrivateFrameworks/CoreEmoji.framework/Versions/A/CoreEmoji
0x000000001a359000 	/System/Library/Frameworks/ServiceManagement.framework/Versions/A/ServiceManagement
0x000000001a359000 	/System/Library/PrivateFrameworks/BackgroundTaskManagement.framework/Versions/A/BackgroundTaskManagement
0x000000001a359000 	/usr/lib/libxslt.1.dylib
0x000000001a359000 	/System/Library/Frameworks/Carbon.framework/Versions/A/Frameworks/Ink.framework/Versions/A/Ink
0x000000001a359000 	/System/Library/PrivateFrameworks/TextureIO.framework/Versions/A/TextureIO
0x000000001a359000 	/usr/lib/libate.dylib
0x000000001a359000 	/System/Library/PrivateFrameworks/CrashReporterSupport.framework/Versions/A/CrashReporterSupport
0x000000001a359000 	/System/Library/PrivateFrameworks/Sharing.framework/Versions/A/Sharing
0x000000001a359000 	/System/Library/PrivateFrameworks/IconServices.framework/Versions/A/IconServices
0x000000001a359000 	/System/Library/PrivateFrameworks/ProtocolBuffer.framework/Versions/A/ProtocolBuffer
0x000000001a359000 	/System/Library/PrivateFrameworks/Apple80211.framework/Versions/A/Apple80211
0x000000001a359000 	/System/Library/Frameworks/CoreWLAN.framework/Versions/A/CoreWLAN
0x000000001a359000 	/System/Library/PrivateFrameworks/CoreUtils.framework/Versions/A/CoreUtils
0x000000001a359000 	/System/Library/Frameworks/IOBluetooth.framework/Versions/A/IOBluetooth
0x000000001a359000 	/System/Library/PrivateFrameworks/CoreWiFi.framework/Versions/A/CoreWiFi
0x000000001a359000 	/System/Library/Frameworks/CoreBluetooth.framework/Versions/A/CoreBluetooth
0x000000001a359000 	/System/Library/PrivateFrameworks/SignpostNotification.framework/Versions/A/SignpostNotification
0x000000001a359000 	/System/Library/PrivateFrameworks/DebugSymbols.framework/Versions/A/DebugSymbols
0x000000001a359000 	/System/Library/PrivateFrameworks/CoreSymbolication.framework/Versions/A/CoreSymbolication
0x000000001a359000 	/System/Library/PrivateFrameworks/Symbolication.framework/Versions/A/Symbolication
0x000000001a359000 	/System/Library/PrivateFrameworks/AppleFSCompression.framework/Versions/A/AppleFSCompression
0x000000001a359000 	/System/Library/PrivateFrameworks/SpeechRecognitionCore.framework/Versions/A/SpeechRecognitionCore
0x0000000109400000 	/Library/Java/JavaVirtualMachines/jdk1.8.0_161.jdk/Contents/Home/jre/lib/server/libjvm.dylib
0x000000001a359000 	/usr/lib/libstdc++.6.0.9.dylib
0x00000001082c0000 	/Library/Java/JavaVirtualMachines/jdk1.8.0_161.jdk/Contents/Home/jre/lib/libverify.dylib
0x00000001082ce000 	/Library/Java/JavaVirtualMachines/jdk1.8.0_161.jdk/Contents/Home/jre/lib/libjava.dylib
0x0000000108305000 	/Library/Java/JavaVirtualMachines/jdk1.8.0_161.jdk/Contents/Home/jre/lib/libinstrument.dylib
0x00000001083a3000 	/Library/Java/JavaVirtualMachines/jdk1.8.0_161.jdk/Contents/Home/jre/lib/libzip.dylib
0x0000000127073000 	/Library/Java/JavaVirtualMachines/jdk1.8.0_161.jdk/Contents/Home/jre/lib/libnet.dylib
0x00000001270d2000 	/Library/Java/JavaVirtualMachines/jdk1.8.0_161.jdk/Contents/Home/jre/lib/libprism_es2.dylib
0x000000001a359000 	/System/Library/PrivateFrameworks/CoreServicesInternal.framework/Versions/A/CoreServicesInternal
0x000000001a359000 	/System/Library/Frameworks/OpenGL.framework/Versions/A/Resources/GLEngine.bundle/GLEngine
0x000000001a359000 	/System/Library/Frameworks/OpenGL.framework/Versions/A/Libraries/libGLProgrammability.dylib
0x000000012717c000 	/System/Library/Extensions/AppleIntelHD5000GraphicsGLDriver.bundle/Contents/MacOS/AppleIntelHD5000GraphicsGLDriver
0x000000001a359000 	/System/Library/PrivateFrameworks/GPUSupport.framework/Versions/A/Libraries/libGPUSupportMercury.dylib
0x00000001278e6000 	/System/Library/Extensions/AMDRadeonX4000GLDriver.bundle/Contents/MacOS/AMDRadeonX4000GLDriver
0x000000001a359000 	/System/Library/Extensions/AMDRadeonX4000GLDriver.bundle/Contents/MacOS/ATIRadeonX4000SCLib.dylib
0x000000001a359000 	/System/Library/Frameworks/OpenGL.framework/Versions/A/Resources/GLRendererFloat.bundle/GLRendererFloat
0x000000001a359000 	/System/Library/Frameworks/OpenCL.framework/Versions/A/Libraries/libcldcpuengine.dylib
0x000000001a359000 	/usr/lib/libcrypto.35.dylib
0x000000001a359000 	/System/Library/PrivateFrameworks/TrustEvaluationAgent.framework/Versions/A/TrustEvaluationAgent
0x0000000127a4e000 	/Library/Java/JavaVirtualMachines/jdk1.8.0_161.jdk/Contents/Home/jre/lib/libglass.dylib
0x000000001a359000 	/System/Library/CoreServices/RawCamera.bundle/Contents/MacOS/RawCamera
0x000000001a359000 	/System/Library/PrivateFrameworks/MobileAsset.framework/Versions/A/MobileAsset
0x000000001a359000 	/System/Library/PrivateFrameworks/StreamingZip.framework/Versions/A/StreamingZip
0x000000001a359000 	/System/Library/Frameworks/MediaToolbox.framework/Versions/A/MediaToolbox
0x000000001a359000 	/System/Library/PrivateFrameworks/CoreAVCHD.framework/Versions/A/CoreAVCHD
0x000000001a359000 	/System/Library/Frameworks/MediaAccessibility.framework/Versions/A/MediaAccessibility
0x000000001a359000 	/System/Library/PrivateFrameworks/Mangrove.framework/Versions/A/Mangrove
0x000000001a359000 	/System/Library/Frameworks/CoreMedia.framework/Versions/A/CoreMedia
0x000000001a359000 	/System/Library/Frameworks/VideoToolbox.framework/Versions/A/VideoToolbox
0x000000001a359000 	/System/Library/PrivateFrameworks/CoreAUC.framework/Versions/A/CoreAUC
0x000000001a359000 	/usr/lib/libspindump.dylib
0x000000001a359000 	/usr/lib/libdscsym.dylib
0x000000001a359000 	/System/Library/PrivateFrameworks/AppleVA.framework/Versions/A/AppleVA
0x000000001a359000 	/System/Library/Frameworks/Accelerate.framework/Versions/A/Frameworks/vImage.framework/Versions/A/Libraries/libCGInterfaces.dylib
0x000000001a359000 	/System/Library/PrivateFrameworks/FamilyControls.framework/Versions/A/FamilyControls
0x000000001a359000 	/System/Library/PrivateFrameworks/CommerceKit.framework/Versions/A/Frameworks/CommerceCore.framework/Versions/A/CommerceCore
0x000000001a359000 	/System/Library/PrivateFrameworks/SystemAdministration.framework/Versions/A/SystemAdministration
0x000000001a359000 	/System/Library/PrivateFrameworks/AppContainer.framework/Versions/A/AppContainer
0x000000001a359000 	/System/Library/PrivateFrameworks/SecCodeWrapper.framework/Versions/A/SecCodeWrapper
0x000000001a359000 	/System/Library/PrivateFrameworks/DiskManagement.framework/Versions/A/DiskManagement
0x000000001a359000 	/System/Library/Frameworks/DirectoryService.framework/Versions/A/DirectoryService
0x000000001a359000 	/System/Library/PrivateFrameworks/DiskImages.framework/Versions/A/DiskImages
0x000000001a359000 	/System/Library/PrivateFrameworks/LoginUIKit.framework/Versions/A/Frameworks/LoginUICore.framework/Versions/A/LoginUICore
0x000000001a359000 	/usr/lib/libCoreStorage.dylib
0x000000001a359000 	/usr/lib/libcsfde.dylib
0x000000001a359000 	/usr/lib/libodfde.dylib
0x000000001a359000 	/System/Library/PrivateFrameworks/MediaKit.framework/Versions/A/MediaKit
0x000000001a359000 	/System/Library/Frameworks/DiscRecording.framework/Versions/A/DiscRecording
0x000000001a359000 	/System/Library/PrivateFrameworks/EFILogin.framework/Versions/A/EFILogin
0x000000001a359000 	/System/Library/PrivateFrameworks/ProtectedCloudStorage.framework/Versions/A/ProtectedCloudStorage
0x000000001a359000 	/usr/lib/libcurl.4.dylib
0x000000001a359000 	/usr/lib/libssl.35.dylib
0x000000001a359000 	/System/Library/Frameworks/LDAP.framework/Versions/A/LDAP
0x000000001a359000 	/usr/lib/libsasl2.2.dylib
0x000000001a359000 	/System/Library/PrivateFrameworks/CoreDaemon.framework/Versions/B/CoreDaemon
0x000000001a359000 	/System/Library/PrivateFrameworks/AppleSRP.framework/Versions/A/AppleSRP
0x0000000128017000 	/Library/Java/JavaVirtualMachines/jdk1.8.0_161.jdk/Contents/Home/jre/lib/libjavafx_font.dylib
0x000000012a03b000 	/Library/Java/JavaVirtualMachines/jdk1.8.0_161.jdk/Contents/Home/jre/lib/libjfxwebkit.dylib
0x000000001a359000 	/System/Library/Frameworks/ApplicationServices.framework/Versions/A/Frameworks/ATS.framework/Versions/A/Resources/libTrueTypeScaler.dylib
0x000000012ed62000 	/Library/Java/JavaVirtualMachines/jdk1.8.0_161.jdk/Contents/Home/jre/lib/libnio.dylib
0x000000001a359000 	/System/Library/Extensions/AppleIntelHD5000GraphicsMTLDriver.bundle/Contents/MacOS/AppleIntelHD5000GraphicsMTLDriver
0x0000000130a17000 	/System/Library/Extensions/AMDMTLBronzeDriver.bundle/Contents/MacOS/AMDMTLBronzeDriver
0x000000001a359000 	/System/Library/PrivateFrameworks/IOAccelMemoryInfo.framework/Versions/A/IOAccelMemoryInfo
0x0000000130c10000 	/Library/Java/JavaVirtualMachines/jdk1.8.0_161.jdk/Contents/Home/jre/lib/libprism_common.dylib
0x000000001a359000 	/System/Library/PrivateFrameworks/GPUCompiler.framework/Versions/3802/Libraries/libmetal_timestamp.dylib
0x0000000128042000 	/Library/Java/JavaVirtualMachines/jdk1.8.0_161.jdk/Contents/Home/jre/lib/libsunec.dylib
0x000000001a359000 	/System/Library/PrivateFrameworks/login.framework/Versions/A/login
0x000000012f880000 	/Library/Java/JavaVirtualMachines/jdk1.8.0_161.jdk/Contents/Home/jre/lib/libjavafx_iio.dylib
0x000000012f691000 	/Library/Java/JavaVirtualMachines/jdk1.8.0_161.jdk/Contents/Home/jre/lib/libglib-lite.dylib
0x00000001323ff000 	/Library/Java/JavaVirtualMachines/jdk1.8.0_161.jdk/Contents/Home/jre/lib/libgstreamer-lite.dylib
0x000000012818f000 	/Library/Java/JavaVirtualMachines/jdk1.8.0_161.jdk/Contents/Home/jre/lib/libjfxmedia.dylib
0x000000012f310000 	/Library/Java/JavaVirtualMachines/jdk1.8.0_161.jdk/Contents/Home/jre/lib/libjfxmedia_avf.dylib
0x000000001a359000 	/System/Library/Frameworks/AVFoundation.framework/Versions/A/AVFoundation
0x000000001a359000 	/System/Library/Frameworks/AVFoundation.framework/Versions/A/Frameworks/AVFAudio.framework/Versions/A/AVFAudio
0x000000001a359000 	/System/Library/PrivateFrameworks/IntlPreferences.framework/Versions/A/IntlPreferences
0x000000001a359000 	/System/Library/Frameworks/CoreMediaIO.framework/Versions/A/CoreMediaIO
0x000000001a359000 	/System/Library/PrivateFrameworks/RemoteServiceDiscovery.framework/Versions/A/RemoteServiceDiscovery
0x000000001a359000 	/System/Library/PrivateFrameworks/RemoteXPC.framework/Versions/A/RemoteXPC
0x000000001a359000 	/System/Library/Frameworks/Carbon.framework/Versions/A/Carbon
0x000000001a359000 	/System/Library/PrivateFrameworks/InternationalSupport.framework/Versions/A/InternationalSupport
0x000000001a359000 	/System/Library/Frameworks/Carbon.framework/Versions/A/Frameworks/CommonPanels.framework/Versions/A/CommonPanels
0x000000001a359000 	/System/Library/Frameworks/Carbon.framework/Versions/A/Frameworks/Help.framework/Versions/A/Help
0x000000001a359000 	/System/Library/Frameworks/Carbon.framework/Versions/A/Frameworks/ImageCapture.framework/Versions/A/ImageCapture
0x000000001a359000 	/System/Library/Frameworks/Carbon.framework/Versions/A/Frameworks/OpenScripting.framework/Versions/A/OpenScripting
0x000000001a359000 	/System/Library/Frameworks/Carbon.framework/Versions/A/Frameworks/Print.framework/Versions/A/Print
0x000000001a359000 	/System/Library/Frameworks/Carbon.framework/Versions/A/Frameworks/SecurityHI.framework/Versions/A/SecurityHI
0x0000000128102000 	/Library/Java/JavaVirtualMachines/jdk1.8.0_161.jdk/Contents/Home/jre/lib/libjfxmedia_qtkit.dylib
0x000000001a359000 	/System/Library/Frameworks/QTKit.framework/Versions/A/QTKit
0x000000001a359000 	/System/Library/PrivateFrameworks/CoreMediaAuthoring.framework/Versions/A/CoreMediaAuthoring
0x0000000131b95000 	/Library/Java/JavaVirtualMachines/jdk1.8.0_161.jdk/Contents/Home/jre/lib/libfxplugins.dylib
0x000000001a359000 	/System/Library/Frameworks/VideoDecodeAcceleration.framework/Versions/A/VideoDecodeAcceleration
0x000000001a359000 	/System/Library/PrivateFrameworks/AppleGVA.framework/Versions/A/AppleGVA
0x000000001a359000 	/System/Library/PrivateFrameworks/RTCReporting.framework/Versions/A/RTCReporting
0x000000001a359000 	/System/Library/PrivateFrameworks/WirelessDiagnostics.framework/Versions/A/WirelessDiagnostics
0x000000001a359000 	/System/Library/PrivateFrameworks/WirelessDiagnostics.framework/Versions/A/Libraries/libAWDSupportFramework.dylib
0x000000001a359000 	/System/Library/PrivateFrameworks/WirelessDiagnostics.framework/Versions/A/Libraries/libprotobuf-lite.dylib
0x000000001a359000 	/System/Library/PrivateFrameworks/CoreAnalytics.framework/Versions/A/CoreAnalytics
0x000000001a359000 	/usr/lib/libTelephonyUtilDynamic.dylib
0x000000001a359000 	/System/Library/PrivateFrameworks/WirelessDiagnostics.framework/Versions/A/Libraries/libprotobuf.dylib
0x0000000129ab8000 	/System/Library/Extensions/AppleHDA.kext/Contents/PlugIns/AppleHDAHALPlugIn.bundle/Contents/MacOS/AppleHDAHALPlugIn
0x000000001a359000 	/usr/lib/libsystemstats.dylib
0x0000000142af5000 	/Library/Java/JavaVirtualMachines/jdk1.8.0_161.jdk/Contents/Home/jre/lib/libawt.dylib
0x0000000146de0000 	/Library/Java/JavaVirtualMachines/jdk1.8.0_161.jdk/Contents/Home/jre/lib/./libmlib_image.dylib
0x000000001a359000 	/System/Library/Frameworks/JavaVM.framework/Versions/A/Frameworks/JavaNativeFoundation.framework/Versions/A/JavaNativeFoundation
0x000000001a359000 	/System/Library/Frameworks/JavaVM.framework/Versions/A/Frameworks/JavaRuntimeSupport.framework/Versions/A/JavaRuntimeSupport
0x000000001a359000 	/System/Library/Frameworks/JavaVM.framework/Versions/A/JavaVM
0x000000001a359000 	/System/Library/PrivateFrameworks/JavaLaunching.framework/Versions/A/JavaLaunching
0x0000000146eac000 	/Library/Java/JavaVirtualMachines/jdk1.8.0_161.jdk/Contents/Home/jre/lib/libawt_lwawt.dylib
0x00000001323c3000 	/Library/Java/JavaVirtualMachines/jdk1.8.0_161.jdk/Contents/Home/jre/lib/./libosxapp.dylib
0x000000001a359000 	/System/Library/Frameworks/ExceptionHandling.framework/Versions/A/ExceptionHandling
0x000000001a359000 	/System/Library/PrivateFrameworks/SymptomReporter.framework/Versions/A/SymptomReporter
0x0000000144000000 	/System/Library/Components/AudioCodecs.component/Contents/MacOS/AudioCodecs
0x0000000144679000 	/System/Library/Components/CoreAudio.component/Contents/MacOS/CoreAudio
0x00000001448c0000 	/System/Library/Extensions/AppleIntelHD5000GraphicsVADriver.bundle/Contents/MacOS/AppleIntelHD5000GraphicsVADriver
0x0000000144b2c000 	/System/Library/Extensions/AMDRadeonVADriver.bundle/Contents/MacOS/AMDRadeonVADriver
0x000000012f3a3000 	/System/Library/Extensions/AppleIntelHSWVA.bundle/Contents/MacOS/AppleIntelHSWVA

VM Arguments:
jvm_args: -javaagent:/Applications/IntelliJ IDEA.app/Contents/lib/idea_rt.jar=60196:/Applications/IntelliJ IDEA.app/Contents/bin -Dfile.encoding=UTF-8 
java_command: mainhotelapp.MainAppKotlin
java_class_path (initial): /Library/Java/JavaVirtualMachines/jdk1.8.0_161.jdk/Contents/Home/jre/lib/charsets.jar:/Library/Java/JavaVirtualMachines/jdk1.8.0_161.jdk/Contents/Home/jre/lib/deploy.jar:/Library/Java/JavaVirtualMachines/jdk1.8.0_161.jdk/Contents/Home/jre/lib/ext/cldrdata.jar:/Library/Java/JavaVirtualMachines/jdk1.8.0_161.jdk/Contents/Home/jre/lib/ext/dnsns.jar:/Library/Java/JavaVirtualMachines/jdk1.8.0_161.jdk/Contents/Home/jre/lib/ext/jaccess.jar:/Library/Java/JavaVirtualMachines/jdk1.8.0_161.jdk/Contents/Home/jre/lib/ext/jfxrt.jar:/Library/Java/JavaVirtualMachines/jdk1.8.0_161.jdk/Contents/Home/jre/lib/ext/localedata.jar:/Library/Java/JavaVirtualMachines/jdk1.8.0_161.jdk/Contents/Home/jre/lib/ext/nashorn.jar:/Library/Java/JavaVirtualMachines/jdk1.8.0_161.jdk/Contents/Home/jre/lib/ext/sunec.jar:/Library/Java/JavaVirtualMachines/jdk1.8.0_161.jdk/Contents/Home/jre/lib/ext/sunjce_provider.jar:/Library/Java/JavaVirtualMachines/jdk1.8.0_161.jdk/Contents/Home/jre/lib/ext/sunpkcs11.jar:/Library/Java/JavaVirtualMachines/jdk1.8.0_161.jdk/Contents/Home/jre/lib/ext/zipfs.jar:/Library/Java/JavaVirtualMachines/jdk1.8.0_161.jdk/Contents/Home/jre/lib/javaws.jar:/Library/Java/JavaVirtualMachines/jdk1.8.0_161.jdk/Contents/Home/jre/lib/jce.jar:/Library/Java/JavaVirtualMachines/jdk1.8.0_161.jdk/Contents/Home/jre/lib/jfr.jar:/Library/Java/JavaVirtualMachines/jdk1.8.0_161.jdk/Contents/Home/jre/lib/jfxswt.jar:/Library/Java/JavaVirtualMachines/jdk1.8.0_161.jdk/Contents/Home/jre/lib/jsse.jar:/Library/Java/JavaVirtualMachines/jdk1.8.0_161.jdk/Contents/Home/jre/lib/management-agent.jar:/Library/Java/JavaVirtualMachines/jdk1.8.0_161.jdk/Contents/Home/jre/lib/plugin.jar:/Library/Java/JavaVirtualMachines/jdk1.8.0_161.jdk/Contents/Home/jre/lib/resources.jar:/Library/Java/JavaVirtualMachines/jdk1.8.0_161.jdk/Contents/Home/jre/lib/rt.jar:/Library/Java/JavaVirtualMachines/jdk1.8.0_161.jdk/Contents/Home/lib/ant-javafx.jar:/Library/Java/JavaVirtualMachines/jdk1.8.0_161.jdk/Contents/Home
Launcher Type: SUN_STANDARD

Environment Variables:
PATH=/usr/local/bin:/usr/bin:/bin:/usr/sbin:/sbin
SHELL=/bin/bash

Signal Handlers:
SIGSEGV: [libjvm.dylib+0x5b5439], sa_mask[0]=11111111011111110111111111111111, sa_flags=SA_ONSTACK|SA_RESTART|SA_SIGINFO
SIGBUS: [libjvm.dylib+0x5b5439], sa_mask[0]=11111111011111110111111111111111, sa_flags=SA_RESTART|SA_SIGINFO
SIGFPE: [libjvm.dylib+0x48ae24], sa_mask[0]=11111111011111110111111111111111, sa_flags=SA_RESTART|SA_SIGINFO
SIGPIPE: [libjvm.dylib+0x48ae24], sa_mask[0]=11111111011111110111111111111111, sa_flags=SA_RESTART|SA_SIGINFO
SIGXFSZ: [libjvm.dylib+0x48ae24], sa_mask[0]=11111111011111110111111111111111, sa_flags=SA_RESTART|SA_SIGINFO
SIGILL: [libjvm.dylib+0x48ae24], sa_mask[0]=11111111011111110111111111111111, sa_flags=SA_RESTART|SA_SIGINFO
SIGUSR1: SIG_DFL, sa_mask[0]=00000000000000000000000000000000, sa_flags=none
SIGUSR2: [libjvm.dylib+0x48a942], sa_mask[0]=00100000000000000000000000000000, sa_flags=SA_RESTART|SA_SIGINFO
SIGHUP: [libjvm.dylib+0x488f0d], sa_mask[0]=11111111011111110111111111111111, sa_flags=SA_RESTART|SA_SIGINFO
SIGINT: [libjvm.dylib+0x488f0d], sa_mask[0]=11111111011111110111111111111111, sa_flags=SA_RESTART|SA_SIGINFO
SIGTERM: [libjvm.dylib+0x488f0d], sa_mask[0]=11111111011111110111111111111111, sa_flags=SA_RESTART|SA_SIGINFO
SIGQUIT: [libjvm.dylib+0x488f0d], sa_mask[0]=11111111011111110111111111111111, sa_flags=SA_RESTART|SA_SIGINFO


---------------  S Y S T E M  ---------------

OS:Bsduname:Darwin 17.4.0 Darwin Kernel Version 17.4.0: Sun Dec 17 09:19:54 PST 2017; root:xnu-4570.41.2~1/RELEASE_X86_64 x86_64
rlimit: STACK 8192k, CORE 0k, NPROC 1418, NOFILE 12544, AS infinity
load average:2.15 2.25 2.46

CPU:total 8 (initial active 8) (4 cores per cpu, 2 threads per core) family 6 model 70 stepping 1, cmov, cx8, fxsr, mmx, sse, sse2, sse3, ssse3, sse4.1, sse4.2, popcnt, avx, avx2, aes, clmul, erms, lzcnt, ht, tsc, tscinvbit, bmi1, bmi2

Memory: 4k page, physical 16777216k(3717880k free)

/proc/meminfo:


vm_info: Java HotSpot(TM) 64-Bit Server VM (25.161-b12) for bsd-amd64 JRE (1.8.0_161-b12), built on Dec 19 2017 16:22:20 by "java_re" with gcc 4.2.1 (Based on Apple Inc. build 5658) (LLVM build 2336.11.00)

time: Sun Mar  4 16:17:13 2018
elapsed time: 779 seconds (0d 0h 12m 59s)

