#
# A fatal error has been detected by the Java Runtime Environment:
#
#  SIGSEGV (0xb) at pc=0x00007fff41d69c0e, pid=7261, tid=0x0000000000016643
#
# JRE version: Java(TM) SE Runtime Environment (8.0_161-b12) (build 1.8.0_161-b12)
# Java VM: Java HotSpot(TM) 64-Bit Server VM (25.161-b12 mixed mode bsd-amd64 compressed oops)
# Problematic frame:
# C  [CoreFoundation+0x68c0e]  CFArrayCreateCopy+0x1e
#
# Failed to write core dump. Core dumps have been disabled. To enable core dumping, try "ulimit -c unlimited" before starting Java again
#
# If you would like to submit a bug report, please visit:
#   http://bugreport.java.com/bugreport/crash.jsp
#

---------------  T H R E A D  ---------------

Current thread is native thread

siginfo: si_signo: 11 (SIGSEGV), si_code: 1 (SEGV_MAPERR), si_addr: 0x0000000000000000

Registers:
RAX=0x0000000000000013, RBX=0x0000000000000000, RCX=0x00007fff9c8a06f0, RDX=0x0000000000000012
RSP=0x00007000054d9830, RBP=0x00007000054d9850, RSI=0x0000000000000000, RDI=0x0000000000000000
R8 =0x000000000010bab7, R9 =0x00007f9d9eddead8, R10=0x0000003000000000, R11=0x0060000000000000
R12=0x00007f9d9edde6b0, R13=0x00007f9da05a8e20, R14=0x0000000000000000, R15=0x00007000054d9878
RIP=0x00007fff41d69c0e, EFLAGS=0x0000000000010246, ERR=0x0000000000000004
  TRAPNO=0x000000000000000e

Top of Stack: (sp=0x00007000054d9830)
0x00007000054d9830:   00007fff41efbc30 0000000000000000
0x00007000054d9840:   00007f9da05a8e00 00007000054d9878
0x00007000054d9850:   00007000054d98c0 00007fff45dc08b6
0x00007000054d9860:   0000000000000000 000000010ac63080
0x00007000054d9870:   00007000054d9900 0000000000000000
0x00007000054d9880:   0000000000000000 0000000100000004
0x00007000054d9890:   0000000000000000 0000000000000000
0x00007000054d98a0:   00007fff9c10a288 00007f9da05a8e00
0x00007000054d98b0:   00007f9d9eaeea70 00007f9da05a8e00
0x00007000054d98c0:   00007000054d9920 00007fff45dc0376
0x00007000054d98d0:   000000010ac68200 0000000000000004
0x00007000054d98e0:   0000019400000226 00007f9da05a8e20
0x00007000054d98f0:   00007000054d9920 00007f9da05a8e20
0x00007000054d9900:   00007fff9c10a288 00007f9da05a8e00
0x00007000054d9910:   0000000000000000 00007fff9c10a278
0x00007000054d9920:   00007000054d9a60 00007fff45df167f
0x00007000054d9930:   00007f9d9e8ddc90 00007f9d9e8fc080
0x00007000054d9940:   ffff80624bc114b0 0000000000000020
0x00007000054d9950:   0000000000000002 00007f9d9e8ddc90
0x00007000054d9960:   0000000000000f7a 000000010ac63080
0x00007000054d9970:   00007000054d9a00 00007f9d9edde690
0x00007000054d9980:   000000010ac68200 0000000000000004
0x00007000054d9990:   00007f9d9eaf7a70 00007f9d9eafc080
0x00007000054d99a0:   0000700000000400 0000000000000030
0x00007000054d99b0:   0000000000000003 00007f9d9eaf7a70
0x00007000054d99c0:   000000010ac63080 00007f9d9edde6b0
0x00007000054d99d0:   00007f9da05a8e00 00007f9da05a8e20
0x00007000054d99e0:   000000010ac68200 0000000000000004
0x00007000054d99f0:   00007000054d9a10 00007fff460c489e
0x00007000054d9a00:   00007f9db29a41d0 00007f9db43f85b0
0x00007000054d9a10:   00007000054d9a30 00007fff6965fd50
0x00007000054d9a20:   00007f9db29a41d0 00007f9db43f85b0 

Instructions: (pc=0x00007fff41d69c0e)
0x00007fff41d69bee:   00 00 55 48 89 e5 41 57 41 56 53 50 48 89 f3 49
0x00007fff41d69bfe:   89 fe e8 cb ba f9 ff f6 c3 01 0f 85 ac 00 00 00
0x00007fff41d69c0e:   48 8b 0b 48 85 c9 74 41 48 8d 15 ab 2f 3a 5a 48
0x00007fff41d69c1e:   3b 0a 74 35 48 3d ff 03 00 00 77 12 48 8d 15 1f 

Register to memory mapping:

RAX=0x0000000000000013 is an unknown value
RBX=0x0000000000000000 is an unknown value
RCX=0x00007fff9c8a06f0: kFigStreamingCachePersistentStoreDataItemCategory_ChapterArtwork+0xb510 in /System/Library/Frameworks/MediaToolbox.framework/Versions/A/MediaToolbox at 0x00007fff45cf1000
RDX=0x0000000000000012 is an unknown value
RSP=0x00007000054d9830 is an unknown value
RBP=0x00007000054d9850 is an unknown value
RSI=0x0000000000000000 is an unknown value
RDI=0x0000000000000000 is an unknown value
R8 =0x000000000010bab7 is an unknown value
R9 =0x00007f9d9eddead8 is an unknown value
R10=0x0000003000000000 is an unknown value
R11=0x0060000000000000 is an unknown value
R12=0x00007f9d9edde6b0 is an unknown value
R13=0x00007f9da05a8e20 is an unknown value
R14=0x0000000000000000 is an unknown value
R15=0x00007000054d9878 is an unknown value


Stack: [0x000070000545a000,0x00007000054da000],  sp=0x00007000054d9830,  free space=510k
Native frames: (J=compiled Java code, j=interpreted, Vv=VM code, C=native code)
C  [CoreFoundation+0x68c0e]  CFArrayCreateCopy+0x1e
C  [MediaToolbox+0xcf8b6]  FigPlayerStreamCreate+0x2a57a
C  [MediaToolbox+0xcf376]  FigPlayerStreamCreate+0x2a03a
C  [MediaToolbox+0x10067f]  FigPlayerStreamCreate+0x5b343
C  [MediaToolbox+0x3d3684]  FigPlayerSurrogateCreate+0x4c59
C  [MediaToolbox+0x233dbe]  FigPlayerAirPlayCreate+0x11dee
C  [MediaToolbox+0x110dfe]  FigPlayerAsyncCreateWithEngineTopology+0x1613
C  [MediaToolbox+0x114e90]  FigPlayerAsyncCreateWithEngineTopology+0x56a5
C  [libdispatch.dylib+0x1d50]  _dispatch_client_callout+0x8
C  [libdispatch.dylib+0x1620c]  _dispatch_queue_serial_drain+0x27b
C  [libdispatch.dylib+0x90fd]  _dispatch_queue_invoke+0x175
C  [libdispatch.dylib+0x3941]  _dispatch_root_queue_drain+0x203
C  [libdispatch.dylib+0x4d9e]  _dispatch_worker_thread+0xaf
C  [libsystem_pthread.dylib+0x36c1]  _pthread_body+0x154
C  [libsystem_pthread.dylib+0x356d]  _pthread_body+0x0
C  [libsystem_pthread.dylib+0x2c5d]  thread_start+0xd


---------------  P R O C E S S  ---------------

VM state:not at safepoint (normal execution)

VM Mutex/Monitor currently owned by a thread: None

Heap:
 PSYoungGen      total 125440K, used 27119K [0x000000076ab00000, 0x00000007a2a80000, 0x00000007c0000000)
  eden space 117760K, 16% used [0x000000076ab00000,0x000000076bdfe238,0x0000000771e00000)
  from space 7680K, 99% used [0x00000007a1f80000,0x00000007a26fdc20,0x00000007a2700000)
  to   space 3584K, 0% used [0x00000007a2700000,0x00000007a2700000,0x00000007a2a80000)
 ParOldGen       total 142848K, used 77822K [0x00000006c0000000, 0x00000006c8b80000, 0x000000076ab00000)
  object space 142848K, 54% used [0x00000006c0000000,0x00000006c4bff8f0,0x00000006c8b80000)
 Metaspace       used 28834K, capacity 30156K, committed 30464K, reserved 1075200K
  class space    used 3495K, capacity 3790K, committed 3840K, reserved 1048576K

Card table byte_map: [0x000000011c985000,0x000000011d186000] byte_map_base: 0x0000000119385000

Marking Bits: (ParMarkBitMap*) 0x000000010d2ce6c0
 Begin Bits: [0x000000011d186000, 0x0000000121186000)
 End Bits:   [0x0000000121186000, 0x0000000125186000)

Polling page: 0x000000010accb000

CodeCache: size=245760Kb used=23881Kb max_used=23899Kb free=221878Kb
 bounds [0x000000010d985000, 0x000000010f165000, 0x000000011c985000]
 total_blobs=8105 nmethods=7278 adapters=739
 compilation: enabled

Compilation events (10 events):
Event: 399.642 Thread 0x00007f9dad017800 nmethod 9041 0x000000010df18250 code [0x000000010df183a0, 0x000000010df184d8]
Event: 399.656 Thread 0x00007f9dad01a800 nmethod 9042 0x000000010db85290 code [0x000000010db854a0, 0x000000010db86550]
Event: 399.668 Thread 0x00007f9dad01d800 9043       3       javafx.beans.property.SimpleStringProperty::<init> (25 bytes)
Event: 399.669 Thread 0x00007f9dad01d800 nmethod 9043 0x000000010e7bbe10 code [0x000000010e7bbfa0, 0x000000010e7bc3b0]
Event: 400.575 Thread 0x00007f9db0087000 9044       4       java.net.URI::<init> (53 bytes)
Event: 400.577 Thread 0x00007f9db0087000 nmethod 9044 0x000000010e341650 code [0x000000010e3417a0, 0x000000010e3418e8]
Event: 400.710 Thread 0x00007f9dad01d800 9045       3       sun.nio.cs.UTF_8::access$200 (8 bytes)
Event: 400.711 Thread 0x00007f9dad01d800 nmethod 9045 0x000000010e340e10 code [0x000000010e340fc0, 0x000000010e341458]
Event: 400.711 Thread 0x00007f9dad01d800 9046       3       sun.nio.cs.UTF_8::updatePositions (23 bytes)
Event: 400.711 Thread 0x00007f9dad01d800 nmethod 9046 0x000000010ea03990 code [0x000000010ea03b20, 0x000000010ea03f58]

GC Heap History (10 events):
Event: 381.956 GC heap before
{Heap before GC invocations=81 (full 2):
 PSYoungGen      total 137216K, used 136885K [0x000000076ab00000, 0x00000007a3380000, 0x00000007c0000000)
  eden space 135680K, 100% used [0x000000076ab00000,0x0000000772f80000,0x0000000772f80000)
  from space 1536K, 78% used [0x00000007a3200000,0x00000007a332d6b8,0x00000007a3380000)
  to   space 4608K, 0% used [0x00000007a2a80000,0x00000007a2a80000,0x00000007a2f00000)
 ParOldGen       total 142848K, used 61798K [0x00000006c0000000, 0x00000006c8b80000, 0x000000076ab00000)
  object space 142848K, 43% used [0x00000006c0000000,0x00000006c3c59bb0,0x00000006c8b80000)
 Metaspace       used 28789K, capacity 30150K, committed 30464K, reserved 1075200K
  class space    used 3495K, capacity 3789K, committed 3840K, reserved 1048576K
Event: 381.958 GC heap after
Heap after GC invocations=81 (full 2):
 PSYoungGen      total 132608K, used 819K [0x000000076ab00000, 0x00000007a3280000, 0x00000007c0000000)
  eden space 131584K, 0% used [0x000000076ab00000,0x000000076ab00000,0x0000000772b80000)
  from space 1024K, 80% used [0x00000007a2a80000,0x00000007a2b4cf70,0x00000007a2b80000)
  to   space 4608K, 0% used [0x00000007a2e00000,0x00000007a2e00000,0x00000007a3280000)
 ParOldGen       total 142848K, used 62111K [0x00000006c0000000, 0x00000006c8b80000, 0x000000076ab00000)
  object space 142848K, 43% used [0x00000006c0000000,0x00000006c3ca7ff8,0x00000006c8b80000)
 Metaspace       used 28789K, capacity 30150K, committed 30464K, reserved 1075200K
  class space    used 3495K, capacity 3789K, committed 3840K, reserved 1048576K
}
Event: 382.807 GC heap before
{Heap before GC invocations=82 (full 2):
 PSYoungGen      total 132608K, used 132403K [0x000000076ab00000, 0x00000007a3280000, 0x00000007c0000000)
  eden space 131584K, 100% used [0x000000076ab00000,0x0000000772b80000,0x0000000772b80000)
  from space 1024K, 80% used [0x00000007a2a80000,0x00000007a2b4cf70,0x00000007a2b80000)
  to   space 4608K, 0% used [0x00000007a2e00000,0x00000007a2e00000,0x00000007a3280000)
 ParOldGen       total 142848K, used 62111K [0x00000006c0000000, 0x00000006c8b80000, 0x000000076ab00000)
  object space 142848K, 43% used [0x00000006c0000000,0x00000006c3ca7ff8,0x00000006c8b80000)
 Metaspace       used 28789K, capacity 30150K, committed 30464K, reserved 1075200K
  class space    used 3495K, capacity 3789K, committed 3840K, reserved 1048576K
Event: 382.809 GC heap after
Heap after GC invocations=82 (full 2):
 PSYoungGen      total 129024K, used 740K [0x000000076ab00000, 0x00000007a2f00000, 0x00000007c0000000)
  eden space 128000K, 0% used [0x000000076ab00000,0x000000076ab00000,0x0000000772800000)
  from space 1024K, 72% used [0x00000007a2e00000,0x00000007a2eb93e0,0x00000007a2f00000)
  to   space 4608K, 0% used [0x00000007a2600000,0x00000007a2600000,0x00000007a2a80000)
 ParOldGen       total 142848K, used 62111K [0x00000006c0000000, 0x00000006c8b80000, 0x000000076ab00000)
  object space 142848K, 43% used [0x00000006c0000000,0x00000006c3ca7ff8,0x00000006c8b80000)
 Metaspace       used 28789K, capacity 30150K, committed 30464K, reserved 1075200K
  class space    used 3495K, capacity 3789K, committed 3840K, reserved 1048576K
}
Event: 384.950 GC heap before
{Heap before GC invocations=83 (full 2):
 PSYoungGen      total 129024K, used 128740K [0x000000076ab00000, 0x00000007a2f00000, 0x00000007c0000000)
  eden space 128000K, 100% used [0x000000076ab00000,0x0000000772800000,0x0000000772800000)
  from space 1024K, 72% used [0x00000007a2e00000,0x00000007a2eb93e0,0x00000007a2f00000)
  to   space 4608K, 0% used [0x00000007a2600000,0x00000007a2600000,0x00000007a2a80000)
 ParOldGen       total 142848K, used 62111K [0x00000006c0000000, 0x00000006c8b80000, 0x000000076ab00000)
  object space 142848K, 43% used [0x00000006c0000000,0x00000006c3ca7ff8,0x00000006c8b80000)
 Metaspace       used 28794K, capacity 30150K, committed 30464K, reserved 1075200K
  class space    used 3495K, capacity 3789K, committed 3840K, reserved 1048576K
Event: 384.953 GC heap after
Heap after GC invocations=83 (full 2):
 PSYoungGen      total 127488K, used 2730K [0x000000076ab00000, 0x00000007a2e80000, 0x00000007c0000000)
  eden space 124416K, 0% used [0x000000076ab00000,0x000000076ab00000,0x0000000772480000)
  from space 3072K, 88% used [0x00000007a2600000,0x00000007a28aa940,0x00000007a2900000)
  to   space 4608K, 0% used [0x00000007a2a00000,0x00000007a2a00000,0x00000007a2e80000)
 ParOldGen       total 142848K, used 62135K [0x00000006c0000000, 0x00000006c8b80000, 0x000000076ab00000)
  object space 142848K, 43% used [0x00000006c0000000,0x00000006c3cadff8,0x00000006c8b80000)
 Metaspace       used 28794K, capacity 30150K, committed 30464K, reserved 1075200K
  class space    used 3495K, capacity 3789K, committed 3840K, reserved 1048576K
}
Event: 394.342 GC heap before
{Heap before GC invocations=84 (full 2):
 PSYoungGen      total 127488K, used 120578K [0x000000076ab00000, 0x00000007a2e80000, 0x00000007c0000000)
  eden space 124416K, 94% used [0x000000076ab00000,0x0000000771e16130,0x0000000772480000)
  from space 3072K, 88% used [0x00000007a2600000,0x00000007a28aa940,0x00000007a2900000)
  to   space 4608K, 0% used [0x00000007a2a00000,0x00000007a2a00000,0x00000007a2e80000)
 ParOldGen       total 142848K, used 62135K [0x00000006c0000000, 0x00000006c8b80000, 0x000000076ab00000)
  object space 142848K, 43% used [0x00000006c0000000,0x00000006c3cadff8,0x00000006c8b80000)
 Metaspace       used 28808K, capacity 30150K, committed 30464K, reserved 1075200K
  class space    used 3495K, capacity 3789K, committed 3840K, reserved 1048576K
Event: 394.348 GC heap after
Heap after GC invocations=84 (full 2):
 PSYoungGen      total 125440K, used 4604K [0x000000076ab00000, 0x00000007a2e80000, 0x00000007c0000000)
  eden space 120832K, 0% used [0x000000076ab00000,0x000000076ab00000,0x0000000772100000)
  from space 4608K, 99% used [0x00000007a2a00000,0x00000007a2e7f280,0x00000007a2e80000)
  to   space 7680K, 0% used [0x00000007a1f80000,0x00000007a1f80000,0x00000007a2700000)
 ParOldGen       total 142848K, used 68366K [0x00000006c0000000, 0x00000006c8b80000, 0x000000076ab00000)
  object space 142848K, 47% used [0x00000006c0000000,0x00000006c42c3b78,0x00000006c8b80000)
 Metaspace       used 28808K, capacity 30150K, committed 30464K, reserved 1075200K
  class space    used 3495K, capacity 3789K, committed 3840K, reserved 1048576K
}
Event: 400.764 GC heap before
{Heap before GC invocations=85 (full 2):
 PSYoungGen      total 125440K, used 125009K [0x000000076ab00000, 0x00000007a2e80000, 0x00000007c0000000)
  eden space 120832K, 99% used [0x000000076ab00000,0x00000007720951d8,0x0000000772100000)
  from space 4608K, 99% used [0x00000007a2a00000,0x00000007a2e7f280,0x00000007a2e80000)
  to   space 7680K, 0% used [0x00000007a1f80000,0x00000007a1f80000,0x00000007a2700000)
 ParOldGen       total 142848K, used 68366K [0x00000006c0000000, 0x00000006c8b80000, 0x000000076ab00000)
  object space 142848K, 47% used [0x00000006c0000000,0x00000006c42c3b78,0x00000006c8b80000)
 Metaspace       used 28834K, capacity 30156K, committed 30464K, reserved 1075200K
  class space    used 3495K, capacity 3790K, committed 3840K, reserved 1048576K
Event: 400.772 GC heap after
Heap after GC invocations=85 (full 2):
 PSYoungGen      total 125440K, used 7671K [0x000000076ab00000, 0x00000007a2a80000, 0x00000007c0000000)
  eden space 117760K, 0% used [0x000000076ab00000,0x000000076ab00000,0x0000000771e00000)
  from space 7680K, 99% used [0x00000007a1f80000,0x00000007a26fdc20,0x00000007a2700000)
  to   space 3584K, 0% used [0x00000007a2700000,0x00000007a2700000,0x00000007a2a80000)
 ParOldGen       total 142848K, used 77822K [0x00000006c0000000, 0x00000006c8b80000, 0x000000076ab00000)
  object space 142848K, 54% used [0x00000006c0000000,0x00000006c4bff8f0,0x00000006c8b80000)
 Metaspace       used 28834K, capacity 30156K, committed 30464K, reserved 1075200K
  class space    used 3495K, capacity 3790K, committed 3840K, reserved 1048576K
}

Deoptimization events (10 events):
Event: 213.080 Thread 0x00007f9db0447000 Uncommon trap: reason=class_check action=maybe_recompile pc=0x000000010ef5ee14 method=com.sun.crypto.provider.CipherBlockChaining.decrypt([BII[BI)I @ 47
Event: 213.211 Thread 0x00007f9db0447000 Uncommon trap: reason=class_check action=maybe_recompile pc=0x000000010ef5ee14 method=com.sun.crypto.provider.CipherBlockChaining.decrypt([BII[BI)I @ 47
Event: 213.211 Thread 0x00007f9db0447000 Uncommon trap: reason=class_check action=maybe_recompile pc=0x000000010ef5925c method=com.sun.crypto.provider.CipherBlockChaining.decrypt([BII[BI)I @ 47
Event: 213.211 Thread 0x00007f9db0447000 Uncommon trap: reason=class_check action=maybe_recompile pc=0x000000010ef5925c method=com.sun.crypto.provider.CipherBlockChaining.decrypt([BII[BI)I @ 47
Event: 222.631 Thread 0x00007f9dadcca000 Uncommon trap: reason=unstable_if action=reinterpret pc=0x000000010ed464f4 method=sun.security.ssl.Authenticator.acquireAuthenticationBytes(BI)[B @ 65
Event: 231.103 Thread 0x00007f9da029a800 Uncommon trap: reason=unstable_if action=reinterpret pc=0x000000010eb10e40 method=java.util.concurrent.ThreadPoolExecutor.getTask()Ljava/lang/Runnable; @ 113
Event: 231.104 Thread 0x00007f9da139a800 Uncommon trap: reason=unstable_if action=reinterpret pc=0x000000010eb10e40 method=java.util.concurrent.ThreadPoolExecutor.getTask()Ljava/lang/Runnable; @ 113
Event: 232.564 Thread 0x00007f9daea3b800 Uncommon trap: reason=predicate action=maybe_recompile pc=0x000000010e57709c method=java.util.ArrayList.remove(Ljava/lang/Object;)Z @ 49
Event: 233.602 Thread 0x00007f9db0083800 Uncommon trap: reason=unstable_if action=reinterpret pc=0x000000010ef06ae8 method=com.sun.javafx.geom.transform.BaseTransform.equals(Ljava/lang/Object;)Z @ 107
Event: 252.180 Thread 0x00007f9da397a800 Uncommon trap: reason=unloaded action=reinterpret pc=0x000000010e06de14 method=sun.security.ssl.SSLSocketImpl.checkEOF()Z @ 83

Classes redefined (0 events):
No events

Internal exceptions (10 events):
Event: 386.067 Thread 0x00007f9dad8bf800 Exception <a 'java/io/IOException': Improper call to JPEG library in state 200> (0x000000076d422d10) thrown at [/Users/java_re/workspace/8-2-build-macosx-x86_64/jdk8u161/10277/hotspot/src/share/vm/prims/jni.cpp, line 735]
Event: 386.067 Thread 0x00007f9dad8bf800 Exception <a 'java/io/IOException': Improper call to JPEG library in state 200> (0x000000076d424418) thrown at [/Users/java_re/workspace/8-2-build-macosx-x86_64/jdk8u161/10277/hotspot/src/share/vm/prims/jni.cpp, line 735]
Event: 386.067 Thread 0x00007f9dad8bf800 Exception <a 'java/io/IOException': Improper call to JPEG library in state 200> (0x000000076d42deb8) thrown at [/Users/java_re/workspace/8-2-build-macosx-x86_64/jdk8u161/10277/hotspot/src/share/vm/prims/jni.cpp, line 735]
Event: 386.105 Thread 0x00007f9dad8bf800 Exception <a 'java/io/IOException': Improper call to JPEG library in state 200> (0x000000076d7af9b8) thrown at [/Users/java_re/workspace/8-2-build-macosx-x86_64/jdk8u161/10277/hotspot/src/share/vm/prims/jni.cpp, line 735]
Event: 386.105 Thread 0x00007f9dad8bf800 Exception <a 'java/io/IOException': Improper call to JPEG library in state 200> (0x000000076d7b2960) thrown at [/Users/java_re/workspace/8-2-build-macosx-x86_64/jdk8u161/10277/hotspot/src/share/vm/prims/jni.cpp, line 735]
Event: 386.106 Thread 0x00007f9dad8bf800 Exception <a 'java/io/IOException': Improper call to JPEG library in state 200> (0x000000076d7b5110) thrown at [/Users/java_re/workspace/8-2-build-macosx-x86_64/jdk8u161/10277/hotspot/src/share/vm/prims/jni.cpp, line 735]
Event: 386.118 Thread 0x00007f9dad8bf800 Exception <a 'java/io/IOException': Improper call to JPEG library in state 200> (0x000000076dbe4380) thrown at [/Users/java_re/workspace/8-2-build-macosx-x86_64/jdk8u161/10277/hotspot/src/share/vm/prims/jni.cpp, line 735]
Event: 386.118 Thread 0x00007f9dad8bf800 Exception <a 'java/io/IOException': Improper call to JPEG library in state 200> (0x000000076dbebb18) thrown at [/Users/java_re/workspace/8-2-build-macosx-x86_64/jdk8u161/10277/hotspot/src/share/vm/prims/jni.cpp, line 735]
Event: 386.118 Thread 0x00007f9dad8bf800 Exception <a 'java/io/IOException': Improper call to JPEG library in state 200> (0x000000076dbef3a0) thrown at [/Users/java_re/workspace/8-2-build-macosx-x86_64/jdk8u161/10277/hotspot/src/share/vm/prims/jni.cpp, line 735]
Event: 393.849 Thread 0x00007f9daebba000 Exception <a 'sun/nio/fs/UnixException'> (0x00000007716fb808) thrown at [/Users/java_re/workspace/8-2-build-macosx-x86_64/jdk8u161/10277/hotspot/src/share/vm/prims/jni.cpp, line 709]

Events (10 events):
Event: 400.775 Executing VM operation: RevokeBias done
Event: 400.775 Executing VM operation: BulkRevokeBias
Event: 400.775 Executing VM operation: BulkRevokeBias done
Event: 400.775 Executing VM operation: RevokeBias
Event: 400.775 Executing VM operation: RevokeBias done
Event: 400.863 Executing VM operation: RevokeBias
Event: 400.863 Executing VM operation: RevokeBias done
Event: 400.863 Thread 0x00007f9daeb0c000 Thread exited: 0x00007f9daeb0c000
Event: 400.999 Thread 0x00007f9db07f2800 Thread added: 0x00007f9db07f2800
Event: 401.000 Thread 0x00007f9db07f2800 Thread exited: 0x00007f9db07f2800


Dynamic libraries:
0x000000001a359000 	/System/Library/Frameworks/Cocoa.framework/Versions/A/Cocoa
0x000000001a359000 	/System/Library/Frameworks/Security.framework/Versions/A/Security
0x000000001a359000 	/System/Library/Frameworks/ApplicationServices.framework/Versions/A/ApplicationServices
0x000000001a359000 	/usr/lib/libz.1.dylib
0x000000001a359000 	/usr/lib/libSystem.B.dylib
0x000000001a359000 	/usr/lib/libobjc.A.dylib
0x000000001a359000 	/System/Library/Frameworks/CoreFoundation.framework/Versions/A/CoreFoundation
0x000000001a359000 	/System/Library/Frameworks/Foundation.framework/Versions/C/Foundation
0x000000001a359000 	/System/Library/Frameworks/AppKit.framework/Versions/C/AppKit
0x000000001a359000 	/System/Library/Frameworks/CoreData.framework/Versions/A/CoreData
0x000000001a359000 	/System/Library/PrivateFrameworks/RemoteViewServices.framework/Versions/A/RemoteViewServices
0x000000001a359000 	/System/Library/PrivateFrameworks/UIFoundation.framework/Versions/A/UIFoundation
0x000000001a359000 	/System/Library/PrivateFrameworks/DFRFoundation.framework/Versions/A/DFRFoundation
0x000000001a359000 	/System/Library/Frameworks/Metal.framework/Versions/A/Metal
0x000000001a359000 	/System/Library/PrivateFrameworks/DesktopServicesPriv.framework/Versions/A/DesktopServicesPriv
0x000000001a359000 	/usr/lib/libenergytrace.dylib
0x000000001a359000 	/System/Library/PrivateFrameworks/SkyLight.framework/Versions/A/SkyLight
0x000000001a359000 	/System/Library/Frameworks/CoreGraphics.framework/Versions/A/CoreGraphics
0x000000001a359000 	/usr/lib/libScreenReader.dylib
0x000000001a359000 	/System/Library/Frameworks/Accelerate.framework/Versions/A/Accelerate
0x000000001a359000 	/System/Library/Frameworks/IOSurface.framework/Versions/A/IOSurface
0x000000001a359000 	/System/Library/Frameworks/AudioToolbox.framework/Versions/A/AudioToolbox
0x000000001a359000 	/System/Library/Frameworks/AudioUnit.framework/Versions/A/AudioUnit
0x000000001a359000 	/System/Library/PrivateFrameworks/DataDetectorsCore.framework/Versions/A/DataDetectorsCore
0x000000001a359000 	/System/Library/Frameworks/Carbon.framework/Versions/A/Frameworks/HIToolbox.framework/Versions/A/HIToolbox
0x000000001a359000 	/usr/lib/libicucore.A.dylib
0x000000001a359000 	/System/Library/Frameworks/QuartzCore.framework/Versions/A/QuartzCore
0x000000001a359000 	/System/Library/Frameworks/Carbon.framework/Versions/A/Frameworks/SpeechRecognition.framework/Versions/A/SpeechRecognition
0x000000001a359000 	/usr/lib/libauto.dylib
0x000000001a359000 	/usr/lib/libxml2.2.dylib
0x000000001a359000 	/System/Library/PrivateFrameworks/CoreUI.framework/Versions/A/CoreUI
0x000000001a359000 	/System/Library/Frameworks/CoreAudio.framework/Versions/A/CoreAudio
0x000000001a359000 	/System/Library/Frameworks/DiskArbitration.framework/Versions/A/DiskArbitration
0x000000001a359000 	/usr/lib/liblangid.dylib
0x000000001a359000 	/System/Library/PrivateFrameworks/MultitouchSupport.framework/Versions/A/MultitouchSupport
0x000000001a359000 	/System/Library/Frameworks/IOKit.framework/Versions/A/IOKit
0x000000001a359000 	/usr/lib/libDiagnosticMessagesClient.dylib
0x000000001a359000 	/System/Library/Frameworks/CoreServices.framework/Versions/A/CoreServices
0x000000001a359000 	/System/Library/PrivateFrameworks/PerformanceAnalysis.framework/Versions/A/PerformanceAnalysis
0x000000001a359000 	/System/Library/Frameworks/OpenGL.framework/Versions/A/OpenGL
0x000000001a359000 	/System/Library/Frameworks/ColorSync.framework/Versions/A/ColorSync
0x000000001a359000 	/System/Library/Frameworks/CoreImage.framework/Versions/A/CoreImage
0x000000001a359000 	/System/Library/Frameworks/CoreText.framework/Versions/A/CoreText
0x000000001a359000 	/System/Library/Frameworks/ImageIO.framework/Versions/A/ImageIO
0x000000001a359000 	/System/Library/PrivateFrameworks/Backup.framework/Versions/A/Backup
0x000000001a359000 	/usr/lib/libarchive.2.dylib
0x000000001a359000 	/System/Library/Frameworks/CFNetwork.framework/Versions/A/CFNetwork
0x000000001a359000 	/System/Library/Frameworks/SystemConfiguration.framework/Versions/A/SystemConfiguration
0x000000001a359000 	/usr/lib/libCRFSuite.dylib
0x000000001a359000 	/usr/lib/libc++.1.dylib
0x000000001a359000 	/usr/lib/libc++abi.dylib
0x000000001a359000 	/usr/lib/system/libcache.dylib
0x000000001a359000 	/usr/lib/system/libcommonCrypto.dylib
0x000000001a359000 	/usr/lib/system/libcompiler_rt.dylib
0x000000001a359000 	/usr/lib/system/libcopyfile.dylib
0x000000001a359000 	/usr/lib/system/libcorecrypto.dylib
0x000000001a359000 	/usr/lib/system/libdispatch.dylib
0x000000001a359000 	/usr/lib/system/libdyld.dylib
0x000000001a359000 	/usr/lib/system/libkeymgr.dylib
0x000000001a359000 	/usr/lib/system/liblaunch.dylib
0x000000001a359000 	/usr/lib/system/libmacho.dylib
0x000000001a359000 	/usr/lib/system/libquarantine.dylib
0x000000001a359000 	/usr/lib/system/libremovefile.dylib
0x000000001a359000 	/usr/lib/system/libsystem_asl.dylib
0x000000001a359000 	/usr/lib/system/libsystem_blocks.dylib
0x000000001a359000 	/usr/lib/system/libsystem_c.dylib
0x000000001a359000 	/usr/lib/system/libsystem_configuration.dylib
0x000000001a359000 	/usr/lib/system/libsystem_coreservices.dylib
0x000000001a359000 	/usr/lib/system/libsystem_darwin.dylib
0x000000001a359000 	/usr/lib/system/libsystem_dnssd.dylib
0x000000001a359000 	/usr/lib/system/libsystem_info.dylib
0x000000001a359000 	/usr/lib/system/libsystem_m.dylib
0x000000001a359000 	/usr/lib/system/libsystem_malloc.dylib
0x000000001a359000 	/usr/lib/system/libsystem_network.dylib
0x000000001a359000 	/usr/lib/system/libsystem_networkextension.dylib
0x000000001a359000 	/usr/lib/system/libsystem_notify.dylib
0x000000001a359000 	/usr/lib/system/libsystem_sandbox.dylib
0x000000001a359000 	/usr/lib/system/libsystem_secinit.dylib
0x000000001a359000 	/usr/lib/system/libsystem_kernel.dylib
0x000000001a359000 	/usr/lib/system/libsystem_platform.dylib
0x000000001a359000 	/usr/lib/system/libsystem_pthread.dylib
0x000000001a359000 	/usr/lib/system/libsystem_symptoms.dylib
0x000000001a359000 	/usr/lib/system/libsystem_trace.dylib
0x000000001a359000 	/usr/lib/system/libunwind.dylib
0x000000001a359000 	/usr/lib/system/libxpc.dylib
0x000000001a359000 	/usr/lib/closure/libclosured.dylib
0x000000001a359000 	/usr/lib/libbsm.0.dylib
0x000000001a359000 	/usr/lib/system/libkxld.dylib
0x000000001a359000 	/usr/lib/libOpenScriptingUtil.dylib
0x000000001a359000 	/usr/lib/libcoretls.dylib
0x000000001a359000 	/usr/lib/libcoretls_cfhelpers.dylib
0x000000001a359000 	/usr/lib/libpam.2.dylib
0x000000001a359000 	/usr/lib/libsqlite3.dylib
0x000000001a359000 	/usr/lib/libxar.1.dylib
0x000000001a359000 	/usr/lib/libbz2.1.0.dylib
0x000000001a359000 	/usr/lib/liblzma.5.dylib
0x000000001a359000 	/usr/lib/libnetwork.dylib
0x000000001a359000 	/usr/lib/libapple_nghttp2.dylib
0x000000001a359000 	/usr/lib/libpcap.A.dylib
0x000000001a359000 	/usr/lib/libboringssl.dylib
0x000000001a359000 	/usr/lib/libusrtcp.dylib
0x000000001a359000 	/usr/lib/libapple_crypto.dylib
0x000000001a359000 	/System/Library/Frameworks/CoreServices.framework/Versions/A/Frameworks/FSEvents.framework/Versions/A/FSEvents
0x000000001a359000 	/System/Library/Frameworks/CoreServices.framework/Versions/A/Frameworks/CarbonCore.framework/Versions/A/CarbonCore
0x000000001a359000 	/System/Library/Frameworks/CoreServices.framework/Versions/A/Frameworks/Metadata.framework/Versions/A/Metadata
0x000000001a359000 	/System/Library/Frameworks/CoreServices.framework/Versions/A/Frameworks/OSServices.framework/Versions/A/OSServices
0x000000001a359000 	/System/Library/Frameworks/CoreServices.framework/Versions/A/Frameworks/SearchKit.framework/Versions/A/SearchKit
0x000000001a359000 	/System/Library/Frameworks/CoreServices.framework/Versions/A/Frameworks/AE.framework/Versions/A/AE
0x000000001a359000 	/System/Library/Frameworks/CoreServices.framework/Versions/A/Frameworks/LaunchServices.framework/Versions/A/LaunchServices
0x000000001a359000 	/System/Library/Frameworks/CoreServices.framework/Versions/A/Frameworks/DictionaryServices.framework/Versions/A/DictionaryServices
0x000000001a359000 	/System/Library/Frameworks/CoreServices.framework/Versions/A/Frameworks/SharedFileList.framework/Versions/A/SharedFileList
0x000000001a359000 	/System/Library/Frameworks/NetFS.framework/Versions/A/NetFS
0x000000001a359000 	/System/Library/PrivateFrameworks/NetAuth.framework/Versions/A/NetAuth
0x000000001a359000 	/System/Library/PrivateFrameworks/login.framework/Versions/A/Frameworks/loginsupport.framework/Versions/A/loginsupport
0x000000001a359000 	/System/Library/PrivateFrameworks/TCC.framework/Versions/A/TCC
0x000000001a359000 	/usr/lib/libmecabra.dylib
0x000000001a359000 	/System/Library/Frameworks/ApplicationServices.framework/Versions/A/Frameworks/ATS.framework/Versions/A/ATS
0x000000001a359000 	/System/Library/Frameworks/ApplicationServices.framework/Versions/A/Frameworks/ColorSyncLegacy.framework/Versions/A/ColorSyncLegacy
0x000000001a359000 	/System/Library/Frameworks/ApplicationServices.framework/Versions/A/Frameworks/HIServices.framework/Versions/A/HIServices
0x000000001a359000 	/System/Library/Frameworks/ApplicationServices.framework/Versions/A/Frameworks/LangAnalysis.framework/Versions/A/LangAnalysis
0x000000001a359000 	/System/Library/Frameworks/ApplicationServices.framework/Versions/A/Frameworks/PrintCore.framework/Versions/A/PrintCore
0x000000001a359000 	/System/Library/Frameworks/ApplicationServices.framework/Versions/A/Frameworks/QD.framework/Versions/A/QD
0x000000001a359000 	/System/Library/Frameworks/ApplicationServices.framework/Versions/A/Frameworks/SpeechSynthesis.framework/Versions/A/SpeechSynthesis
0x000000001a359000 	/System/Library/Frameworks/CoreDisplay.framework/Versions/A/CoreDisplay
0x000000001a359000 	/System/Library/Frameworks/Accelerate.framework/Versions/A/Frameworks/vImage.framework/Versions/A/vImage
0x000000001a359000 	/System/Library/Frameworks/Accelerate.framework/Versions/A/Frameworks/vecLib.framework/Versions/A/vecLib
0x000000001a359000 	/System/Library/Frameworks/Accelerate.framework/Versions/A/Frameworks/vecLib.framework/Versions/A/libvDSP.dylib
0x000000001a359000 	/System/Library/Frameworks/Accelerate.framework/Versions/A/Frameworks/vecLib.framework/Versions/A/libBNNS.dylib
0x000000001a359000 	/System/Library/Frameworks/Accelerate.framework/Versions/A/Frameworks/vecLib.framework/Versions/A/libQuadrature.dylib
0x000000001a359000 	/System/Library/Frameworks/Accelerate.framework/Versions/A/Frameworks/vecLib.framework/Versions/A/libvMisc.dylib
0x000000001a359000 	/System/Library/Frameworks/Accelerate.framework/Versions/A/Frameworks/vecLib.framework/Versions/A/libLAPACK.dylib
0x000000001a359000 	/System/Library/Frameworks/Accelerate.framework/Versions/A/Frameworks/vecLib.framework/Versions/A/libBLAS.dylib
0x000000001a359000 	/System/Library/Frameworks/Accelerate.framework/Versions/A/Frameworks/vecLib.framework/Versions/A/libLinearAlgebra.dylib
0x000000001a359000 	/System/Library/Frameworks/Accelerate.framework/Versions/A/Frameworks/vecLib.framework/Versions/A/libSparse.dylib
0x000000001a359000 	/System/Library/Frameworks/Accelerate.framework/Versions/A/Frameworks/vecLib.framework/Versions/A/libSparseBLAS.dylib
0x000000001a359000 	/System/Library/PrivateFrameworks/IOAccelerator.framework/Versions/A/IOAccelerator
0x000000001a359000 	/System/Library/PrivateFrameworks/IOPresentment.framework/Versions/A/IOPresentment
0x000000001a359000 	/System/Library/PrivateFrameworks/DSExternalDisplay.framework/Versions/A/DSExternalDisplay
0x000000001a359000 	/System/Library/Frameworks/OpenGL.framework/Versions/A/Libraries/libCoreFSCache.dylib
0x000000001a359000 	/System/Library/Frameworks/CoreVideo.framework/Versions/A/CoreVideo
0x000000001a359000 	/System/Library/PrivateFrameworks/GraphVisualizer.framework/Versions/A/GraphVisualizer
0x000000001a359000 	/System/Library/Frameworks/MetalPerformanceShaders.framework/Versions/A/MetalPerformanceShaders
0x000000001a359000 	/usr/lib/libFosl_dynamic.dylib
0x000000001a359000 	/System/Library/PrivateFrameworks/FaceCore.framework/Versions/A/FaceCore
0x000000001a359000 	/System/Library/Frameworks/OpenCL.framework/Versions/A/OpenCL
0x000000001a359000 	/usr/lib/libcompression.dylib
0x000000001a359000 	/System/Library/Frameworks/ApplicationServices.framework/Versions/A/Frameworks/ATS.framework/Versions/A/Resources/libFontParser.dylib
0x000000001a359000 	/System/Library/Frameworks/ApplicationServices.framework/Versions/A/Frameworks/ATS.framework/Versions/A/Resources/libFontRegistry.dylib
0x000000001a359000 	/System/Library/Frameworks/ImageIO.framework/Versions/A/Resources/libJPEG.dylib
0x000000001a359000 	/System/Library/Frameworks/ImageIO.framework/Versions/A/Resources/libTIFF.dylib
0x000000001a359000 	/System/Library/Frameworks/ImageIO.framework/Versions/A/Resources/libPng.dylib
0x000000001a359000 	/System/Library/Frameworks/ImageIO.framework/Versions/A/Resources/libGIF.dylib
0x000000001a359000 	/System/Library/Frameworks/ImageIO.framework/Versions/A/Resources/libJP2.dylib
0x000000001a359000 	/System/Library/Frameworks/ImageIO.framework/Versions/A/Resources/libRadiance.dylib
0x000000001a359000 	/System/Library/PrivateFrameworks/AppleJPEG.framework/Versions/A/AppleJPEG
0x000000001a359000 	/System/Library/PrivateFrameworks/MetalTools.framework/Versions/A/MetalTools
0x000000001a359000 	/System/Library/Frameworks/MetalPerformanceShaders.framework/Frameworks/MPSCore.framework/Versions/A/MPSCore
0x000000001a359000 	/System/Library/Frameworks/MetalPerformanceShaders.framework/Frameworks/MPSImage.framework/Versions/A/MPSImage
0x000000001a359000 	/System/Library/Frameworks/MetalPerformanceShaders.framework/Frameworks/MPSMatrix.framework/Versions/A/MPSMatrix
0x000000001a359000 	/System/Library/Frameworks/MetalPerformanceShaders.framework/Frameworks/MPSNeuralNetwork.framework/Versions/A/MPSNeuralNetwork
0x000000001a359000 	/System/Library/Frameworks/OpenGL.framework/Versions/A/Libraries/libGLU.dylib
0x000000001a359000 	/System/Library/Frameworks/OpenGL.framework/Versions/A/Libraries/libGFXShared.dylib
0x000000001a359000 	/System/Library/Frameworks/OpenGL.framework/Versions/A/Libraries/libGL.dylib
0x000000001a359000 	/System/Library/Frameworks/OpenGL.framework/Versions/A/Libraries/libGLImage.dylib
0x000000001a359000 	/System/Library/Frameworks/OpenGL.framework/Versions/A/Libraries/libCVMSPluginSupport.dylib
0x000000001a359000 	/System/Library/Frameworks/OpenGL.framework/Versions/A/Libraries/libCoreVMClient.dylib
0x000000001a359000 	/usr/lib/libcups.2.dylib
0x000000001a359000 	/System/Library/Frameworks/Kerberos.framework/Versions/A/Kerberos
0x000000001a359000 	/System/Library/Frameworks/GSS.framework/Versions/A/GSS
0x000000001a359000 	/usr/lib/libresolv.9.dylib
0x000000001a359000 	/usr/lib/libiconv.2.dylib
0x000000001a359000 	/System/Library/PrivateFrameworks/Heimdal.framework/Versions/A/Heimdal
0x000000001a359000 	/usr/lib/libheimdal-asn1.dylib
0x000000001a359000 	/System/Library/Frameworks/OpenDirectory.framework/Versions/A/OpenDirectory
0x000000001a359000 	/System/Library/PrivateFrameworks/CommonAuth.framework/Versions/A/CommonAuth
0x000000001a359000 	/System/Library/Frameworks/OpenDirectory.framework/Versions/A/Frameworks/CFOpenDirectory.framework/Versions/A/CFOpenDirectory
0x000000001a359000 	/System/Library/Frameworks/SecurityFoundation.framework/Versions/A/SecurityFoundation
0x000000001a359000 	/System/Library/PrivateFrameworks/APFS.framework/Versions/A/APFS
0x000000001a359000 	/usr/lib/libutil.dylib
0x000000001a359000 	/System/Library/PrivateFrameworks/AppleSauce.framework/Versions/A/AppleSauce
0x000000001a359000 	/System/Library/PrivateFrameworks/LinguisticData.framework/Versions/A/LinguisticData
0x000000001a359000 	/usr/lib/libmarisa.dylib
0x000000001a359000 	/System/Library/PrivateFrameworks/Lexicon.framework/Versions/A/Lexicon
0x000000001a359000 	/usr/lib/libChineseTokenizer.dylib
0x000000001a359000 	/usr/lib/libcmph.dylib
0x000000001a359000 	/System/Library/PrivateFrameworks/LanguageModeling.framework/Versions/A/LanguageModeling
0x000000001a359000 	/System/Library/PrivateFrameworks/CoreEmoji.framework/Versions/A/CoreEmoji
0x000000001a359000 	/System/Library/Frameworks/ServiceManagement.framework/Versions/A/ServiceManagement
0x000000001a359000 	/System/Library/PrivateFrameworks/BackgroundTaskManagement.framework/Versions/A/BackgroundTaskManagement
0x000000001a359000 	/usr/lib/libxslt.1.dylib
0x000000001a359000 	/System/Library/Frameworks/Carbon.framework/Versions/A/Frameworks/Ink.framework/Versions/A/Ink
0x000000001a359000 	/System/Library/PrivateFrameworks/TextureIO.framework/Versions/A/TextureIO
0x000000001a359000 	/usr/lib/libate.dylib
0x000000001a359000 	/System/Library/PrivateFrameworks/CrashReporterSupport.framework/Versions/A/CrashReporterSupport
0x000000001a359000 	/System/Library/PrivateFrameworks/Sharing.framework/Versions/A/Sharing
0x000000001a359000 	/System/Library/PrivateFrameworks/IconServices.framework/Versions/A/IconServices
0x000000001a359000 	/System/Library/PrivateFrameworks/ProtocolBuffer.framework/Versions/A/ProtocolBuffer
0x000000001a359000 	/System/Library/PrivateFrameworks/Apple80211.framework/Versions/A/Apple80211
0x000000001a359000 	/System/Library/Frameworks/CoreWLAN.framework/Versions/A/CoreWLAN
0x000000001a359000 	/System/Library/PrivateFrameworks/CoreUtils.framework/Versions/A/CoreUtils
0x000000001a359000 	/System/Library/Frameworks/IOBluetooth.framework/Versions/A/IOBluetooth
0x000000001a359000 	/System/Library/PrivateFrameworks/CoreWiFi.framework/Versions/A/CoreWiFi
0x000000001a359000 	/System/Library/Frameworks/CoreBluetooth.framework/Versions/A/CoreBluetooth
0x000000001a359000 	/System/Library/PrivateFrameworks/SignpostNotification.framework/Versions/A/SignpostNotification
0x000000001a359000 	/System/Library/PrivateFrameworks/DebugSymbols.framework/Versions/A/DebugSymbols
0x000000001a359000 	/System/Library/PrivateFrameworks/CoreSymbolication.framework/Versions/A/CoreSymbolication
0x000000001a359000 	/System/Library/PrivateFrameworks/Symbolication.framework/Versions/A/Symbolication
0x000000001a359000 	/System/Library/PrivateFrameworks/AppleFSCompression.framework/Versions/A/AppleFSCompression
0x000000001a359000 	/System/Library/PrivateFrameworks/SpeechRecognitionCore.framework/Versions/A/SpeechRecognitionCore
0x000000010c9d7000 	/Library/Java/JavaVirtualMachines/jdk1.8.0_161.jdk/Contents/Home/jre/lib/server/libjvm.dylib
0x000000001a359000 	/usr/lib/libstdc++.6.0.9.dylib
0x000000010ac87000 	/Library/Java/JavaVirtualMachines/jdk1.8.0_161.jdk/Contents/Home/jre/lib/libverify.dylib
0x000000010ac95000 	/Library/Java/JavaVirtualMachines/jdk1.8.0_161.jdk/Contents/Home/jre/lib/libjava.dylib
0x000000010accc000 	/Library/Java/JavaVirtualMachines/jdk1.8.0_161.jdk/Contents/Home/jre/lib/libinstrument.dylib
0x000000010ad6a000 	/Library/Java/JavaVirtualMachines/jdk1.8.0_161.jdk/Contents/Home/jre/lib/libzip.dylib
0x0000000129a3a000 	/Library/Java/JavaVirtualMachines/jdk1.8.0_161.jdk/Contents/Home/jre/lib/libnet.dylib
0x0000000129a99000 	/Library/Java/JavaVirtualMachines/jdk1.8.0_161.jdk/Contents/Home/jre/lib/libprism_es2.dylib
0x000000001a359000 	/System/Library/PrivateFrameworks/CoreServicesInternal.framework/Versions/A/CoreServicesInternal
0x000000001a359000 	/System/Library/Frameworks/OpenGL.framework/Versions/A/Resources/GLEngine.bundle/GLEngine
0x000000001a359000 	/System/Library/Frameworks/OpenGL.framework/Versions/A/Libraries/libGLProgrammability.dylib
0x0000000129b43000 	/System/Library/Extensions/AppleIntelHD5000GraphicsGLDriver.bundle/Contents/MacOS/AppleIntelHD5000GraphicsGLDriver
0x000000001a359000 	/System/Library/PrivateFrameworks/GPUSupport.framework/Versions/A/Libraries/libGPUSupportMercury.dylib
0x000000012a2ad000 	/System/Library/Extensions/AMDRadeonX4000GLDriver.bundle/Contents/MacOS/AMDRadeonX4000GLDriver
0x000000001a359000 	/System/Library/Extensions/AMDRadeonX4000GLDriver.bundle/Contents/MacOS/ATIRadeonX4000SCLib.dylib
0x000000001a359000 	/System/Library/Frameworks/OpenGL.framework/Versions/A/Resources/GLRendererFloat.bundle/GLRendererFloat
0x000000001a359000 	/System/Library/Frameworks/OpenCL.framework/Versions/A/Libraries/libcldcpuengine.dylib
0x000000001a359000 	/usr/lib/libcrypto.35.dylib
0x000000001a359000 	/System/Library/PrivateFrameworks/TrustEvaluationAgent.framework/Versions/A/TrustEvaluationAgent
0x000000012a415000 	/Library/Java/JavaVirtualMachines/jdk1.8.0_161.jdk/Contents/Home/jre/lib/libglass.dylib
0x000000001a359000 	/System/Library/CoreServices/RawCamera.bundle/Contents/MacOS/RawCamera
0x000000001a359000 	/System/Library/PrivateFrameworks/MobileAsset.framework/Versions/A/MobileAsset
0x000000001a359000 	/System/Library/PrivateFrameworks/StreamingZip.framework/Versions/A/StreamingZip
0x000000001a359000 	/System/Library/Frameworks/MediaToolbox.framework/Versions/A/MediaToolbox
0x000000001a359000 	/System/Library/PrivateFrameworks/CoreAVCHD.framework/Versions/A/CoreAVCHD
0x000000001a359000 	/System/Library/Frameworks/MediaAccessibility.framework/Versions/A/MediaAccessibility
0x000000001a359000 	/System/Library/PrivateFrameworks/Mangrove.framework/Versions/A/Mangrove
0x000000001a359000 	/System/Library/Frameworks/CoreMedia.framework/Versions/A/CoreMedia
0x000000001a359000 	/System/Library/Frameworks/VideoToolbox.framework/Versions/A/VideoToolbox
0x000000001a359000 	/System/Library/PrivateFrameworks/CoreAUC.framework/Versions/A/CoreAUC
0x000000001a359000 	/usr/lib/libspindump.dylib
0x000000001a359000 	/usr/lib/libdscsym.dylib
0x000000001a359000 	/System/Library/PrivateFrameworks/AppleVA.framework/Versions/A/AppleVA
0x000000001a359000 	/System/Library/Frameworks/Accelerate.framework/Versions/A/Frameworks/vImage.framework/Versions/A/Libraries/libCGInterfaces.dylib
0x000000001a359000 	/System/Library/PrivateFrameworks/FamilyControls.framework/Versions/A/FamilyControls
0x000000001a359000 	/System/Library/PrivateFrameworks/CommerceKit.framework/Versions/A/Frameworks/CommerceCore.framework/Versions/A/CommerceCore
0x000000001a359000 	/System/Library/PrivateFrameworks/SystemAdministration.framework/Versions/A/SystemAdministration
0x000000001a359000 	/System/Library/PrivateFrameworks/AppContainer.framework/Versions/A/AppContainer
0x000000001a359000 	/System/Library/PrivateFrameworks/SecCodeWrapper.framework/Versions/A/SecCodeWrapper
0x000000001a359000 	/System/Library/PrivateFrameworks/DiskManagement.framework/Versions/A/DiskManagement
0x000000001a359000 	/System/Library/Frameworks/DirectoryService.framework/Versions/A/DirectoryService
0x000000001a359000 	/System/Library/PrivateFrameworks/DiskImages.framework/Versions/A/DiskImages
0x000000001a359000 	/System/Library/PrivateFrameworks/LoginUIKit.framework/Versions/A/Frameworks/LoginUICore.framework/Versions/A/LoginUICore
0x000000001a359000 	/usr/lib/libCoreStorage.dylib
0x000000001a359000 	/usr/lib/libcsfde.dylib
0x000000001a359000 	/usr/lib/libodfde.dylib
0x000000001a359000 	/System/Library/PrivateFrameworks/MediaKit.framework/Versions/A/MediaKit
0x000000001a359000 	/System/Library/Frameworks/DiscRecording.framework/Versions/A/DiscRecording
0x000000001a359000 	/System/Library/PrivateFrameworks/EFILogin.framework/Versions/A/EFILogin
0x000000001a359000 	/System/Library/PrivateFrameworks/ProtectedCloudStorage.framework/Versions/A/ProtectedCloudStorage
0x000000001a359000 	/usr/lib/libcurl.4.dylib
0x000000001a359000 	/usr/lib/libssl.35.dylib
0x000000001a359000 	/System/Library/Frameworks/LDAP.framework/Versions/A/LDAP
0x000000001a359000 	/usr/lib/libsasl2.2.dylib
0x000000001a359000 	/System/Library/PrivateFrameworks/CoreDaemon.framework/Versions/B/CoreDaemon
0x000000001a359000 	/System/Library/PrivateFrameworks/AppleSRP.framework/Versions/A/AppleSRP
0x000000012a9de000 	/Library/Java/JavaVirtualMachines/jdk1.8.0_161.jdk/Contents/Home/jre/lib/libjavafx_font.dylib
0x000000012ca02000 	/Library/Java/JavaVirtualMachines/jdk1.8.0_161.jdk/Contents/Home/jre/lib/libjfxwebkit.dylib
0x000000001a359000 	/System/Library/Frameworks/ApplicationServices.framework/Versions/A/Frameworks/ATS.framework/Versions/A/Resources/libTrueTypeScaler.dylib
0x0000000131728000 	/Library/Java/JavaVirtualMachines/jdk1.8.0_161.jdk/Contents/Home/jre/lib/libnio.dylib
0x000000001a359000 	/System/Library/Extensions/AppleIntelHD5000GraphicsMTLDriver.bundle/Contents/MacOS/AppleIntelHD5000GraphicsMTLDriver
0x00000001333ef000 	/System/Library/Extensions/AMDMTLBronzeDriver.bundle/Contents/MacOS/AMDMTLBronzeDriver
0x000000001a359000 	/System/Library/PrivateFrameworks/IOAccelMemoryInfo.framework/Versions/A/IOAccelMemoryInfo
0x000000001a359000 	/System/Library/PrivateFrameworks/GPUCompiler.framework/Versions/3802/Libraries/libmetal_timestamp.dylib
0x00000001335de000 	/Library/Java/JavaVirtualMachines/jdk1.8.0_161.jdk/Contents/Home/jre/lib/libprism_common.dylib
0x000000012aa09000 	/Library/Java/JavaVirtualMachines/jdk1.8.0_161.jdk/Contents/Home/jre/lib/libsunec.dylib
0x000000001a359000 	/System/Library/PrivateFrameworks/login.framework/Versions/A/login
0x0000000135600000 	/Library/Java/JavaVirtualMachines/jdk1.8.0_161.jdk/Contents/Home/jre/lib/libjavafx_iio.dylib
0x0000000131e64000 	/Library/Java/JavaVirtualMachines/jdk1.8.0_161.jdk/Contents/Home/jre/lib/libglib-lite.dylib
0x0000000131f85000 	/Library/Java/JavaVirtualMachines/jdk1.8.0_161.jdk/Contents/Home/jre/lib/libgstreamer-lite.dylib
0x0000000131bb7000 	/Library/Java/JavaVirtualMachines/jdk1.8.0_161.jdk/Contents/Home/jre/lib/libjfxmedia.dylib
0x00000001320fe000 	/Library/Java/JavaVirtualMachines/jdk1.8.0_161.jdk/Contents/Home/jre/lib/libjfxmedia_avf.dylib
0x000000001a359000 	/System/Library/Frameworks/AVFoundation.framework/Versions/A/AVFoundation
0x000000001a359000 	/System/Library/Frameworks/AVFoundation.framework/Versions/A/Frameworks/AVFAudio.framework/Versions/A/AVFAudio
0x000000001a359000 	/System/Library/PrivateFrameworks/IntlPreferences.framework/Versions/A/IntlPreferences
0x000000001a359000 	/System/Library/Frameworks/CoreMediaIO.framework/Versions/A/CoreMediaIO
0x000000001a359000 	/System/Library/PrivateFrameworks/RemoteServiceDiscovery.framework/Versions/A/RemoteServiceDiscovery
0x000000001a359000 	/System/Library/PrivateFrameworks/RemoteXPC.framework/Versions/A/RemoteXPC
0x000000001a359000 	/System/Library/Frameworks/Carbon.framework/Versions/A/Carbon
0x000000001a359000 	/System/Library/PrivateFrameworks/InternationalSupport.framework/Versions/A/InternationalSupport
0x000000001a359000 	/System/Library/Frameworks/Carbon.framework/Versions/A/Frameworks/CommonPanels.framework/Versions/A/CommonPanels
0x000000001a359000 	/System/Library/Frameworks/Carbon.framework/Versions/A/Frameworks/Help.framework/Versions/A/Help
0x000000001a359000 	/System/Library/Frameworks/Carbon.framework/Versions/A/Frameworks/ImageCapture.framework/Versions/A/ImageCapture
0x000000001a359000 	/System/Library/Frameworks/Carbon.framework/Versions/A/Frameworks/OpenScripting.framework/Versions/A/OpenScripting
0x000000001a359000 	/System/Library/Frameworks/Carbon.framework/Versions/A/Frameworks/Print.framework/Versions/A/Print
0x000000001a359000 	/System/Library/Frameworks/Carbon.framework/Versions/A/Frameworks/SecurityHI.framework/Versions/A/SecurityHI
0x000000012ab96000 	/Library/Java/JavaVirtualMachines/jdk1.8.0_161.jdk/Contents/Home/jre/lib/libjfxmedia_qtkit.dylib
0x000000001a359000 	/System/Library/Frameworks/QTKit.framework/Versions/A/QTKit
0x000000001a359000 	/System/Library/PrivateFrameworks/CoreMediaAuthoring.framework/Versions/A/CoreMediaAuthoring
0x0000000131e00000 	/Library/Java/JavaVirtualMachines/jdk1.8.0_161.jdk/Contents/Home/jre/lib/libfxplugins.dylib
0x000000001a359000 	/System/Library/Frameworks/VideoDecodeAcceleration.framework/Versions/A/VideoDecodeAcceleration
0x000000001a359000 	/System/Library/PrivateFrameworks/RTCReporting.framework/Versions/A/RTCReporting
0x000000001a359000 	/System/Library/PrivateFrameworks/WirelessDiagnostics.framework/Versions/A/WirelessDiagnostics
0x000000001a359000 	/System/Library/PrivateFrameworks/WirelessDiagnostics.framework/Versions/A/Libraries/libAWDSupportFramework.dylib
0x000000001a359000 	/System/Library/PrivateFrameworks/WirelessDiagnostics.framework/Versions/A/Libraries/libprotobuf-lite.dylib
0x000000001a359000 	/System/Library/PrivateFrameworks/CoreAnalytics.framework/Versions/A/CoreAnalytics
0x000000001a359000 	/usr/lib/libTelephonyUtilDynamic.dylib
0x000000001a359000 	/System/Library/PrivateFrameworks/WirelessDiagnostics.framework/Versions/A/Libraries/libprotobuf.dylib
0x0000000131e48000 	/System/Library/Extensions/AppleHDA.kext/Contents/PlugIns/AppleHDAHALPlugIn.bundle/Contents/MacOS/AppleHDAHALPlugIn
0x00000001473f6000 	/System/Library/Components/AudioCodecs.component/Contents/MacOS/AudioCodecs
0x000000001a359000 	/System/Library/PrivateFrameworks/AppleGVA.framework/Versions/A/AppleGVA
0x000000013da59000 	/System/Library/Extensions/AppleIntelHD5000GraphicsVADriver.bundle/Contents/MacOS/AppleIntelHD5000GraphicsVADriver
0x000000013dcc5000 	/System/Library/Extensions/AMDRadeonVADriver.bundle/Contents/MacOS/AMDRadeonVADriver
0x000000012aacf000 	/System/Library/Extensions/AppleIntelHSWVA.bundle/Contents/MacOS/AppleIntelHSWVA
0x0000000147a6f000 	/System/Library/Components/CoreAudio.component/Contents/MacOS/CoreAudio
0x000000001a359000 	/usr/lib/libsystemstats.dylib
0x000000001a359000 	/System/Library/PrivateFrameworks/SymptomReporter.framework/Versions/A/SymptomReporter

VM Arguments:
jvm_args: -javaagent:/Applications/IntelliJ IDEA.app/Contents/lib/idea_rt.jar=60834:/Applications/IntelliJ IDEA.app/Contents/bin -Dfile.encoding=UTF-8 
java_command: mainhotelapp.MainAppKotlin
java_class_path (initial): /Library/Java/JavaVirtualMachines/jdk1.8.0_161.jdk/Contents/Home/jre/lib/charsets.jar:/Library/Java/JavaVirtualMachines/jdk1.8.0_161.jdk/Contents/Home/jre/lib/deploy.jar:/Library/Java/JavaVirtualMachines/jdk1.8.0_161.jdk/Contents/Home/jre/lib/ext/cldrdata.jar:/Library/Java/JavaVirtualMachines/jdk1.8.0_161.jdk/Contents/Home/jre/lib/ext/dnsns.jar:/Library/Java/JavaVirtualMachines/jdk1.8.0_161.jdk/Contents/Home/jre/lib/ext/jaccess.jar:/Library/Java/JavaVirtualMachines/jdk1.8.0_161.jdk/Contents/Home/jre/lib/ext/jfxrt.jar:/Library/Java/JavaVirtualMachines/jdk1.8.0_161.jdk/Contents/Home/jre/lib/ext/localedata.jar:/Library/Java/JavaVirtualMachines/jdk1.8.0_161.jdk/Contents/Home/jre/lib/ext/nashorn.jar:/Library/Java/JavaVirtualMachines/jdk1.8.0_161.jdk/Contents/Home/jre/lib/ext/sunec.jar:/Library/Java/JavaVirtualMachines/jdk1.8.0_161.jdk/Contents/Home/jre/lib/ext/sunjce_provider.jar:/Library/Java/JavaVirtualMachines/jdk1.8.0_161.jdk/Contents/Home/jre/lib/ext/sunpkcs11.jar:/Library/Java/JavaVirtualMachines/jdk1.8.0_161.jdk/Contents/Home/jre/lib/ext/zipfs.jar:/Library/Java/JavaVirtualMachines/jdk1.8.0_161.jdk/Contents/Home/jre/lib/javaws.jar:/Library/Java/JavaVirtualMachines/jdk1.8.0_161.jdk/Contents/Home/jre/lib/jce.jar:/Library/Java/JavaVirtualMachines/jdk1.8.0_161.jdk/Contents/Home/jre/lib/jfr.jar:/Library/Java/JavaVirtualMachines/jdk1.8.0_161.jdk/Contents/Home/jre/lib/jfxswt.jar:/Library/Java/JavaVirtualMachines/jdk1.8.0_161.jdk/Contents/Home/jre/lib/jsse.jar:/Library/Java/JavaVirtualMachines/jdk1.8.0_161.jdk/Contents/Home/jre/lib/management-agent.jar:/Library/Java/JavaVirtualMachines/jdk1.8.0_161.jdk/Contents/Home/jre/lib/plugin.jar:/Library/Java/JavaVirtualMachines/jdk1.8.0_161.jdk/Contents/Home/jre/lib/resources.jar:/Library/Java/JavaVirtualMachines/jdk1.8.0_161.jdk/Contents/Home/jre/lib/rt.jar:/Library/Java/JavaVirtualMachines/jdk1.8.0_161.jdk/Contents/Home/lib/ant-javafx.jar:/Library/Java/JavaVirtualMachines/jdk1.8.0_161.jdk/Contents/Home
Launcher Type: SUN_STANDARD

Environment Variables:
PATH=/usr/local/bin:/usr/bin:/bin:/usr/sbin:/sbin
SHELL=/bin/bash

Signal Handlers:
SIGSEGV: [libjvm.dylib+0x5b5439], sa_mask[0]=11111111011111110111111111111111, sa_flags=SA_ONSTACK|SA_RESTART|SA_SIGINFO
SIGBUS: [libjvm.dylib+0x5b5439], sa_mask[0]=11111111011111110111111111111111, sa_flags=SA_RESTART|SA_SIGINFO
SIGFPE: [libjvm.dylib+0x48ae24], sa_mask[0]=11111111011111110111111111111111, sa_flags=SA_RESTART|SA_SIGINFO
SIGPIPE: [libjvm.dylib+0x48ae24], sa_mask[0]=11111111011111110111111111111111, sa_flags=SA_RESTART|SA_SIGINFO
SIGXFSZ: [libjvm.dylib+0x48ae24], sa_mask[0]=11111111011111110111111111111111, sa_flags=SA_RESTART|SA_SIGINFO
SIGILL: [libjvm.dylib+0x48ae24], sa_mask[0]=11111111011111110111111111111111, sa_flags=SA_RESTART|SA_SIGINFO
SIGUSR1: SIG_DFL, sa_mask[0]=00000000000000000000000000000000, sa_flags=none
SIGUSR2: [libjvm.dylib+0x48a942], sa_mask[0]=00100000000000000000000000000000, sa_flags=SA_RESTART|SA_SIGINFO
SIGHUP: [libjvm.dylib+0x488f0d], sa_mask[0]=11111111011111110111111111111111, sa_flags=SA_RESTART|SA_SIGINFO
SIGINT: [libjvm.dylib+0x488f0d], sa_mask[0]=11111111011111110111111111111111, sa_flags=SA_RESTART|SA_SIGINFO
SIGTERM: [libjvm.dylib+0x488f0d], sa_mask[0]=11111111011111110111111111111111, sa_flags=SA_RESTART|SA_SIGINFO
SIGQUIT: [libjvm.dylib+0x488f0d], sa_mask[0]=11111111011111110111111111111111, sa_flags=SA_RESTART|SA_SIGINFO


---------------  S Y S T E M  ---------------

OS:Bsduname:Darwin 17.4.0 Darwin Kernel Version 17.4.0: Sun Dec 17 09:19:54 PST 2017; root:xnu-4570.41.2~1/RELEASE_X86_64 x86_64
rlimit: STACK 8192k, CORE 0k, NPROC 1418, NOFILE 12544, AS infinity
load average:2.27 2.27 2.38

CPU:total 8 (initial active 8) (4 cores per cpu, 2 threads per core) family 6 model 70 stepping 1, cmov, cx8, fxsr, mmx, sse, sse2, sse3, ssse3, sse4.1, sse4.2, popcnt, avx, avx2, aes, clmul, erms, lzcnt, ht, tsc, tscinvbit, bmi1, bmi2

Memory: 4k page, physical 16777216k(2408236k free)

/proc/meminfo:


vm_info: Java HotSpot(TM) 64-Bit Server VM (25.161-b12) for bsd-amd64 JRE (1.8.0_161-b12), built on Dec 19 2017 16:22:20 by "java_re" with gcc 4.2.1 (Based on Apple Inc. build 5658) (LLVM build 2336.11.00)

time: Sun Mar  4 16:26:29 2018
elapsed time: 401 seconds (0d 0h 6m 41s)

